This file contains any messages produced by compilers while
running configure, to aid debugging if configure makes a mistake.

It was created by Berkeley DB configure 4.1.25, which was
generated by GNU Autoconf 2.57.  Invocation command line was

  $ ./configure --prefix=/home/evolution-dist/ --enable-maintainer-mode --prefix=/home/evolution-dist/ --enable-gtk-doc --cache-file=/dev/null --srcdir=.

## --------- ##
## Platform. ##
## --------- ##

hostname = petrosian
uname -m = i686
uname -r = 2.6.5-7.111.30-default
uname -s = Linux
uname -v = #1 Fri Jan 14 12:58:46 UTC 2005

/usr/bin/uname -p = unknown
/bin/uname -X     = unknown

/bin/arch              = i686
/usr/bin/arch -k       = unknown
/usr/convex/getsysinfo = unknown
hostinfo               = unknown
/bin/machine           = unknown
/usr/bin/oslevel       = unknown
/bin/universe          = unknown

PATH: /home/evolution-dist/bin
PATH: /usr/local/bin
PATH: /usr/bin
PATH: /usr/X11R6/bin
PATH: /bin
PATH: /usr/games
PATH: /opt/gnome/bin
PATH: /opt/kde3/bin
PATH: /usr/lib/java/bin
PATH: /home/evolution-dist/bin
PATH: /home/evolution-dist/bin


## ----------- ##
## Core tests. ##
## ----------- ##

configure:1521: checking build system type
configure:1539: result: i686-pc-linux-gnu
configure:1547: checking host system type
configure:1561: result: i686-pc-linux-gnu
configure:1584: checking if building in the top-level directory
configure:1591: result: no
configure:1677: checking if --enable-compat185 option specified
configure:1686: result: no
configure:1689: checking if --enable-cxx option specified
configure:1698: result: no
configure:1701: checking if --enable-debug option specified
configure:1710: result: no
configure:1713: checking if --enable-debug_rop option specified
configure:1722: result: no
configure:1725: checking if --enable-debug_wop option specified
configure:1734: result: no
configure:1737: checking if --enable-diagnostic option specified
configure:1746: result: no
configure:1749: checking if --enable-dump185 option specified
configure:1758: result: no
configure:1761: checking if --enable-java option specified
configure:1770: result: no
configure:1773: checking if --enable-pthreadsmutexes option specified
configure:1784: result: yes
configure:1790: checking if --enable-posixmutexes option specified
configure:1799: result: no
configure:1802: checking if --enable-rpc option specified
configure:1811: result: no
configure:1814: checking if --enable-tcl option specified
configure:1823: result: no
configure:1826: checking if --enable-test option specified
configure:1835: result: no
configure:1838: checking if --enable-uimutexes option specified
configure:1847: result: no
configure:1850: checking if --enable-umrw option specified
configure:1859: result: no
configure:1862: checking if --with-embedix=DIR option specified
configure:1874: result: no
configure:1887: checking if --with-mutex=MUTEX option specified
configure:1905: result: no
configure:1908: checking if --with-rpm=DIR option specified
configure:1929: result: no
configure:1932: checking if --with-tcl=DIR option specified
configure:1942: result: no
configure:1948: checking if --with-uniquename=NAME option specified
configure:1967: result: _eds
configure:2076: checking for ar
configure:2092: found /usr/bin/ar
configure:2103: result: ar
configure:2162: checking for chmod
configure:2178: found /bin/chmod
configure:2189: result: chmod
configure:2248: checking for cp
configure:2264: found /bin/cp
configure:2275: result: cp
configure:2461: checking for ln
configure:2477: found /bin/ln
configure:2488: result: ln
configure:2547: checking for mkdir
configure:2563: found /bin/mkdir
configure:2574: result: mkdir
configure:2635: checking for ranlib
configure:2651: found /usr/bin/ranlib
configure:2662: result: ranlib
configure:2676: checking for ranlib
configure:2694: found /usr/bin/ranlib
configure:2707: result: /usr/bin/ranlib
configure:2756: checking for rm
configure:2772: found /bin/rm
configure:2783: result: rm
configure:2932: checking for sh
configure:2948: found /bin/sh
configure:2959: result: sh
configure:2973: checking for sh
configure:2991: found /bin/sh
configure:3004: result: /bin/sh
configure:3062: checking for strip
configure:3078: found /usr/bin/strip
configure:3089: result: strip
configure:3103: checking for strip
configure:3121: found /usr/bin/strip
configure:3134: result: /usr/bin/strip
configure:3244: checking for a BSD-compatible install
configure:3298: result: /home/evolution-dist/bin/install-check
configure:3455: checking for cc
configure:3471: found /usr/bin/cc
configure:3481: result: cc
configure:3502: checking for C compiler version
configure:3505: cc --version </dev/null >&5
cc (GCC) 3.3.3 (SuSE Linux)
Copyright (C) 2003 Free Software Foundation, Inc.
This is free software; see the source for copying conditions.  There is NO
warranty; not even for MERCHANTABILITY or FITNESS FOR A PARTICULAR PURPOSE.

configure:3508: $? = 0
configure:3510: cc -v </dev/null >&5
Reading specs from /usr/lib/gcc-lib/i586-suse-linux/3.3.3/specs
Configured with: ../configure --enable-threads=posix --prefix=/usr --with-local-prefix=/usr/local --infodir=/usr/share/info --mandir=/usr/share/man --enable-languages=c,c++,f77,objc,java,ada --disable-checking --libdir=/usr/lib --enable-libgcj --with-gxx-include-dir=/usr/include/g++ --with-slibdir=/lib --with-system-zlib --enable-shared --enable-__cxa_atexit i586-suse-linux
Thread model: posix
gcc version 3.3.3 (SuSE Linux)
configure:3513: $? = 0
configure:3515: cc -V </dev/null >&5
cc: `-V' option must have argument
configure:3518: $? = 1
configure:3542: checking for C compiler default output
configure:3545: cc -O2  -D_GNU_SOURCE -D_REENTRANT  conftest.c  >&5
configure:3548: $? = 0
configure:3594: result: a.out
configure:3599: checking whether the C compiler works
configure:3605: ./a.out
configure:3608: $? = 0
configure:3625: result: yes
configure:3632: checking whether we are cross compiling
configure:3634: result: no
configure:3637: checking for suffix of executables
configure:3639: cc -o conftest -O2  -D_GNU_SOURCE -D_REENTRANT  conftest.c  >&5
configure:3642: $? = 0
configure:3667: result: 
configure:3673: checking for suffix of object files
configure:3695: cc -c -O2  -D_GNU_SOURCE -D_REENTRANT conftest.c >&5
configure:3698: $? = 0
configure:3720: result: o
configure:3724: checking whether we are using the GNU C compiler
configure:3749: cc -c -O2  -D_GNU_SOURCE -D_REENTRANT conftest.c >&5
configure:3752: $? = 0
configure:3755: test -s conftest.o
configure:3758: $? = 0
configure:3771: result: yes
configure:3777: checking whether cc accepts -g
configure:3799: cc -c -g  -D_GNU_SOURCE -D_REENTRANT conftest.c >&5
configure:3802: $? = 0
configure:3805: test -s conftest.o
configure:3808: $? = 0
configure:3819: result: yes
configure:3836: checking for cc option to accept ANSI C
configure:3897: cc  -c -O2  -D_GNU_SOURCE -D_REENTRANT conftest.c >&5
configure:3900: $? = 0
configure:3903: test -s conftest.o
configure:3906: $? = 0
configure:3924: result: none needed
configure:3942: cc -c -O2  -D_GNU_SOURCE -D_REENTRANT conftest.c >&5
conftest.c:2: error: parse error before "me"
configure:3945: $? = 1
configure: failed program was:
| #ifndef __cplusplus
|   choke me
| #endif
configure:4864: checking whether we are using gcc version 2.96
configure:4879: result: no
configure:4890: checking whether g++ requires -fhandle-exceptions
configure:4905: result: no
configure:5018: checking for ld used by GCC
configure:5081: result: /usr/i586-suse-linux/bin/ld
configure:5090: checking if the linker (/usr/i586-suse-linux/bin/ld) is GNU ld
GNU ld version 2.15.90.0.1.1 20040303 (SuSE Linux)
configure:5102: result: yes
configure:5107: checking for /usr/i586-suse-linux/bin/ld option to reload object files
configure:5114: result: -r
configure:5119: checking for BSD-compatible nm
configure:5155: result: /usr/bin/nm -B
configure:5158: checking whether ln -s works
configure:5162: result: yes
configure:5169: checking how to recognise dependant libraries
configure:5351: result: pass_all
configure:5364: checking command to parse /usr/bin/nm -B output
configure:5445: cc -c -O2  -D_GNU_SOURCE -D_REENTRANT conftest.c >&5
configure:5448: $? = 0
configure:5452: /usr/bin/nm -B conftest.o \| sed -n -e 's/^.*[ 	]\([ABCDGISTW][ABCDGISTW]*\)[ 	][ 	]*\(\)\([_A-Za-z][_A-Za-z0-9]*\)$/\1 \2\3 \3/p' \> conftest.nm
configure:5455: $? = 0
configure:5507: cc -o conftest -O2  -D_GNU_SOURCE -D_REENTRANT  conftest.c conftstm.o >&5
configure:5510: $? = 0
configure:5554: result: ok
configure:5563: checking how to run the C preprocessor
configure:5599: cc -E  -D_GNU_SOURCE -D_REENTRANT conftest.c
configure:5605: $? = 0
configure:5637: cc -E  -D_GNU_SOURCE -D_REENTRANT conftest.c
configure:5636:28: ac_nonexistent.h: No such file or directory
configure:5643: $? = 1
configure: failed program was:
| #line 5628 "configure"
| /* confdefs.h.  */
| 
| #define PACKAGE_NAME "Berkeley DB"
| #define PACKAGE_TARNAME "db-4.1.25"
| #define PACKAGE_VERSION "4.1.25"
| #define PACKAGE_STRING "Berkeley DB 4.1.25"
| #define PACKAGE_BUGREPORT "support@sleepycat.com"
| /* end confdefs.h.  */
| #include <ac_nonexistent.h>
configure:5681: result: cc -E
configure:5706: cc -E  -D_GNU_SOURCE -D_REENTRANT conftest.c
configure:5712: $? = 0
configure:5744: cc -E  -D_GNU_SOURCE -D_REENTRANT conftest.c
configure:5743:28: ac_nonexistent.h: No such file or directory
configure:5750: $? = 1
configure: failed program was:
| #line 5735 "configure"
| /* confdefs.h.  */
| 
| #define PACKAGE_NAME "Berkeley DB"
| #define PACKAGE_TARNAME "db-4.1.25"
| #define PACKAGE_VERSION "4.1.25"
| #define PACKAGE_STRING "Berkeley DB 4.1.25"
| #define PACKAGE_BUGREPORT "support@sleepycat.com"
| /* end confdefs.h.  */
| #include <ac_nonexistent.h>
configure:5793: checking for egrep
configure:5803: result: grep -E
configure:5808: checking for ANSI C header files
configure:5834: cc -c -O2  -D_GNU_SOURCE -D_REENTRANT conftest.c >&5
configure:5837: $? = 0
configure:5840: test -s conftest.o
configure:5843: $? = 0
configure:5932: cc -o conftest -O2  -D_GNU_SOURCE -D_REENTRANT  conftest.c  >&5
configure:5935: $? = 0
configure:5937: ./conftest
configure:5940: $? = 0
configure:5955: result: yes
configure:5979: checking for sys/types.h
configure:5996: cc -c -O2  -D_GNU_SOURCE -D_REENTRANT conftest.c >&5
configure:5999: $? = 0
configure:6002: test -s conftest.o
configure:6005: $? = 0
configure:6016: result: yes
configure:5979: checking for sys/stat.h
configure:5996: cc -c -O2  -D_GNU_SOURCE -D_REENTRANT conftest.c >&5
configure:5999: $? = 0
configure:6002: test -s conftest.o
configure:6005: $? = 0
configure:6016: result: yes
configure:5979: checking for stdlib.h
configure:5996: cc -c -O2  -D_GNU_SOURCE -D_REENTRANT conftest.c >&5
configure:5999: $? = 0
configure:6002: test -s conftest.o
configure:6005: $? = 0
configure:6016: result: yes
configure:5979: checking for string.h
configure:5996: cc -c -O2  -D_GNU_SOURCE -D_REENTRANT conftest.c >&5
configure:5999: $? = 0
configure:6002: test -s conftest.o
configure:6005: $? = 0
configure:6016: result: yes
configure:5979: checking for memory.h
configure:5996: cc -c -O2  -D_GNU_SOURCE -D_REENTRANT conftest.c >&5
configure:5999: $? = 0
configure:6002: test -s conftest.o
configure:6005: $? = 0
configure:6016: result: yes
configure:5979: checking for strings.h
configure:5996: cc -c -O2  -D_GNU_SOURCE -D_REENTRANT conftest.c >&5
configure:5999: $? = 0
configure:6002: test -s conftest.o
configure:6005: $? = 0
configure:6016: result: yes
configure:5979: checking for inttypes.h
configure:5996: cc -c -O2  -D_GNU_SOURCE -D_REENTRANT conftest.c >&5
configure:5999: $? = 0
configure:6002: test -s conftest.o
configure:6005: $? = 0
configure:6016: result: yes
configure:5979: checking for stdint.h
configure:5996: cc -c -O2  -D_GNU_SOURCE -D_REENTRANT conftest.c >&5
configure:5999: $? = 0
configure:6002: test -s conftest.o
configure:6005: $? = 0
configure:6016: result: yes
configure:5979: checking for unistd.h
configure:5996: cc -c -O2  -D_GNU_SOURCE -D_REENTRANT conftest.c >&5
configure:5999: $? = 0
configure:6002: test -s conftest.o
configure:6005: $? = 0
configure:6016: result: yes
configure:6042: checking dlfcn.h usability
configure:6055: cc -c -O2  -D_GNU_SOURCE -D_REENTRANT conftest.c >&5
configure:6058: $? = 0
configure:6061: test -s conftest.o
configure:6064: $? = 0
configure:6074: result: yes
configure:6078: checking dlfcn.h presence
configure:6089: cc -E  -D_GNU_SOURCE -D_REENTRANT conftest.c
configure:6095: $? = 0
configure:6114: result: yes
configure:6150: checking for dlfcn.h
configure:6157: result: yes
configure:6354: checking for ranlib
configure:6370: found /usr/bin/ranlib
configure:6381: result: ranlib
configure:6434: checking for strip
configure:6450: found /usr/bin/strip
configure:6461: result: strip
configure:6673: checking for objdir
configure:6684: result: .libs
configure:6705: checking for cc option to produce PIC
configure:6855: result: -fPIC
configure:6859: checking if cc PIC flag -fPIC works
configure:6883: cc -c -O2 -fPIC -DPIC  -D_GNU_SOURCE -D_REENTRANT conftest.c >&5
configure:6886: $? = 0
configure:6889: test -s conftest.o
configure:6892: $? = 0
configure:6930: result: yes
configure:6950: checking if cc static flag -static works
configure:6975: cc -o conftest -O2  -D_GNU_SOURCE -D_REENTRANT  -static conftest.c  >&5
configure:6978: $? = 0
configure:6981: test -s conftest
configure:6984: $? = 0
configure:7000: result: yes
configure:7016: checking if cc supports -c -o file.o
configure:7039: cc -c -O2 -o out/conftest2.o  -D_GNU_SOURCE -D_REENTRANT conftest.c >&5
configure:7060: result: yes
configure:7065: checking if cc supports -c -o file.lo
configure:7093: cc -c -O2 -c -o conftest.lo  -D_GNU_SOURCE -D_REENTRANT conftest.c >&5
configure:7096: $? = 0
configure:7099: test -s conftest.lo
configure:7102: $? = 0
configure:7124: result: yes
configure:7163: checking if cc supports -fno-rtti -fno-exceptions
configure:7186: cc -c -O2 -fno-rtti -fno-exceptions -c conftest.c  -D_GNU_SOURCE -D_REENTRANT conftest.c >&5
cc1: warning: "-fno-rtti" is valid for C++ but not for C/ObjC
cc1: warning: "-fno-rtti" is valid for C++ but not for C/ObjC
configure:7189: $? = 0
configure:7192: test -s conftest.o
configure:7195: $? = 0
configure:7212: result: yes
configure:7227: checking whether the linker (/usr/i586-suse-linux/bin/ld) supports shared libraries
configure:7954: result: yes
configure:7963: checking how to hardcode library paths into programs
configure:7987: result: immediate
configure:7996: checking whether stripping libraries is possible
configure:8001: result: yes
configure:8016: checking dynamic linker characteristics
configure:8428: result: GNU/Linux ld.so
configure:8437: checking if libtool supports shared libraries
configure:8439: result: yes
configure:8446: checking whether to build shared libraries
configure:8467: result: yes
configure:8474: checking whether to build static libraries
configure:8478: result: yes
configure:9156: checking whether -lc should be explicitly linked in
configure:9164: cc -c -O2  -D_GNU_SOURCE -D_REENTRANT conftest.c >&5
configure:9167: $? = 0
configure:9181: cc -shared conftest.o  -v -Wl,-soname -Wl,conftest -o conftest 2\>\&1 \| grep  -lc  \>/dev/null 2\>\&1
configure:9184: $? = 0
configure:9197: result: no
configure:9779: checking SOSUFFIX from libtool
configure:9801: result: so
configure:9806: checking MODSUFFIX from libtool
configure:9828: result: so
configure:9833: checking JMODSUFFIX from libtool
configure:9855: result: so
configure:10681: checking for an ANSI C-conforming const
configure:10749: cc -c -O2  -D_GNU_SOURCE -D_REENTRANT conftest.c >&5
configure:10752: $? = 0
configure:10755: test -s conftest.o
configure:10758: $? = 0
configure:10769: result: yes
configure:10781: checking whether stat file-mode macros are broken
configure:10830: result: no
configure:10840: checking whether time.h and sys/time.h may both be included
configure:10866: cc -c -O2  -D_GNU_SOURCE -D_REENTRANT conftest.c >&5
configure:10869: $? = 0
configure:10872: test -s conftest.o
configure:10875: $? = 0
configure:10886: result: yes
configure:10904: checking for dirent.h that defines DIR
configure:10929: cc -c -O2  -D_GNU_SOURCE -D_REENTRANT conftest.c >&5
configure:10932: $? = 0
configure:10935: test -s conftest.o
configure:10938: $? = 0
configure:10949: result: yes
configure:10962: checking for library containing opendir
configure:10993: cc -o conftest -O2  -D_GNU_SOURCE -D_REENTRANT  conftest.c  >&5
configure:10996: $? = 0
configure:10999: test -s conftest
configure:11002: $? = 0
configure:11061: result: none required
configure:11192: checking sys/select.h usability
configure:11205: cc -c -O2  -D_GNU_SOURCE -D_REENTRANT conftest.c >&5
configure:11208: $? = 0
configure:11211: test -s conftest.o
configure:11214: $? = 0
configure:11224: result: yes
configure:11228: checking sys/select.h presence
configure:11239: cc -E  -D_GNU_SOURCE -D_REENTRANT conftest.c
configure:11245: $? = 0
configure:11264: result: yes
configure:11300: checking for sys/select.h
configure:11307: result: yes
configure:11192: checking sys/time.h usability
configure:11205: cc -c -O2  -D_GNU_SOURCE -D_REENTRANT conftest.c >&5
configure:11208: $? = 0
configure:11211: test -s conftest.o
configure:11214: $? = 0
configure:11224: result: yes
configure:11228: checking sys/time.h presence
configure:11239: cc -E  -D_GNU_SOURCE -D_REENTRANT conftest.c
configure:11245: $? = 0
configure:11264: result: yes
configure:11300: checking for sys/time.h
configure:11307: result: yes
configure:11320: checking for struct stat.st_blksize
configure:11344: cc -c -O2  -D_GNU_SOURCE -D_REENTRANT conftest.c >&5
configure:11347: $? = 0
configure:11350: test -s conftest.o
configure:11353: $? = 0
configure:11401: result: yes
configure:11416: checking for char
configure:11444: cc -c -O2  -D_GNU_SOURCE -D_REENTRANT conftest.c >&5
configure:11447: $? = 0
configure:11450: test -s conftest.o
configure:11453: $? = 0
configure:11464: result: yes
configure:11467: checking size of char
configure:11760: cc -o conftest -O2  -D_GNU_SOURCE -D_REENTRANT  conftest.c  >&5
configure:11763: $? = 0
configure:11765: ./conftest
configure:11768: $? = 0
configure:11791: result: 1
configure:11798: checking for unsigned char
configure:11826: cc -c -O2  -D_GNU_SOURCE -D_REENTRANT conftest.c >&5
configure:11829: $? = 0
configure:11832: test -s conftest.o
configure:11835: $? = 0
configure:11846: result: yes
configure:11849: checking size of unsigned char
configure:12142: cc -o conftest -O2  -D_GNU_SOURCE -D_REENTRANT  conftest.c  >&5
configure:12145: $? = 0
configure:12147: ./conftest
configure:12150: $? = 0
configure:12173: result: 1
configure:12180: checking for short
configure:12208: cc -c -O2  -D_GNU_SOURCE -D_REENTRANT conftest.c >&5
configure:12211: $? = 0
configure:12214: test -s conftest.o
configure:12217: $? = 0
configure:12228: result: yes
configure:12231: checking size of short
configure:12524: cc -o conftest -O2  -D_GNU_SOURCE -D_REENTRANT  conftest.c  >&5
configure:12527: $? = 0
configure:12529: ./conftest
configure:12532: $? = 0
configure:12555: result: 2
configure:12562: checking for unsigned short
configure:12590: cc -c -O2  -D_GNU_SOURCE -D_REENTRANT conftest.c >&5
configure:12593: $? = 0
configure:12596: test -s conftest.o
configure:12599: $? = 0
configure:12610: result: yes
configure:12613: checking size of unsigned short
configure:12906: cc -o conftest -O2  -D_GNU_SOURCE -D_REENTRANT  conftest.c  >&5
configure:12909: $? = 0
configure:12911: ./conftest
configure:12914: $? = 0
configure:12937: result: 2
configure:12944: checking for int
configure:12972: cc -c -O2  -D_GNU_SOURCE -D_REENTRANT conftest.c >&5
configure:12975: $? = 0
configure:12978: test -s conftest.o
configure:12981: $? = 0
configure:12992: result: yes
configure:12995: checking size of int
configure:13288: cc -o conftest -O2  -D_GNU_SOURCE -D_REENTRANT  conftest.c  >&5
configure:13291: $? = 0
configure:13293: ./conftest
configure:13296: $? = 0
configure:13319: result: 4
configure:13326: checking for unsigned int
configure:13354: cc -c -O2  -D_GNU_SOURCE -D_REENTRANT conftest.c >&5
configure:13357: $? = 0
configure:13360: test -s conftest.o
configure:13363: $? = 0
configure:13374: result: yes
configure:13377: checking size of unsigned int
configure:13670: cc -o conftest -O2  -D_GNU_SOURCE -D_REENTRANT  conftest.c  >&5
configure:13673: $? = 0
configure:13675: ./conftest
configure:13678: $? = 0
configure:13701: result: 4
configure:13708: checking for long
configure:13736: cc -c -O2  -D_GNU_SOURCE -D_REENTRANT conftest.c >&5
configure:13739: $? = 0
configure:13742: test -s conftest.o
configure:13745: $? = 0
configure:13756: result: yes
configure:13759: checking size of long
configure:14052: cc -o conftest -O2  -D_GNU_SOURCE -D_REENTRANT  conftest.c  >&5
configure:14055: $? = 0
configure:14057: ./conftest
configure:14060: $? = 0
configure:14083: result: 4
configure:14090: checking for unsigned long
configure:14118: cc -c -O2  -D_GNU_SOURCE -D_REENTRANT conftest.c >&5
configure:14121: $? = 0
configure:14124: test -s conftest.o
configure:14127: $? = 0
configure:14138: result: yes
configure:14141: checking size of unsigned long
configure:14434: cc -o conftest -O2  -D_GNU_SOURCE -D_REENTRANT  conftest.c  >&5
configure:14437: $? = 0
configure:14439: ./conftest
configure:14442: $? = 0
configure:14465: result: 4
configure:14472: checking for size_t
configure:14500: cc -c -O2  -D_GNU_SOURCE -D_REENTRANT conftest.c >&5
configure:14503: $? = 0
configure:14506: test -s conftest.o
configure:14509: $? = 0
configure:14520: result: yes
configure:14523: checking size of size_t
configure:14816: cc -o conftest -O2  -D_GNU_SOURCE -D_REENTRANT  conftest.c  >&5
configure:14819: $? = 0
configure:14821: ./conftest
configure:14824: $? = 0
configure:14847: result: 4
configure:14854: checking for char *
configure:14882: cc -c -O2  -D_GNU_SOURCE -D_REENTRANT conftest.c >&5
configure:14885: $? = 0
configure:14888: test -s conftest.o
configure:14891: $? = 0
configure:14902: result: yes
configure:14905: checking size of char *
configure:15198: cc -o conftest -O2  -D_GNU_SOURCE -D_REENTRANT  conftest.c  >&5
configure:15201: $? = 0
configure:15203: ./conftest
configure:15206: $? = 0
configure:15229: result: 4
configure:15239: checking for off_t
configure:15267: cc -c -O2  -D_GNU_SOURCE -D_REENTRANT conftest.c >&5
configure:15270: $? = 0
configure:15273: test -s conftest.o
configure:15276: $? = 0
configure:15287: result: yes
configure:15296: checking for size_t
configure:15344: result: yes
configure:15356: checking for u_char
configure:15384: cc -c -O2  -D_GNU_SOURCE -D_REENTRANT conftest.c >&5
configure:15387: $? = 0
configure:15390: test -s conftest.o
configure:15393: $? = 0
configure:15404: result: yes
configure:15412: checking for u_short
configure:15440: cc -c -O2  -D_GNU_SOURCE -D_REENTRANT conftest.c >&5
configure:15443: $? = 0
configure:15446: test -s conftest.o
configure:15449: $? = 0
configure:15460: result: yes
configure:15468: checking for u_int
configure:15496: cc -c -O2  -D_GNU_SOURCE -D_REENTRANT conftest.c >&5
configure:15499: $? = 0
configure:15502: test -s conftest.o
configure:15505: $? = 0
configure:15516: result: yes
configure:15524: checking for u_long
configure:15552: cc -c -O2  -D_GNU_SOURCE -D_REENTRANT conftest.c >&5
configure:15555: $? = 0
configure:15558: test -s conftest.o
configure:15561: $? = 0
configure:15572: result: yes
configure:15580: checking for u_int8_t
configure:15608: cc -c -O2  -D_GNU_SOURCE -D_REENTRANT conftest.c >&5
configure:15611: $? = 0
configure:15614: test -s conftest.o
configure:15617: $? = 0
configure:15628: result: yes
configure:15650: checking for u_int16_t
configure:15678: cc -c -O2  -D_GNU_SOURCE -D_REENTRANT conftest.c >&5
configure:15681: $? = 0
configure:15684: test -s conftest.o
configure:15687: $? = 0
configure:15698: result: yes
configure:15720: checking for int16_t
configure:15748: cc -c -O2  -D_GNU_SOURCE -D_REENTRANT conftest.c >&5
configure:15751: $? = 0
configure:15754: test -s conftest.o
configure:15757: $? = 0
configure:15768: result: yes
configure:15790: checking for u_int32_t
configure:15818: cc -c -O2  -D_GNU_SOURCE -D_REENTRANT conftest.c >&5
configure:15821: $? = 0
configure:15824: test -s conftest.o
configure:15827: $? = 0
configure:15838: result: yes
configure:15860: checking for int32_t
configure:15888: cc -c -O2  -D_GNU_SOURCE -D_REENTRANT conftest.c >&5
configure:15891: $? = 0
configure:15894: test -s conftest.o
configure:15897: $? = 0
configure:15908: result: yes
configure:15932: checking for ssize_t
configure:15960: cc -c -O2  -D_GNU_SOURCE -D_REENTRANT conftest.c >&5
configure:15963: $? = 0
configure:15966: test -s conftest.o
configure:15969: $? = 0
configure:15980: result: yes
configure:16003: checking for unsigned long long
configure:16031: cc -c -O2  -D_GNU_SOURCE -D_REENTRANT conftest.c >&5
configure:16034: $? = 0
configure:16037: test -s conftest.o
configure:16040: $? = 0
configure:16051: result: yes
configure:16080: checking for ANSI C exit success/failure values
configure:16103: cc -c -O2  -D_GNU_SOURCE -D_REENTRANT conftest.c >&5
configure:16106: $? = 0
configure:16109: test -s conftest.o
configure:16112: $? = 0
configure:16123: result: yes
configure:16137: checking for sched_yield
configure:16187: cc -o conftest -O2  -D_GNU_SOURCE -D_REENTRANT  conftest.c  >&5
configure:16190: $? = 0
configure:16193: test -s conftest
configure:16196: $? = 0
configure:16207: result: yes
configure:16328: checking for main in -lpthread
configure:16353: cc -o conftest -O2  -D_GNU_SOURCE -D_REENTRANT  conftest.c -lpthread   >&5
configure:16356: $? = 0
configure:16359: test -s conftest
configure:16362: $? = 0
configure:16374: result: yes
configure:16385: checking for main in -lm
configure:16410: cc -o conftest -O2  -D_GNU_SOURCE -D_REENTRANT  conftest.c -lm   >&5
configure:16413: $? = 0
configure:16416: test -s conftest
configure:16419: $? = 0
configure:16431: result: yes
configure:16438: checking for main in -lsocket
configure:16463: cc -o conftest -O2  -D_GNU_SOURCE -D_REENTRANT  conftest.c -lsocket   >&5
/usr/lib/gcc-lib/i586-suse-linux/3.3.3/../../../../i586-suse-linux/bin/ld: cannot find -lsocket
collect2: ld returned 1 exit status
configure:16466: $? = 1
configure: failed program was:
| #line 16445 "configure"
| /* confdefs.h.  */
| 
| #define PACKAGE_NAME "Berkeley DB"
| #define PACKAGE_TARNAME "db-4.1.25"
| #define PACKAGE_VERSION "4.1.25"
| #define PACKAGE_STRING "Berkeley DB 4.1.25"
| #define PACKAGE_BUGREPORT "support@sleepycat.com"
| #define STDC_HEADERS 1
| #define HAVE_SYS_TYPES_H 1
| #define HAVE_SYS_STAT_H 1
| #define HAVE_STDLIB_H 1
| #define HAVE_STRING_H 1
| #define HAVE_MEMORY_H 1
| #define HAVE_STRINGS_H 1
| #define HAVE_INTTYPES_H 1
| #define HAVE_STDINT_H 1
| #define HAVE_UNISTD_H 1
| #define HAVE_DLFCN_H 1
| #define TIME_WITH_SYS_TIME 1
| #define HAVE_DIRENT_H 1
| #define HAVE_SYS_SELECT_H 1
| #define HAVE_SYS_TIME_H 1
| #define HAVE_STRUCT_STAT_ST_BLKSIZE 1
| #define SIZEOF_CHAR 1
| #define SIZEOF_UNSIGNED_CHAR 1
| #define SIZEOF_SHORT 2
| #define SIZEOF_UNSIGNED_SHORT 2
| #define SIZEOF_INT 4
| #define SIZEOF_UNSIGNED_INT 4
| #define SIZEOF_LONG 4
| #define SIZEOF_UNSIGNED_LONG 4
| #define SIZEOF_SIZE_T 4
| #define SIZEOF_CHAR_P 4
| #define HAVE_EXIT_SUCCESS 1
| /* end confdefs.h.  */
| 
| 
| int
| main ()
| {
| main ();
|   ;
|   return 0;
| }
configure:16484: result: no
configure:16491: checking for main in -lnsl
configure:16516: cc -o conftest -O2  -D_GNU_SOURCE -D_REENTRANT  conftest.c -lnsl   >&5
configure:16519: $? = 0
configure:16522: test -s conftest
configure:16525: $? = 0
configure:16537: result: yes
configure:16558: checking for mutexes
configure:16635: cc -o conftest -O2  -D_GNU_SOURCE -D_REENTRANT  conftest.c  >&5
configure:16645:19: synch.h: No such file or directory
configure: In function `main':
configure:16650: error: syntax error before "mi"
configure:16651: error: syntax error before "ci"
configure:16652: error: `lwp_mutex_t' undeclared (first use in this function)
configure:16652: error: (Each undeclared identifier is reported only once
configure:16652: error: for each function it appears in.)
configure:16653: error: `lwp_cond_t' undeclared (first use in this function)
configure:16655: error: `mutex' undeclared (first use in this function)
configure:16638: $? = 1
configure: failed program was:
| #line 16609 "configure"
| /* confdefs.h.  */
| 
| #define PACKAGE_NAME "Berkeley DB"
| #define PACKAGE_TARNAME "db-4.1.25"
| #define PACKAGE_VERSION "4.1.25"
| #define PACKAGE_STRING "Berkeley DB 4.1.25"
| #define PACKAGE_BUGREPORT "support@sleepycat.com"
| #define STDC_HEADERS 1
| #define HAVE_SYS_TYPES_H 1
| #define HAVE_SYS_STAT_H 1
| #define HAVE_STDLIB_H 1
| #define HAVE_STRING_H 1
| #define HAVE_MEMORY_H 1
| #define HAVE_STRINGS_H 1
| #define HAVE_INTTYPES_H 1
| #define HAVE_STDINT_H 1
| #define HAVE_UNISTD_H 1
| #define HAVE_DLFCN_H 1
| #define TIME_WITH_SYS_TIME 1
| #define HAVE_DIRENT_H 1
| #define HAVE_SYS_SELECT_H 1
| #define HAVE_SYS_TIME_H 1
| #define HAVE_STRUCT_STAT_ST_BLKSIZE 1
| #define SIZEOF_CHAR 1
| #define SIZEOF_UNSIGNED_CHAR 1
| #define SIZEOF_SHORT 2
| #define SIZEOF_UNSIGNED_SHORT 2
| #define SIZEOF_INT 4
| #define SIZEOF_UNSIGNED_INT 4
| #define SIZEOF_LONG 4
| #define SIZEOF_UNSIGNED_LONG 4
| #define SIZEOF_SIZE_T 4
| #define SIZEOF_CHAR_P 4
| #define HAVE_EXIT_SUCCESS 1
| /* end confdefs.h.  */
| 
| #include <synch.h>
| int
| main ()
| {
| 
| 	static lwp_mutex_t mi = SHAREDMUTEX;
| 	static lwp_cond_t ci = SHAREDCV;
| 	lwp_mutex_t mutex = mi;
| 	lwp_cond_t cond = ci;
| 	exit (
| 	_lwp_mutex_lock(&mutex) ||
| 	_lwp_mutex_unlock(&mutex));
| 
|   ;
|   return 0;
| }
configure:16687: cc -o conftest -O2  -D_GNU_SOURCE -D_REENTRANT  conftest.c  >&5
configure:16695:20: thread.h: No such file or directory
configure:16696:19: synch.h: No such file or directory
configure: In function `main':
configure:16701: error: `mutex_t' undeclared (first use in this function)
configure:16701: error: (Each undeclared identifier is reported only once
configure:16701: error: for each function it appears in.)
configure:16701: error: parse error before "mutex"
configure:16702: error: `cond_t' undeclared (first use in this function)
configure:16703: error: `USYNC_PROCESS' undeclared (first use in this function)
configure:16705: error: `mutex' undeclared (first use in this function)
configure:16705: error: `NULL' undeclared (first use in this function)
configure:16706: error: `cond' undeclared (first use in this function)
configure:16690: $? = 1
configure: failed program was:
| #line 16659 "configure"
| /* confdefs.h.  */
| 
| #define PACKAGE_NAME "Berkeley DB"
| #define PACKAGE_TARNAME "db-4.1.25"
| #define PACKAGE_VERSION "4.1.25"
| #define PACKAGE_STRING "Berkeley DB 4.1.25"
| #define PACKAGE_BUGREPORT "support@sleepycat.com"
| #define STDC_HEADERS 1
| #define HAVE_SYS_TYPES_H 1
| #define HAVE_SYS_STAT_H 1
| #define HAVE_STDLIB_H 1
| #define HAVE_STRING_H 1
| #define HAVE_MEMORY_H 1
| #define HAVE_STRINGS_H 1
| #define HAVE_INTTYPES_H 1
| #define HAVE_STDINT_H 1
| #define HAVE_UNISTD_H 1
| #define HAVE_DLFCN_H 1
| #define TIME_WITH_SYS_TIME 1
| #define HAVE_DIRENT_H 1
| #define HAVE_SYS_SELECT_H 1
| #define HAVE_SYS_TIME_H 1
| #define HAVE_STRUCT_STAT_ST_BLKSIZE 1
| #define SIZEOF_CHAR 1
| #define SIZEOF_UNSIGNED_CHAR 1
| #define SIZEOF_SHORT 2
| #define SIZEOF_UNSIGNED_SHORT 2
| #define SIZEOF_INT 4
| #define SIZEOF_UNSIGNED_INT 4
| #define SIZEOF_LONG 4
| #define SIZEOF_UNSIGNED_LONG 4
| #define SIZEOF_SIZE_T 4
| #define SIZEOF_CHAR_P 4
| #define HAVE_EXIT_SUCCESS 1
| /* end confdefs.h.  */
| 
| #include <thread.h>
| #include <synch.h>
| int
| main ()
| {
| 
| 	mutex_t mutex;
| 	cond_t cond;
| 	int type = USYNC_PROCESS;
| 	exit (
| 	mutex_init(&mutex, type, NULL) ||
| 	cond_init(&cond, type, NULL) ||
| 	mutex_lock(&mutex) ||
| 	mutex_unlock(&mutex));
| 
|   ;
|   return 0;
| }
configure:16737: cc -o conftest -O2  -D_GNU_SOURCE -D_REENTRANT  conftest.c  -lthread >&5
configure:16745:20: thread.h: No such file or directory
configure:16746:19: synch.h: No such file or directory
configure: In function `main':
configure:16751: error: `mutex_t' undeclared (first use in this function)
configure:16751: error: (Each undeclared identifier is reported only once
configure:16751: error: for each function it appears in.)
configure:16751: error: parse error before "mutex"
configure:16752: error: `cond_t' undeclared (first use in this function)
configure:16753: error: `USYNC_PROCESS' undeclared (first use in this function)
configure:16755: error: `mutex' undeclared (first use in this function)
configure:16755: error: `NULL' undeclared (first use in this function)
configure:16756: error: `cond' undeclared (first use in this function)
configure:16740: $? = 1
configure: failed program was:
| #line 16709 "configure"
| /* confdefs.h.  */
| 
| #define PACKAGE_NAME "Berkeley DB"
| #define PACKAGE_TARNAME "db-4.1.25"
| #define PACKAGE_VERSION "4.1.25"
| #define PACKAGE_STRING "Berkeley DB 4.1.25"
| #define PACKAGE_BUGREPORT "support@sleepycat.com"
| #define STDC_HEADERS 1
| #define HAVE_SYS_TYPES_H 1
| #define HAVE_SYS_STAT_H 1
| #define HAVE_STDLIB_H 1
| #define HAVE_STRING_H 1
| #define HAVE_MEMORY_H 1
| #define HAVE_STRINGS_H 1
| #define HAVE_INTTYPES_H 1
| #define HAVE_STDINT_H 1
| #define HAVE_UNISTD_H 1
| #define HAVE_DLFCN_H 1
| #define TIME_WITH_SYS_TIME 1
| #define HAVE_DIRENT_H 1
| #define HAVE_SYS_SELECT_H 1
| #define HAVE_SYS_TIME_H 1
| #define HAVE_STRUCT_STAT_ST_BLKSIZE 1
| #define SIZEOF_CHAR 1
| #define SIZEOF_UNSIGNED_CHAR 1
| #define SIZEOF_SHORT 2
| #define SIZEOF_UNSIGNED_SHORT 2
| #define SIZEOF_INT 4
| #define SIZEOF_UNSIGNED_INT 4
| #define SIZEOF_LONG 4
| #define SIZEOF_UNSIGNED_LONG 4
| #define SIZEOF_SIZE_T 4
| #define SIZEOF_CHAR_P 4
| #define HAVE_EXIT_SUCCESS 1
| /* end confdefs.h.  */
| 
| #include <thread.h>
| #include <synch.h>
| int
| main ()
| {
| 
| 	mutex_t mutex;
| 	cond_t cond;
| 	int type = USYNC_PROCESS;
| 	exit (
| 	mutex_init(&mutex, type, NULL) ||
| 	cond_init(&cond, type, NULL) ||
| 	mutex_lock(&mutex) ||
| 	mutex_unlock(&mutex));
| 
|   ;
|   return 0;
| }
configure:17135: cc -o conftest -O2  -D_GNU_SOURCE -D_REENTRANT  conftest.c  >&5
configure: In function `main':
configure:17155: error: `FAIL' undeclared (first use in this function)
configure:17155: error: (Each undeclared identifier is reported only once
configure:17155: error: for each function it appears in.)
configure:17155: error: parse error before "TO"
configure:17138: $? = 1
configure: failed program was:
| #line 17106 "configure"
| /* confdefs.h.  */
| 
| #define PACKAGE_NAME "Berkeley DB"
| #define PACKAGE_TARNAME "db-4.1.25"
| #define PACKAGE_VERSION "4.1.25"
| #define PACKAGE_STRING "Berkeley DB 4.1.25"
| #define PACKAGE_BUGREPORT "support@sleepycat.com"
| #define STDC_HEADERS 1
| #define HAVE_SYS_TYPES_H 1
| #define HAVE_SYS_STAT_H 1
| #define HAVE_STDLIB_H 1
| #define HAVE_STRING_H 1
| #define HAVE_MEMORY_H 1
| #define HAVE_STRINGS_H 1
| #define HAVE_INTTYPES_H 1
| #define HAVE_STDINT_H 1
| #define HAVE_UNISTD_H 1
| #define HAVE_DLFCN_H 1
| #define TIME_WITH_SYS_TIME 1
| #define HAVE_DIRENT_H 1
| #define HAVE_SYS_SELECT_H 1
| #define HAVE_SYS_TIME_H 1
| #define HAVE_STRUCT_STAT_ST_BLKSIZE 1
| #define SIZEOF_CHAR 1
| #define SIZEOF_UNSIGNED_CHAR 1
| #define SIZEOF_SHORT 2
| #define SIZEOF_UNSIGNED_SHORT 2
| #define SIZEOF_INT 4
| #define SIZEOF_UNSIGNED_INT 4
| #define SIZEOF_LONG 4
| #define SIZEOF_UNSIGNED_LONG 4
| #define SIZEOF_SIZE_T 4
| #define SIZEOF_CHAR_P 4
| #define HAVE_EXIT_SUCCESS 1
| /* end confdefs.h.  */
| 
| #include <sys/mman.h>
| int
| main ()
| {
| 
| #if defined(__hppa__)
| 	typedef msemaphore tsl_t;
| 	msemaphore x;
| 	msem_init(&x, 0);
| 	msem_lock(&x, 0);
| 	msem_unlock(&x, 0);
| 	exit(0);
| #else
| 	FAIL TO COMPILE/LINK
| #endif
| 
|   ;
|   return 0;
| }
configure:17183: cc -o conftest -O2  -D_GNU_SOURCE -D_REENTRANT  conftest.c  >&5
configure: In function `main':
configure:17199: error: syntax error before "tsl_t"
configure:17200: error: `msemaphore' undeclared (first use in this function)
configure:17200: error: (Each undeclared identifier is reported only once
configure:17200: error: for each function it appears in.)
configure:17201: error: `x' undeclared (first use in this function)
configure:17186: $? = 1
configure: failed program was:
| #line 17157 "configure"
| /* confdefs.h.  */
| 
| #define PACKAGE_NAME "Berkeley DB"
| #define PACKAGE_TARNAME "db-4.1.25"
| #define PACKAGE_VERSION "4.1.25"
| #define PACKAGE_STRING "Berkeley DB 4.1.25"
| #define PACKAGE_BUGREPORT "support@sleepycat.com"
| #define STDC_HEADERS 1
| #define HAVE_SYS_TYPES_H 1
| #define HAVE_SYS_STAT_H 1
| #define HAVE_STDLIB_H 1
| #define HAVE_STRING_H 1
| #define HAVE_MEMORY_H 1
| #define HAVE_STRINGS_H 1
| #define HAVE_INTTYPES_H 1
| #define HAVE_STDINT_H 1
| #define HAVE_UNISTD_H 1
| #define HAVE_DLFCN_H 1
| #define TIME_WITH_SYS_TIME 1
| #define HAVE_DIRENT_H 1
| #define HAVE_SYS_SELECT_H 1
| #define HAVE_SYS_TIME_H 1
| #define HAVE_STRUCT_STAT_ST_BLKSIZE 1
| #define SIZEOF_CHAR 1
| #define SIZEOF_UNSIGNED_CHAR 1
| #define SIZEOF_SHORT 2
| #define SIZEOF_UNSIGNED_SHORT 2
| #define SIZEOF_INT 4
| #define SIZEOF_UNSIGNED_INT 4
| #define SIZEOF_LONG 4
| #define SIZEOF_UNSIGNED_LONG 4
| #define SIZEOF_SIZE_T 4
| #define SIZEOF_CHAR_P 4
| #define HAVE_EXIT_SUCCESS 1
| /* end confdefs.h.  */
| 
| #include <sys/types.h>
| #include <sys/mman.h>
| int
| main ()
| {
| 
| 	typedef msemaphore tsl_t;
| 	msemaphore x;
| 	msem_init(&x, 0);
| 	msem_lock(&x, 0);
| 	msem_unlock(&x, 0);
| 	exit(0);
| 
|   ;
|   return 0;
| }
configure:17230: cc -o conftest -O2  -D_GNU_SOURCE -D_REENTRANT  conftest.c  -lmproc >&5
configure:17242:20: ulocks.h: No such file or directory
configure: In function `main':
configure:17247: error: syntax error before "tsl_t"
configure:17248: error: `spinlock_t' undeclared (first use in this function)
configure:17248: error: (Each undeclared identifier is reported only once
configure:17248: error: for each function it appears in.)
configure:17249: error: `x' undeclared (first use in this function)
configure:17233: $? = 1
configure: failed program was:
| #line 17206 "configure"
| /* confdefs.h.  */
| 
| #define PACKAGE_NAME "Berkeley DB"
| #define PACKAGE_TARNAME "db-4.1.25"
| #define PACKAGE_VERSION "4.1.25"
| #define PACKAGE_STRING "Berkeley DB 4.1.25"
| #define PACKAGE_BUGREPORT "support@sleepycat.com"
| #define STDC_HEADERS 1
| #define HAVE_SYS_TYPES_H 1
| #define HAVE_SYS_STAT_H 1
| #define HAVE_STDLIB_H 1
| #define HAVE_STRING_H 1
| #define HAVE_MEMORY_H 1
| #define HAVE_STRINGS_H 1
| #define HAVE_INTTYPES_H 1
| #define HAVE_STDINT_H 1
| #define HAVE_UNISTD_H 1
| #define HAVE_DLFCN_H 1
| #define TIME_WITH_SYS_TIME 1
| #define HAVE_DIRENT_H 1
| #define HAVE_SYS_SELECT_H 1
| #define HAVE_SYS_TIME_H 1
| #define HAVE_STRUCT_STAT_ST_BLKSIZE 1
| #define SIZEOF_CHAR 1
| #define SIZEOF_UNSIGNED_CHAR 1
| #define SIZEOF_SHORT 2
| #define SIZEOF_UNSIGNED_SHORT 2
| #define SIZEOF_INT 4
| #define SIZEOF_UNSIGNED_INT 4
| #define SIZEOF_LONG 4
| #define SIZEOF_UNSIGNED_LONG 4
| #define SIZEOF_SIZE_T 4
| #define SIZEOF_CHAR_P 4
| #define HAVE_EXIT_SUCCESS 1
| /* end confdefs.h.  */
| 
| #include <ulocks.h>
| int
| main ()
| {
| 
| 	typedef spinlock_t tsl_t;
| 	spinlock_t x;
| 	initspin(&x, 1);
| 	cspinlock(&x);
| 	spinunlock(&x);
| 
|   ;
|   return 0;
| }
configure:17276: cc -c -O2  -D_GNU_SOURCE -D_REENTRANT conftest.c >&5
configure: In function `main':
configure:17296: error: `FAIL' undeclared (first use in this function)
configure:17296: error: (Each undeclared identifier is reported only once
configure:17296: error: for each function it appears in.)
configure:17296: error: parse error before "TO"
configure:17279: $? = 1
configure: failed program was:
| #line 17253 "configure"
| /* confdefs.h.  */
| 
| #define PACKAGE_NAME "Berkeley DB"
| #define PACKAGE_TARNAME "db-4.1.25"
| #define PACKAGE_VERSION "4.1.25"
| #define PACKAGE_STRING "Berkeley DB 4.1.25"
| #define PACKAGE_BUGREPORT "support@sleepycat.com"
| #define STDC_HEADERS 1
| #define HAVE_SYS_TYPES_H 1
| #define HAVE_SYS_STAT_H 1
| #define HAVE_STDLIB_H 1
| #define HAVE_STRING_H 1
| #define HAVE_MEMORY_H 1
| #define HAVE_STRINGS_H 1
| #define HAVE_INTTYPES_H 1
| #define HAVE_STDINT_H 1
| #define HAVE_UNISTD_H 1
| #define HAVE_DLFCN_H 1
| #define TIME_WITH_SYS_TIME 1
| #define HAVE_DIRENT_H 1
| #define HAVE_SYS_SELECT_H 1
| #define HAVE_SYS_TIME_H 1
| #define HAVE_STRUCT_STAT_ST_BLKSIZE 1
| #define SIZEOF_CHAR 1
| #define SIZEOF_UNSIGNED_CHAR 1
| #define SIZEOF_SHORT 2
| #define SIZEOF_UNSIGNED_SHORT 2
| #define SIZEOF_INT 4
| #define SIZEOF_UNSIGNED_INT 4
| #define SIZEOF_LONG 4
| #define SIZEOF_UNSIGNED_LONG 4
| #define SIZEOF_SIZE_T 4
| #define SIZEOF_CHAR_P 4
| #define HAVE_EXIT_SUCCESS 1
| /* end confdefs.h.  */
| 
| int
| main ()
| {
| 
| #if defined(__USLC__)
| 	exit(0);
| #else
| 	FAIL TO COMPILE/LINK
| #endif
| 
|   ;
|   return 0;
| }
configure:17322: cc -o conftest -O2  -D_GNU_SOURCE -D_REENTRANT  conftest.c  >&5
configure:17334:23: abi_mutex.h: No such file or directory
configure: In function `main':
configure:17339: error: syntax error before "tsl_t"
configure:17340: error: `abilock_t' undeclared (first use in this function)
configure:17340: error: (Each undeclared identifier is reported only once
configure:17340: error: for each function it appears in.)
configure:17341: error: `x' undeclared (first use in this function)
configure:17325: $? = 1
configure: failed program was:
| #line 17298 "configure"
| /* confdefs.h.  */
| 
| #define PACKAGE_NAME "Berkeley DB"
| #define PACKAGE_TARNAME "db-4.1.25"
| #define PACKAGE_VERSION "4.1.25"
| #define PACKAGE_STRING "Berkeley DB 4.1.25"
| #define PACKAGE_BUGREPORT "support@sleepycat.com"
| #define STDC_HEADERS 1
| #define HAVE_SYS_TYPES_H 1
| #define HAVE_SYS_STAT_H 1
| #define HAVE_STDLIB_H 1
| #define HAVE_STRING_H 1
| #define HAVE_MEMORY_H 1
| #define HAVE_STRINGS_H 1
| #define HAVE_INTTYPES_H 1
| #define HAVE_STDINT_H 1
| #define HAVE_UNISTD_H 1
| #define HAVE_DLFCN_H 1
| #define TIME_WITH_SYS_TIME 1
| #define HAVE_DIRENT_H 1
| #define HAVE_SYS_SELECT_H 1
| #define HAVE_SYS_TIME_H 1
| #define HAVE_STRUCT_STAT_ST_BLKSIZE 1
| #define SIZEOF_CHAR 1
| #define SIZEOF_UNSIGNED_CHAR 1
| #define SIZEOF_SHORT 2
| #define SIZEOF_UNSIGNED_SHORT 2
| #define SIZEOF_INT 4
| #define SIZEOF_UNSIGNED_INT 4
| #define SIZEOF_LONG 4
| #define SIZEOF_UNSIGNED_LONG 4
| #define SIZEOF_SIZE_T 4
| #define SIZEOF_CHAR_P 4
| #define HAVE_EXIT_SUCCESS 1
| /* end confdefs.h.  */
| 
| #include <abi_mutex.h>
| int
| main ()
| {
| 
| 	typedef abilock_t tsl_t;
| 	abilock_t x;
| 	init_lock(&x);
| 	acquire_lock(&x);
| 	release_lock(&x);
| 
|   ;
|   return 0;
| }
configure:17420: cc -o conftest -O2  -D_GNU_SOURCE -D_REENTRANT  conftest.c  >&5
configure:17433:26: sys/machlock.h: No such file or directory
configure: In function `main':
configure:17438: error: syntax error before "tsl_t"
configure:17439: error: `lock_t' undeclared (first use in this function)
configure:17439: error: (Each undeclared identifier is reported only once
configure:17439: error: for each function it appears in.)
configure:17440: error: `x' undeclared (first use in this function)
configure:17423: $? = 1
configure: failed program was:
| #line 17397 "configure"
| /* confdefs.h.  */
| 
| #define PACKAGE_NAME "Berkeley DB"
| #define PACKAGE_TARNAME "db-4.1.25"
| #define PACKAGE_VERSION "4.1.25"
| #define PACKAGE_STRING "Berkeley DB 4.1.25"
| #define PACKAGE_BUGREPORT "support@sleepycat.com"
| #define STDC_HEADERS 1
| #define HAVE_SYS_TYPES_H 1
| #define HAVE_SYS_STAT_H 1
| #define HAVE_STDLIB_H 1
| #define HAVE_STRING_H 1
| #define HAVE_MEMORY_H 1
| #define HAVE_STRINGS_H 1
| #define HAVE_INTTYPES_H 1
| #define HAVE_STDINT_H 1
| #define HAVE_UNISTD_H 1
| #define HAVE_DLFCN_H 1
| #define TIME_WITH_SYS_TIME 1
| #define HAVE_DIRENT_H 1
| #define HAVE_SYS_SELECT_H 1
| #define HAVE_SYS_TIME_H 1
| #define HAVE_STRUCT_STAT_ST_BLKSIZE 1
| #define SIZEOF_CHAR 1
| #define SIZEOF_UNSIGNED_CHAR 1
| #define SIZEOF_SHORT 2
| #define SIZEOF_UNSIGNED_SHORT 2
| #define SIZEOF_INT 4
| #define SIZEOF_UNSIGNED_INT 4
| #define SIZEOF_LONG 4
| #define SIZEOF_UNSIGNED_LONG 4
| #define SIZEOF_SIZE_T 4
| #define SIZEOF_CHAR_P 4
| #define HAVE_EXIT_SUCCESS 1
| /* end confdefs.h.  */
| 
| #include <sys/machlock.h>
| int
| main ()
| {
| 
| 	typedef lock_t tsl_t;
| 	lock_t x;
| 	_lock_try(&x);
| 	_lock_clear(&x);
| 
|   ;
|   return 0;
| }
configure:17464: cc -o conftest -O2  -D_GNU_SOURCE -D_REENTRANT  conftest.c  >&5
configure:17478:27: sys/atomic_op.h: No such file or directory
configure:17467: $? = 1
configure: failed program was:
| #line 17442 "configure"
| /* confdefs.h.  */
| 
| #define PACKAGE_NAME "Berkeley DB"
| #define PACKAGE_TARNAME "db-4.1.25"
| #define PACKAGE_VERSION "4.1.25"
| #define PACKAGE_STRING "Berkeley DB 4.1.25"
| #define PACKAGE_BUGREPORT "support@sleepycat.com"
| #define STDC_HEADERS 1
| #define HAVE_SYS_TYPES_H 1
| #define HAVE_SYS_STAT_H 1
| #define HAVE_STDLIB_H 1
| #define HAVE_STRING_H 1
| #define HAVE_MEMORY_H 1
| #define HAVE_STRINGS_H 1
| #define HAVE_INTTYPES_H 1
| #define HAVE_STDINT_H 1
| #define HAVE_UNISTD_H 1
| #define HAVE_DLFCN_H 1
| #define TIME_WITH_SYS_TIME 1
| #define HAVE_DIRENT_H 1
| #define HAVE_SYS_SELECT_H 1
| #define HAVE_SYS_TIME_H 1
| #define HAVE_STRUCT_STAT_ST_BLKSIZE 1
| #define SIZEOF_CHAR 1
| #define SIZEOF_UNSIGNED_CHAR 1
| #define SIZEOF_SHORT 2
| #define SIZEOF_UNSIGNED_SHORT 2
| #define SIZEOF_INT 4
| #define SIZEOF_UNSIGNED_INT 4
| #define SIZEOF_LONG 4
| #define SIZEOF_UNSIGNED_LONG 4
| #define SIZEOF_SIZE_T 4
| #define SIZEOF_CHAR_P 4
| #define HAVE_EXIT_SUCCESS 1
| /* end confdefs.h.  */
| 
| #include <sys/atomic_op.h>
| int
| main ()
| {
| 
| 	int x;
| 	_check_lock(&x,0,1);
| 	_clear_lock(&x,0);
| 
|   ;
|   return 0;
| }
configure:17509: cc -c -O2  -D_GNU_SOURCE -D_REENTRANT conftest.c >&5
configure: In function `main':
configure:17529: error: `FAIL' undeclared (first use in this function)
configure:17529: error: (Each undeclared identifier is reported only once
configure:17529: error: for each function it appears in.)
configure:17529: error: parse error before "TO"
configure:17512: $? = 1
configure: failed program was:
| #line 17486 "configure"
| /* confdefs.h.  */
| 
| #define PACKAGE_NAME "Berkeley DB"
| #define PACKAGE_TARNAME "db-4.1.25"
| #define PACKAGE_VERSION "4.1.25"
| #define PACKAGE_STRING "Berkeley DB 4.1.25"
| #define PACKAGE_BUGREPORT "support@sleepycat.com"
| #define STDC_HEADERS 1
| #define HAVE_SYS_TYPES_H 1
| #define HAVE_SYS_STAT_H 1
| #define HAVE_STDLIB_H 1
| #define HAVE_STRING_H 1
| #define HAVE_MEMORY_H 1
| #define HAVE_STRINGS_H 1
| #define HAVE_INTTYPES_H 1
| #define HAVE_STDINT_H 1
| #define HAVE_UNISTD_H 1
| #define HAVE_DLFCN_H 1
| #define TIME_WITH_SYS_TIME 1
| #define HAVE_DIRENT_H 1
| #define HAVE_SYS_SELECT_H 1
| #define HAVE_SYS_TIME_H 1
| #define HAVE_STRUCT_STAT_ST_BLKSIZE 1
| #define SIZEOF_CHAR 1
| #define SIZEOF_UNSIGNED_CHAR 1
| #define SIZEOF_SHORT 2
| #define SIZEOF_UNSIGNED_SHORT 2
| #define SIZEOF_INT 4
| #define SIZEOF_UNSIGNED_INT 4
| #define SIZEOF_LONG 4
| #define SIZEOF_UNSIGNED_LONG 4
| #define SIZEOF_SIZE_T 4
| #define SIZEOF_CHAR_P 4
| #define HAVE_EXIT_SUCCESS 1
| /* end confdefs.h.  */
| 
| int
| main ()
| {
| 
| #if defined(__alpha) && defined(__GNUC__)
| 	exit(0);
| #else
| 	FAIL TO COMPILE/LINK
| #endif
| 
|   ;
|   return 0;
| }
configure:17554: cc -c -O2  -D_GNU_SOURCE -D_REENTRANT conftest.c >&5
configure: In function `main':
configure:17574: error: `FAIL' undeclared (first use in this function)
configure:17574: error: (Each undeclared identifier is reported only once
configure:17574: error: for each function it appears in.)
configure:17574: error: parse error before "TO"
configure:17557: $? = 1
configure: failed program was:
| #line 17531 "configure"
| /* confdefs.h.  */
| 
| #define PACKAGE_NAME "Berkeley DB"
| #define PACKAGE_TARNAME "db-4.1.25"
| #define PACKAGE_VERSION "4.1.25"
| #define PACKAGE_STRING "Berkeley DB 4.1.25"
| #define PACKAGE_BUGREPORT "support@sleepycat.com"
| #define STDC_HEADERS 1
| #define HAVE_SYS_TYPES_H 1
| #define HAVE_SYS_STAT_H 1
| #define HAVE_STDLIB_H 1
| #define HAVE_STRING_H 1
| #define HAVE_MEMORY_H 1
| #define HAVE_STRINGS_H 1
| #define HAVE_INTTYPES_H 1
| #define HAVE_STDINT_H 1
| #define HAVE_UNISTD_H 1
| #define HAVE_DLFCN_H 1
| #define TIME_WITH_SYS_TIME 1
| #define HAVE_DIRENT_H 1
| #define HAVE_SYS_SELECT_H 1
| #define HAVE_SYS_TIME_H 1
| #define HAVE_STRUCT_STAT_ST_BLKSIZE 1
| #define SIZEOF_CHAR 1
| #define SIZEOF_UNSIGNED_CHAR 1
| #define SIZEOF_SHORT 2
| #define SIZEOF_UNSIGNED_SHORT 2
| #define SIZEOF_INT 4
| #define SIZEOF_UNSIGNED_INT 4
| #define SIZEOF_LONG 4
| #define SIZEOF_UNSIGNED_LONG 4
| #define SIZEOF_SIZE_T 4
| #define SIZEOF_CHAR_P 4
| #define HAVE_EXIT_SUCCESS 1
| /* end confdefs.h.  */
| 
| int
| main ()
| {
| 
| #if defined(__arm__) && defined(__GNUC__)
| 	exit(0);
| #else
| 	FAIL TO COMPILE/LINK
| #endif
| 
|   ;
|   return 0;
| }
configure:17599: cc -c -O2  -D_GNU_SOURCE -D_REENTRANT conftest.c >&5
configure: In function `main':
configure:17619: error: `FAIL' undeclared (first use in this function)
configure:17619: error: (Each undeclared identifier is reported only once
configure:17619: error: for each function it appears in.)
configure:17619: error: parse error before "TO"
configure:17602: $? = 1
configure: failed program was:
| #line 17576 "configure"
| /* confdefs.h.  */
| 
| #define PACKAGE_NAME "Berkeley DB"
| #define PACKAGE_TARNAME "db-4.1.25"
| #define PACKAGE_VERSION "4.1.25"
| #define PACKAGE_STRING "Berkeley DB 4.1.25"
| #define PACKAGE_BUGREPORT "support@sleepycat.com"
| #define STDC_HEADERS 1
| #define HAVE_SYS_TYPES_H 1
| #define HAVE_SYS_STAT_H 1
| #define HAVE_STDLIB_H 1
| #define HAVE_STRING_H 1
| #define HAVE_MEMORY_H 1
| #define HAVE_STRINGS_H 1
| #define HAVE_INTTYPES_H 1
| #define HAVE_STDINT_H 1
| #define HAVE_UNISTD_H 1
| #define HAVE_DLFCN_H 1
| #define TIME_WITH_SYS_TIME 1
| #define HAVE_DIRENT_H 1
| #define HAVE_SYS_SELECT_H 1
| #define HAVE_SYS_TIME_H 1
| #define HAVE_STRUCT_STAT_ST_BLKSIZE 1
| #define SIZEOF_CHAR 1
| #define SIZEOF_UNSIGNED_CHAR 1
| #define SIZEOF_SHORT 2
| #define SIZEOF_UNSIGNED_SHORT 2
| #define SIZEOF_INT 4
| #define SIZEOF_UNSIGNED_INT 4
| #define SIZEOF_LONG 4
| #define SIZEOF_UNSIGNED_LONG 4
| #define SIZEOF_SIZE_T 4
| #define SIZEOF_CHAR_P 4
| #define HAVE_EXIT_SUCCESS 1
| /* end confdefs.h.  */
| 
| int
| main ()
| {
| 
| #if (defined(__mips) || defined(__mips__)) && defined(__GNUC__)
| 	exit(0);
| #else
| 	FAIL TO COMPILE/LINK
| #endif
| 
|   ;
|   return 0;
| }
configure:17644: cc -c -O2  -D_GNU_SOURCE -D_REENTRANT conftest.c >&5
configure: In function `main':
configure:17664: error: `FAIL' undeclared (first use in this function)
configure:17664: error: (Each undeclared identifier is reported only once
configure:17664: error: for each function it appears in.)
configure:17664: error: parse error before "TO"
configure:17647: $? = 1
configure: failed program was:
| #line 17621 "configure"
| /* confdefs.h.  */
| 
| #define PACKAGE_NAME "Berkeley DB"
| #define PACKAGE_TARNAME "db-4.1.25"
| #define PACKAGE_VERSION "4.1.25"
| #define PACKAGE_STRING "Berkeley DB 4.1.25"
| #define PACKAGE_BUGREPORT "support@sleepycat.com"
| #define STDC_HEADERS 1
| #define HAVE_SYS_TYPES_H 1
| #define HAVE_SYS_STAT_H 1
| #define HAVE_STDLIB_H 1
| #define HAVE_STRING_H 1
| #define HAVE_MEMORY_H 1
| #define HAVE_STRINGS_H 1
| #define HAVE_INTTYPES_H 1
| #define HAVE_STDINT_H 1
| #define HAVE_UNISTD_H 1
| #define HAVE_DLFCN_H 1
| #define TIME_WITH_SYS_TIME 1
| #define HAVE_DIRENT_H 1
| #define HAVE_SYS_SELECT_H 1
| #define HAVE_SYS_TIME_H 1
| #define HAVE_STRUCT_STAT_ST_BLKSIZE 1
| #define SIZEOF_CHAR 1
| #define SIZEOF_UNSIGNED_CHAR 1
| #define SIZEOF_SHORT 2
| #define SIZEOF_UNSIGNED_SHORT 2
| #define SIZEOF_INT 4
| #define SIZEOF_UNSIGNED_INT 4
| #define SIZEOF_LONG 4
| #define SIZEOF_UNSIGNED_LONG 4
| #define SIZEOF_SIZE_T 4
| #define SIZEOF_CHAR_P 4
| #define HAVE_EXIT_SUCCESS 1
| /* end confdefs.h.  */
| 
| int
| main ()
| {
| 
| #if (defined(__hppa) || defined(__hppa__)) && defined(__GNUC__)
| 	exit(0);
| #else
| 	FAIL TO COMPILE/LINK
| #endif
| 
|   ;
|   return 0;
| }
configure:17690: cc -c -O2  -D_GNU_SOURCE -D_REENTRANT conftest.c >&5
configure: In function `main':
configure:17710: error: `FAIL' undeclared (first use in this function)
configure:17710: error: (Each undeclared identifier is reported only once
configure:17710: error: for each function it appears in.)
configure:17710: error: parse error before "TO"
configure:17693: $? = 1
configure: failed program was:
| #line 17667 "configure"
| /* confdefs.h.  */
| 
| #define PACKAGE_NAME "Berkeley DB"
| #define PACKAGE_TARNAME "db-4.1.25"
| #define PACKAGE_VERSION "4.1.25"
| #define PACKAGE_STRING "Berkeley DB 4.1.25"
| #define PACKAGE_BUGREPORT "support@sleepycat.com"
| #define STDC_HEADERS 1
| #define HAVE_SYS_TYPES_H 1
| #define HAVE_SYS_STAT_H 1
| #define HAVE_STDLIB_H 1
| #define HAVE_STRING_H 1
| #define HAVE_MEMORY_H 1
| #define HAVE_STRINGS_H 1
| #define HAVE_INTTYPES_H 1
| #define HAVE_STDINT_H 1
| #define HAVE_UNISTD_H 1
| #define HAVE_DLFCN_H 1
| #define TIME_WITH_SYS_TIME 1
| #define HAVE_DIRENT_H 1
| #define HAVE_SYS_SELECT_H 1
| #define HAVE_SYS_TIME_H 1
| #define HAVE_STRUCT_STAT_ST_BLKSIZE 1
| #define SIZEOF_CHAR 1
| #define SIZEOF_UNSIGNED_CHAR 1
| #define SIZEOF_SHORT 2
| #define SIZEOF_UNSIGNED_SHORT 2
| #define SIZEOF_INT 4
| #define SIZEOF_UNSIGNED_INT 4
| #define SIZEOF_LONG 4
| #define SIZEOF_UNSIGNED_LONG 4
| #define SIZEOF_SIZE_T 4
| #define SIZEOF_CHAR_P 4
| #define HAVE_EXIT_SUCCESS 1
| /* end confdefs.h.  */
| 
| int
| main ()
| {
| 
| #if (defined(__powerpc__) || defined(__ppc__)) && defined(__GNUC__) && defined(__APPLE__)
| 	exit(0);
| #else
| 	FAIL TO COMPILE/LINK
| #endif
| 
|   ;
|   return 0;
| }
configure:17733: cc -c -O2  -D_GNU_SOURCE -D_REENTRANT conftest.c >&5
configure: In function `main':
configure:17753: error: `FAIL' undeclared (first use in this function)
configure:17753: error: (Each undeclared identifier is reported only once
configure:17753: error: for each function it appears in.)
configure:17753: error: parse error before "TO"
configure:17736: $? = 1
configure: failed program was:
| #line 17710 "configure"
| /* confdefs.h.  */
| 
| #define PACKAGE_NAME "Berkeley DB"
| #define PACKAGE_TARNAME "db-4.1.25"
| #define PACKAGE_VERSION "4.1.25"
| #define PACKAGE_STRING "Berkeley DB 4.1.25"
| #define PACKAGE_BUGREPORT "support@sleepycat.com"
| #define STDC_HEADERS 1
| #define HAVE_SYS_TYPES_H 1
| #define HAVE_SYS_STAT_H 1
| #define HAVE_STDLIB_H 1
| #define HAVE_STRING_H 1
| #define HAVE_MEMORY_H 1
| #define HAVE_STRINGS_H 1
| #define HAVE_INTTYPES_H 1
| #define HAVE_STDINT_H 1
| #define HAVE_UNISTD_H 1
| #define HAVE_DLFCN_H 1
| #define TIME_WITH_SYS_TIME 1
| #define HAVE_DIRENT_H 1
| #define HAVE_SYS_SELECT_H 1
| #define HAVE_SYS_TIME_H 1
| #define HAVE_STRUCT_STAT_ST_BLKSIZE 1
| #define SIZEOF_CHAR 1
| #define SIZEOF_UNSIGNED_CHAR 1
| #define SIZEOF_SHORT 2
| #define SIZEOF_UNSIGNED_SHORT 2
| #define SIZEOF_INT 4
| #define SIZEOF_UNSIGNED_INT 4
| #define SIZEOF_LONG 4
| #define SIZEOF_UNSIGNED_LONG 4
| #define SIZEOF_SIZE_T 4
| #define SIZEOF_CHAR_P 4
| #define HAVE_EXIT_SUCCESS 1
| /* end confdefs.h.  */
| 
| int
| main ()
| {
| 
| #if (defined(__powerpc__) || defined(__ppc__)) && defined(__GNUC__)
| 	exit(0);
| #else
| 	FAIL TO COMPILE/LINK
| #endif
| 
|   ;
|   return 0;
| }
configure:17778: cc -c -O2  -D_GNU_SOURCE -D_REENTRANT conftest.c >&5
configure: In function `main':
configure:17798: error: `FAIL' undeclared (first use in this function)
configure:17798: error: (Each undeclared identifier is reported only once
configure:17798: error: for each function it appears in.)
configure:17798: error: parse error before "TO"
configure:17781: $? = 1
configure: failed program was:
| #line 17755 "configure"
| /* confdefs.h.  */
| 
| #define PACKAGE_NAME "Berkeley DB"
| #define PACKAGE_TARNAME "db-4.1.25"
| #define PACKAGE_VERSION "4.1.25"
| #define PACKAGE_STRING "Berkeley DB 4.1.25"
| #define PACKAGE_BUGREPORT "support@sleepycat.com"
| #define STDC_HEADERS 1
| #define HAVE_SYS_TYPES_H 1
| #define HAVE_SYS_STAT_H 1
| #define HAVE_STDLIB_H 1
| #define HAVE_STRING_H 1
| #define HAVE_MEMORY_H 1
| #define HAVE_STRINGS_H 1
| #define HAVE_INTTYPES_H 1
| #define HAVE_STDINT_H 1
| #define HAVE_UNISTD_H 1
| #define HAVE_DLFCN_H 1
| #define TIME_WITH_SYS_TIME 1
| #define HAVE_DIRENT_H 1
| #define HAVE_SYS_SELECT_H 1
| #define HAVE_SYS_TIME_H 1
| #define HAVE_STRUCT_STAT_ST_BLKSIZE 1
| #define SIZEOF_CHAR 1
| #define SIZEOF_UNSIGNED_CHAR 1
| #define SIZEOF_SHORT 2
| #define SIZEOF_UNSIGNED_SHORT 2
| #define SIZEOF_INT 4
| #define SIZEOF_UNSIGNED_INT 4
| #define SIZEOF_LONG 4
| #define SIZEOF_UNSIGNED_LONG 4
| #define SIZEOF_SIZE_T 4
| #define SIZEOF_CHAR_P 4
| #define HAVE_EXIT_SUCCESS 1
| /* end confdefs.h.  */
| 
| int
| main ()
| {
| 
| #if defined(__sparc__) && defined(__GNUC__)
| 	exit(0);
| #else
| 	FAIL TO COMPILE/LINK
| #endif
| 
|   ;
|   return 0;
| }
configure:17823: cc -c -O2  -D_GNU_SOURCE -D_REENTRANT conftest.c >&5
configure: In function `main':
configure:17843: error: `FAIL' undeclared (first use in this function)
configure:17843: error: (Each undeclared identifier is reported only once
configure:17843: error: for each function it appears in.)
configure:17843: error: parse error before "TO"
configure:17826: $? = 1
configure: failed program was:
| #line 17800 "configure"
| /* confdefs.h.  */
| 
| #define PACKAGE_NAME "Berkeley DB"
| #define PACKAGE_TARNAME "db-4.1.25"
| #define PACKAGE_VERSION "4.1.25"
| #define PACKAGE_STRING "Berkeley DB 4.1.25"
| #define PACKAGE_BUGREPORT "support@sleepycat.com"
| #define STDC_HEADERS 1
| #define HAVE_SYS_TYPES_H 1
| #define HAVE_SYS_STAT_H 1
| #define HAVE_STDLIB_H 1
| #define HAVE_STRING_H 1
| #define HAVE_MEMORY_H 1
| #define HAVE_STRINGS_H 1
| #define HAVE_INTTYPES_H 1
| #define HAVE_STDINT_H 1
| #define HAVE_UNISTD_H 1
| #define HAVE_DLFCN_H 1
| #define TIME_WITH_SYS_TIME 1
| #define HAVE_DIRENT_H 1
| #define HAVE_SYS_SELECT_H 1
| #define HAVE_SYS_TIME_H 1
| #define HAVE_STRUCT_STAT_ST_BLKSIZE 1
| #define SIZEOF_CHAR 1
| #define SIZEOF_UNSIGNED_CHAR 1
| #define SIZEOF_SHORT 2
| #define SIZEOF_UNSIGNED_SHORT 2
| #define SIZEOF_INT 4
| #define SIZEOF_UNSIGNED_INT 4
| #define SIZEOF_LONG 4
| #define SIZEOF_UNSIGNED_LONG 4
| #define SIZEOF_SIZE_T 4
| #define SIZEOF_CHAR_P 4
| #define HAVE_EXIT_SUCCESS 1
| /* end confdefs.h.  */
| 
| int
| main ()
| {
| 
| #if (defined(mc68020) || defined(sun3)) && defined(__GNUC__)
| 	exit(0);
| #else
| 	FAIL TO COMPILE/LINK
| #endif
| 
|   ;
|   return 0;
| }
configure:17868: cc -c -O2  -D_GNU_SOURCE -D_REENTRANT conftest.c >&5
configure:17871: $? = 0
configure:17874: test -s conftest.o
configure:17877: $? = 0
configure:18304: result: x86/gcc-assembly
configure:18616: checking for getcwd
configure:18666: cc -o conftest -O2  -D_GNU_SOURCE -D_REENTRANT  conftest.c  >&5
configure:18669: $? = 0
configure:18672: test -s conftest
configure:18675: $? = 0
configure:18686: result: yes
configure:18616: checking for getopt
configure:18666: cc -o conftest -O2  -D_GNU_SOURCE -D_REENTRANT  conftest.c  >&5
configure:18669: $? = 0
configure:18672: test -s conftest
configure:18675: $? = 0
configure:18686: result: yes
configure:18616: checking for memcmp
configure:18666: cc -o conftest -O2  -D_GNU_SOURCE -D_REENTRANT  conftest.c  >&5
configure:18676: warning: conflicting types for built-in function `memcmp'
configure:18669: $? = 0
configure:18672: test -s conftest
configure:18675: $? = 0
configure:18686: result: yes
configure:18616: checking for memcpy
configure:18666: cc -o conftest -O2  -D_GNU_SOURCE -D_REENTRANT  conftest.c  >&5
configure:18677: warning: conflicting types for built-in function `memcpy'
configure:18669: $? = 0
configure:18672: test -s conftest
configure:18675: $? = 0
configure:18686: result: yes
configure:18616: checking for memmove
configure:18666: cc -o conftest -O2  -D_GNU_SOURCE -D_REENTRANT  conftest.c  >&5
configure:18669: $? = 0
configure:18672: test -s conftest
configure:18675: $? = 0
configure:18686: result: yes
configure:18616: checking for raise
configure:18666: cc -o conftest -O2  -D_GNU_SOURCE -D_REENTRANT  conftest.c  >&5
configure:18669: $? = 0
configure:18672: test -s conftest
configure:18675: $? = 0
configure:18686: result: yes
configure:18707: checking for snprintf
configure:18757: cc -o conftest -O2  -D_GNU_SOURCE -D_REENTRANT  conftest.c  >&5
configure:18771: warning: conflicting types for built-in function `snprintf'
configure:18760: $? = 0
configure:18763: test -s conftest
configure:18766: $? = 0
configure:18777: result: yes
configure:18707: checking for strcasecmp
configure:18757: cc -o conftest -O2  -D_GNU_SOURCE -D_REENTRANT  conftest.c  >&5
configure:18760: $? = 0
configure:18763: test -s conftest
configure:18766: $? = 0
configure:18777: result: yes
configure:18707: checking for strdup
configure:18757: cc -o conftest -O2  -D_GNU_SOURCE -D_REENTRANT  conftest.c  >&5
configure:18760: $? = 0
configure:18763: test -s conftest
configure:18766: $? = 0
configure:18777: result: yes
configure:18707: checking for strerror
configure:18757: cc -o conftest -O2  -D_GNU_SOURCE -D_REENTRANT  conftest.c  >&5
configure:18760: $? = 0
configure:18763: test -s conftest
configure:18766: $? = 0
configure:18777: result: yes
configure:18707: checking for vsnprintf
configure:18757: cc -o conftest -O2  -D_GNU_SOURCE -D_REENTRANT  conftest.c  >&5
configure:18775: warning: conflicting types for built-in function `vsnprintf'
configure:18760: $? = 0
configure:18763: test -s conftest
configure:18766: $? = 0
configure:18777: result: yes
configure:18800: checking for _fstati64
configure:18850: cc -o conftest -O2  -D_GNU_SOURCE -D_REENTRANT  conftest.c  >&5
/tmp/ccoRfy4B.o(.text+0x11): In function `main':
: undefined reference to `_fstati64'
/tmp/ccoRfy4B.o(.data+0x0): undefined reference to `_fstati64'
collect2: ld returned 1 exit status
configure:18853: $? = 1
configure: failed program was:
| #line 18805 "configure"
| /* confdefs.h.  */
| 
| #define PACKAGE_NAME "Berkeley DB"
| #define PACKAGE_TARNAME "db-4.1.25"
| #define PACKAGE_VERSION "4.1.25"
| #define PACKAGE_STRING "Berkeley DB 4.1.25"
| #define PACKAGE_BUGREPORT "support@sleepycat.com"
| #define STDC_HEADERS 1
| #define HAVE_SYS_TYPES_H 1
| #define HAVE_SYS_STAT_H 1
| #define HAVE_STDLIB_H 1
| #define HAVE_STRING_H 1
| #define HAVE_MEMORY_H 1
| #define HAVE_STRINGS_H 1
| #define HAVE_INTTYPES_H 1
| #define HAVE_STDINT_H 1
| #define HAVE_UNISTD_H 1
| #define HAVE_DLFCN_H 1
| #define TIME_WITH_SYS_TIME 1
| #define HAVE_DIRENT_H 1
| #define HAVE_SYS_SELECT_H 1
| #define HAVE_SYS_TIME_H 1
| #define HAVE_STRUCT_STAT_ST_BLKSIZE 1
| #define SIZEOF_CHAR 1
| #define SIZEOF_UNSIGNED_CHAR 1
| #define SIZEOF_SHORT 2
| #define SIZEOF_UNSIGNED_SHORT 2
| #define SIZEOF_INT 4
| #define SIZEOF_UNSIGNED_INT 4
| #define SIZEOF_LONG 4
| #define SIZEOF_UNSIGNED_LONG 4
| #define SIZEOF_SIZE_T 4
| #define SIZEOF_CHAR_P 4
| #define HAVE_EXIT_SUCCESS 1
| #define HAVE_MUTEX_X86_GCC_ASSEMBLY 1
| #define HAVE_MUTEX_THREADS 1
| #define HAVE_GETCWD 1
| #define HAVE_GETOPT 1
| #define HAVE_MEMCMP 1
| #define HAVE_MEMCPY 1
| #define HAVE_MEMMOVE 1
| #define HAVE_RAISE 1
| #define HAVE_SNPRINTF 1
| #define HAVE_STRCASECMP 1
| #define HAVE_STRDUP 1
| #define HAVE_STRERROR 1
| #define HAVE_VSNPRINTF 1
| /* end confdefs.h.  */
| /* System header to define __stub macros and hopefully few prototypes,
|     which can conflict with char _fstati64 (); below.
|     Prefer <limits.h> to <assert.h> if __STDC__ is defined, since
|     <limits.h> exists even on freestanding compilers.  */
| #ifdef __STDC__
| # include <limits.h>
| #else
| # include <assert.h>
| #endif
| /* Override any gcc2 internal prototype to avoid an error.  */
| #ifdef __cplusplus
| extern "C"
| {
| #endif
| /* We use char because int might match the return type of a gcc2
|    builtin and then its argument prototype would still apply.  */
| char _fstati64 ();
| /* The GNU C library defines this for functions which it implements
|     to always fail with ENOSYS.  Some functions are actually named
|     something starting with __ and the normal name is an alias.  */
| #if defined (__stub__fstati64) || defined (__stub____fstati64)
| choke me
| #else
| char (*f) () = _fstati64;
| #endif
| #ifdef __cplusplus
| }
| #endif
| 
| int
| main ()
| {
| return f != _fstati64;
|   ;
|   return 0;
| }
configure:18870: result: no
configure:18800: checking for clock_gettime
configure:18850: cc -o conftest -O2  -D_GNU_SOURCE -D_REENTRANT  conftest.c  >&5
/tmp/ccWixDrP.o(.text+0x11): In function `main':
: undefined reference to `clock_gettime'
/tmp/ccWixDrP.o(.data+0x0): undefined reference to `clock_gettime'
collect2: ld returned 1 exit status
configure:18853: $? = 1
configure: failed program was:
| #line 18805 "configure"
| /* confdefs.h.  */
| 
| #define PACKAGE_NAME "Berkeley DB"
| #define PACKAGE_TARNAME "db-4.1.25"
| #define PACKAGE_VERSION "4.1.25"
| #define PACKAGE_STRING "Berkeley DB 4.1.25"
| #define PACKAGE_BUGREPORT "support@sleepycat.com"
| #define STDC_HEADERS 1
| #define HAVE_SYS_TYPES_H 1
| #define HAVE_SYS_STAT_H 1
| #define HAVE_STDLIB_H 1
| #define HAVE_STRING_H 1
| #define HAVE_MEMORY_H 1
| #define HAVE_STRINGS_H 1
| #define HAVE_INTTYPES_H 1
| #define HAVE_STDINT_H 1
| #define HAVE_UNISTD_H 1
| #define HAVE_DLFCN_H 1
| #define TIME_WITH_SYS_TIME 1
| #define HAVE_DIRENT_H 1
| #define HAVE_SYS_SELECT_H 1
| #define HAVE_SYS_TIME_H 1
| #define HAVE_STRUCT_STAT_ST_BLKSIZE 1
| #define SIZEOF_CHAR 1
| #define SIZEOF_UNSIGNED_CHAR 1
| #define SIZEOF_SHORT 2
| #define SIZEOF_UNSIGNED_SHORT 2
| #define SIZEOF_INT 4
| #define SIZEOF_UNSIGNED_INT 4
| #define SIZEOF_LONG 4
| #define SIZEOF_UNSIGNED_LONG 4
| #define SIZEOF_SIZE_T 4
| #define SIZEOF_CHAR_P 4
| #define HAVE_EXIT_SUCCESS 1
| #define HAVE_MUTEX_X86_GCC_ASSEMBLY 1
| #define HAVE_MUTEX_THREADS 1
| #define HAVE_GETCWD 1
| #define HAVE_GETOPT 1
| #define HAVE_MEMCMP 1
| #define HAVE_MEMCPY 1
| #define HAVE_MEMMOVE 1
| #define HAVE_RAISE 1
| #define HAVE_SNPRINTF 1
| #define HAVE_STRCASECMP 1
| #define HAVE_STRDUP 1
| #define HAVE_STRERROR 1
| #define HAVE_VSNPRINTF 1
| /* end confdefs.h.  */
| /* System header to define __stub macros and hopefully few prototypes,
|     which can conflict with char clock_gettime (); below.
|     Prefer <limits.h> to <assert.h> if __STDC__ is defined, since
|     <limits.h> exists even on freestanding compilers.  */
| #ifdef __STDC__
| # include <limits.h>
| #else
| # include <assert.h>
| #endif
| /* Override any gcc2 internal prototype to avoid an error.  */
| #ifdef __cplusplus
| extern "C"
| {
| #endif
| /* We use char because int might match the return type of a gcc2
|    builtin and then its argument prototype would still apply.  */
| char clock_gettime ();
| /* The GNU C library defines this for functions which it implements
|     to always fail with ENOSYS.  Some functions are actually named
|     something starting with __ and the normal name is an alias.  */
| #if defined (__stub_clock_gettime) || defined (__stub___clock_gettime)
| choke me
| #else
| char (*f) () = clock_gettime;
| #endif
| #ifdef __cplusplus
| }
| #endif
| 
| int
| main ()
| {
| return f != clock_gettime;
|   ;
|   return 0;
| }
configure:18870: result: no
configure:18800: checking for directio
configure:18850: cc -o conftest -O2  -D_GNU_SOURCE -D_REENTRANT  conftest.c  >&5
/tmp/ccI5Jw72.o(.text+0x11): In function `main':
: undefined reference to `directio'
/tmp/ccI5Jw72.o(.data+0x0): undefined reference to `directio'
collect2: ld returned 1 exit status
configure:18853: $? = 1
configure: failed program was:
| #line 18805 "configure"
| /* confdefs.h.  */
| 
| #define PACKAGE_NAME "Berkeley DB"
| #define PACKAGE_TARNAME "db-4.1.25"
| #define PACKAGE_VERSION "4.1.25"
| #define PACKAGE_STRING "Berkeley DB 4.1.25"
| #define PACKAGE_BUGREPORT "support@sleepycat.com"
| #define STDC_HEADERS 1
| #define HAVE_SYS_TYPES_H 1
| #define HAVE_SYS_STAT_H 1
| #define HAVE_STDLIB_H 1
| #define HAVE_STRING_H 1
| #define HAVE_MEMORY_H 1
| #define HAVE_STRINGS_H 1
| #define HAVE_INTTYPES_H 1
| #define HAVE_STDINT_H 1
| #define HAVE_UNISTD_H 1
| #define HAVE_DLFCN_H 1
| #define TIME_WITH_SYS_TIME 1
| #define HAVE_DIRENT_H 1
| #define HAVE_SYS_SELECT_H 1
| #define HAVE_SYS_TIME_H 1
| #define HAVE_STRUCT_STAT_ST_BLKSIZE 1
| #define SIZEOF_CHAR 1
| #define SIZEOF_UNSIGNED_CHAR 1
| #define SIZEOF_SHORT 2
| #define SIZEOF_UNSIGNED_SHORT 2
| #define SIZEOF_INT 4
| #define SIZEOF_UNSIGNED_INT 4
| #define SIZEOF_LONG 4
| #define SIZEOF_UNSIGNED_LONG 4
| #define SIZEOF_SIZE_T 4
| #define SIZEOF_CHAR_P 4
| #define HAVE_EXIT_SUCCESS 1
| #define HAVE_MUTEX_X86_GCC_ASSEMBLY 1
| #define HAVE_MUTEX_THREADS 1
| #define HAVE_GETCWD 1
| #define HAVE_GETOPT 1
| #define HAVE_MEMCMP 1
| #define HAVE_MEMCPY 1
| #define HAVE_MEMMOVE 1
| #define HAVE_RAISE 1
| #define HAVE_SNPRINTF 1
| #define HAVE_STRCASECMP 1
| #define HAVE_STRDUP 1
| #define HAVE_STRERROR 1
| #define HAVE_VSNPRINTF 1
| /* end confdefs.h.  */
| /* System header to define __stub macros and hopefully few prototypes,
|     which can conflict with char directio (); below.
|     Prefer <limits.h> to <assert.h> if __STDC__ is defined, since
|     <limits.h> exists even on freestanding compilers.  */
| #ifdef __STDC__
| # include <limits.h>
| #else
| # include <assert.h>
| #endif
| /* Override any gcc2 internal prototype to avoid an error.  */
| #ifdef __cplusplus
| extern "C"
| {
| #endif
| /* We use char because int might match the return type of a gcc2
|    builtin and then its argument prototype would still apply.  */
| char directio ();
| /* The GNU C library defines this for functions which it implements
|     to always fail with ENOSYS.  Some functions are actually named
|     something starting with __ and the normal name is an alias.  */
| #if defined (__stub_directio) || defined (__stub___directio)
| choke me
| #else
| char (*f) () = directio;
| #endif
| #ifdef __cplusplus
| }
| #endif
| 
| int
| main ()
| {
| return f != directio;
|   ;
|   return 0;
| }
configure:18870: result: no
configure:18800: checking for gettimeofday
configure:18850: cc -o conftest -O2  -D_GNU_SOURCE -D_REENTRANT  conftest.c  >&5
configure:18853: $? = 0
configure:18856: test -s conftest
configure:18859: $? = 0
configure:18870: result: yes
configure:18800: checking for getuid
configure:18850: cc -o conftest -O2  -D_GNU_SOURCE -D_REENTRANT  conftest.c  >&5
configure:18853: $? = 0
configure:18856: test -s conftest
configure:18859: $? = 0
configure:18870: result: yes
configure:18889: checking for pstat_getdynamic
configure:18939: cc -o conftest -O2  -D_GNU_SOURCE -D_REENTRANT  conftest.c  >&5
/tmp/ccYmjCnr.o(.text+0x11): In function `main':
: undefined reference to `pstat_getdynamic'
/tmp/ccYmjCnr.o(.data+0x0): undefined reference to `pstat_getdynamic'
collect2: ld returned 1 exit status
configure:18942: $? = 1
configure: failed program was:
| #line 18894 "configure"
| /* confdefs.h.  */
| 
| #define PACKAGE_NAME "Berkeley DB"
| #define PACKAGE_TARNAME "db-4.1.25"
| #define PACKAGE_VERSION "4.1.25"
| #define PACKAGE_STRING "Berkeley DB 4.1.25"
| #define PACKAGE_BUGREPORT "support@sleepycat.com"
| #define STDC_HEADERS 1
| #define HAVE_SYS_TYPES_H 1
| #define HAVE_SYS_STAT_H 1
| #define HAVE_STDLIB_H 1
| #define HAVE_STRING_H 1
| #define HAVE_MEMORY_H 1
| #define HAVE_STRINGS_H 1
| #define HAVE_INTTYPES_H 1
| #define HAVE_STDINT_H 1
| #define HAVE_UNISTD_H 1
| #define HAVE_DLFCN_H 1
| #define TIME_WITH_SYS_TIME 1
| #define HAVE_DIRENT_H 1
| #define HAVE_SYS_SELECT_H 1
| #define HAVE_SYS_TIME_H 1
| #define HAVE_STRUCT_STAT_ST_BLKSIZE 1
| #define SIZEOF_CHAR 1
| #define SIZEOF_UNSIGNED_CHAR 1
| #define SIZEOF_SHORT 2
| #define SIZEOF_UNSIGNED_SHORT 2
| #define SIZEOF_INT 4
| #define SIZEOF_UNSIGNED_INT 4
| #define SIZEOF_LONG 4
| #define SIZEOF_UNSIGNED_LONG 4
| #define SIZEOF_SIZE_T 4
| #define SIZEOF_CHAR_P 4
| #define HAVE_EXIT_SUCCESS 1
| #define HAVE_MUTEX_X86_GCC_ASSEMBLY 1
| #define HAVE_MUTEX_THREADS 1
| #define HAVE_GETCWD 1
| #define HAVE_GETOPT 1
| #define HAVE_MEMCMP 1
| #define HAVE_MEMCPY 1
| #define HAVE_MEMMOVE 1
| #define HAVE_RAISE 1
| #define HAVE_SNPRINTF 1
| #define HAVE_STRCASECMP 1
| #define HAVE_STRDUP 1
| #define HAVE_STRERROR 1
| #define HAVE_VSNPRINTF 1
| #define HAVE_GETTIMEOFDAY 1
| #define HAVE_GETUID 1
| /* end confdefs.h.  */
| /* System header to define __stub macros and hopefully few prototypes,
|     which can conflict with char pstat_getdynamic (); below.
|     Prefer <limits.h> to <assert.h> if __STDC__ is defined, since
|     <limits.h> exists even on freestanding compilers.  */
| #ifdef __STDC__
| # include <limits.h>
| #else
| # include <assert.h>
| #endif
| /* Override any gcc2 internal prototype to avoid an error.  */
| #ifdef __cplusplus
| extern "C"
| {
| #endif
| /* We use char because int might match the return type of a gcc2
|    builtin and then its argument prototype would still apply.  */
| char pstat_getdynamic ();
| /* The GNU C library defines this for functions which it implements
|     to always fail with ENOSYS.  Some functions are actually named
|     something starting with __ and the normal name is an alias.  */
| #if defined (__stub_pstat_getdynamic) || defined (__stub___pstat_getdynamic)
| choke me
| #else
| char (*f) () = pstat_getdynamic;
| #endif
| #ifdef __cplusplus
| }
| #endif
| 
| int
| main ()
| {
| return f != pstat_getdynamic;
|   ;
|   return 0;
| }
configure:18959: result: no
configure:18889: checking for sched_yield
configure:18959: result: yes
configure:18889: checking for select
configure:18939: cc -o conftest -O2  -D_GNU_SOURCE -D_REENTRANT  conftest.c  >&5
configure:18942: $? = 0
configure:18945: test -s conftest
configure:18948: $? = 0
configure:18959: result: yes
configure:18889: checking for strtoul
configure:18939: cc -o conftest -O2  -D_GNU_SOURCE -D_REENTRANT  conftest.c  >&5
configure:18942: $? = 0
configure:18945: test -s conftest
configure:18948: $? = 0
configure:18959: result: yes
configure:18889: checking for sysconf
configure:18939: cc -o conftest -O2  -D_GNU_SOURCE -D_REENTRANT  conftest.c  >&5
configure:18942: $? = 0
configure:18945: test -s conftest
configure:18948: $? = 0
configure:18959: result: yes
configure:18889: checking for yield
configure:18939: cc -o conftest -O2  -D_GNU_SOURCE -D_REENTRANT  conftest.c  >&5
/tmp/ccKJCDDp.o(.text+0x11): In function `main':
: undefined reference to `yield'
/tmp/ccKJCDDp.o(.data+0x0): undefined reference to `yield'
collect2: ld returned 1 exit status
configure:18942: $? = 1
configure: failed program was:
| #line 18894 "configure"
| /* confdefs.h.  */
| 
| #define PACKAGE_NAME "Berkeley DB"
| #define PACKAGE_TARNAME "db-4.1.25"
| #define PACKAGE_VERSION "4.1.25"
| #define PACKAGE_STRING "Berkeley DB 4.1.25"
| #define PACKAGE_BUGREPORT "support@sleepycat.com"
| #define STDC_HEADERS 1
| #define HAVE_SYS_TYPES_H 1
| #define HAVE_SYS_STAT_H 1
| #define HAVE_STDLIB_H 1
| #define HAVE_STRING_H 1
| #define HAVE_MEMORY_H 1
| #define HAVE_STRINGS_H 1
| #define HAVE_INTTYPES_H 1
| #define HAVE_STDINT_H 1
| #define HAVE_UNISTD_H 1
| #define HAVE_DLFCN_H 1
| #define TIME_WITH_SYS_TIME 1
| #define HAVE_DIRENT_H 1
| #define HAVE_SYS_SELECT_H 1
| #define HAVE_SYS_TIME_H 1
| #define HAVE_STRUCT_STAT_ST_BLKSIZE 1
| #define SIZEOF_CHAR 1
| #define SIZEOF_UNSIGNED_CHAR 1
| #define SIZEOF_SHORT 2
| #define SIZEOF_UNSIGNED_SHORT 2
| #define SIZEOF_INT 4
| #define SIZEOF_UNSIGNED_INT 4
| #define SIZEOF_LONG 4
| #define SIZEOF_UNSIGNED_LONG 4
| #define SIZEOF_SIZE_T 4
| #define SIZEOF_CHAR_P 4
| #define HAVE_EXIT_SUCCESS 1
| #define HAVE_MUTEX_X86_GCC_ASSEMBLY 1
| #define HAVE_MUTEX_THREADS 1
| #define HAVE_GETCWD 1
| #define HAVE_GETOPT 1
| #define HAVE_MEMCMP 1
| #define HAVE_MEMCPY 1
| #define HAVE_MEMMOVE 1
| #define HAVE_RAISE 1
| #define HAVE_SNPRINTF 1
| #define HAVE_STRCASECMP 1
| #define HAVE_STRDUP 1
| #define HAVE_STRERROR 1
| #define HAVE_VSNPRINTF 1
| #define HAVE_GETTIMEOFDAY 1
| #define HAVE_GETUID 1
| #define HAVE_SCHED_YIELD 1
| #define HAVE_SELECT 1
| #define HAVE_STRTOUL 1
| #define HAVE_SYSCONF 1
| /* end confdefs.h.  */
| /* System header to define __stub macros and hopefully few prototypes,
|     which can conflict with char yield (); below.
|     Prefer <limits.h> to <assert.h> if __STDC__ is defined, since
|     <limits.h> exists even on freestanding compilers.  */
| #ifdef __STDC__
| # include <limits.h>
| #else
| # include <assert.h>
| #endif
| /* Override any gcc2 internal prototype to avoid an error.  */
| #ifdef __cplusplus
| extern "C"
| {
| #endif
| /* We use char because int might match the return type of a gcc2
|    builtin and then its argument prototype would still apply.  */
| char yield ();
| /* The GNU C library defines this for functions which it implements
|     to always fail with ENOSYS.  Some functions are actually named
|     something starting with __ and the normal name is an alias.  */
| #if defined (__stub_yield) || defined (__stub___yield)
| choke me
| #else
| char (*f) () = yield;
| #endif
| #ifdef __cplusplus
| }
| #endif
| 
| int
| main ()
| {
| return f != yield;
|   ;
|   return 0;
| }
configure:18959: result: no
configure:18976: checking for qsort
configure:19026: cc -o conftest -O2  -D_GNU_SOURCE -D_REENTRANT  conftest.c  >&5
configure:19029: $? = 0
configure:19032: test -s conftest
configure:19035: $? = 0
configure:19046: result: yes
configure:19072: checking for pread
configure:19122: cc -o conftest -O2  -D_GNU_SOURCE -D_REENTRANT  conftest.c  >&5
configure:19125: $? = 0
configure:19128: test -s conftest
configure:19131: $? = 0
configure:19142: result: yes
configure:19072: checking for pwrite
configure:19122: cc -o conftest -O2  -D_GNU_SOURCE -D_REENTRANT  conftest.c  >&5
configure:19125: $? = 0
configure:19128: test -s conftest
configure:19131: $? = 0
configure:19142: result: yes
configure:19155: checking for fcntl/F_SETFD
configure:19182: cc -o conftest -O2  -D_GNU_SOURCE -D_REENTRANT  conftest.c  >&5
configure:19185: $? = 0
configure:19188: test -s conftest
configure:19191: $? = 0
configure:19202: result: yes
configure:19219: checking for open/O_DIRECT
configure:19284: cc -o conftest -O2  -D_GNU_SOURCE -D_REENTRANT  conftest.c  >&5
configure:19287: $? = 0
configure:19289: ./conftest
configure:19292: $? = 1
configure: program exited with status 1
configure: failed program was:
| #line 19268 "configure"
| /* confdefs.h.  */
| 
| #define PACKAGE_NAME "Berkeley DB"
| #define PACKAGE_TARNAME "db-4.1.25"
| #define PACKAGE_VERSION "4.1.25"
| #define PACKAGE_STRING "Berkeley DB 4.1.25"
| #define PACKAGE_BUGREPORT "support@sleepycat.com"
| #define STDC_HEADERS 1
| #define HAVE_SYS_TYPES_H 1
| #define HAVE_SYS_STAT_H 1
| #define HAVE_STDLIB_H 1
| #define HAVE_STRING_H 1
| #define HAVE_MEMORY_H 1
| #define HAVE_STRINGS_H 1
| #define HAVE_INTTYPES_H 1
| #define HAVE_STDINT_H 1
| #define HAVE_UNISTD_H 1
| #define HAVE_DLFCN_H 1
| #define TIME_WITH_SYS_TIME 1
| #define HAVE_DIRENT_H 1
| #define HAVE_SYS_SELECT_H 1
| #define HAVE_SYS_TIME_H 1
| #define HAVE_STRUCT_STAT_ST_BLKSIZE 1
| #define SIZEOF_CHAR 1
| #define SIZEOF_UNSIGNED_CHAR 1
| #define SIZEOF_SHORT 2
| #define SIZEOF_UNSIGNED_SHORT 2
| #define SIZEOF_INT 4
| #define SIZEOF_UNSIGNED_INT 4
| #define SIZEOF_LONG 4
| #define SIZEOF_UNSIGNED_LONG 4
| #define SIZEOF_SIZE_T 4
| #define SIZEOF_CHAR_P 4
| #define HAVE_EXIT_SUCCESS 1
| #define HAVE_MUTEX_X86_GCC_ASSEMBLY 1
| #define HAVE_MUTEX_THREADS 1
| #define HAVE_GETCWD 1
| #define HAVE_GETOPT 1
| #define HAVE_MEMCMP 1
| #define HAVE_MEMCPY 1
| #define HAVE_MEMMOVE 1
| #define HAVE_RAISE 1
| #define HAVE_SNPRINTF 1
| #define HAVE_STRCASECMP 1
| #define HAVE_STRDUP 1
| #define HAVE_STRERROR 1
| #define HAVE_VSNPRINTF 1
| #define HAVE_GETTIMEOFDAY 1
| #define HAVE_GETUID 1
| #define HAVE_SCHED_YIELD 1
| #define HAVE_SELECT 1
| #define HAVE_STRTOUL 1
| #define HAVE_SYSCONF 1
| #define HAVE_QSORT 1
| #define HAVE_PREAD 1
| #define HAVE_PWRITE 1
| #define HAVE_FCNTL_F_SETFD 1
| /* end confdefs.h.  */
| 
| #include <sys/types.h>
| #include <fcntl.h>
| main() {
| int c, fd = open("__o_direct_file", O_RDONLY | O_DIRECT, 0);
| exit ((fd == -1) || (read(fd, &c, 1) != 1));
| }
configure:19307: result: no
configure:19326: checking for special C compiler options needed for large files
configure:19406: result: no
configure:19412: checking for _FILE_OFFSET_BITS value needed for large files
configure:19444: cc -c -O2  -D_GNU_SOURCE -D_REENTRANT conftest.c >&5
configure:19483: warning: left shift count >= width of type
configure:19483: warning: left shift count >= width of type
configure:19485: error: size of array `off_t_is_large' is negative
configure:19447: $? = 1
configure: failed program was:
| #line 19419 "configure"
| /* confdefs.h.  */
| 
| #define PACKAGE_NAME "Berkeley DB"
| #define PACKAGE_TARNAME "db-4.1.25"
| #define PACKAGE_VERSION "4.1.25"
| #define PACKAGE_STRING "Berkeley DB 4.1.25"
| #define PACKAGE_BUGREPORT "support@sleepycat.com"
| #define STDC_HEADERS 1
| #define HAVE_SYS_TYPES_H 1
| #define HAVE_SYS_STAT_H 1
| #define HAVE_STDLIB_H 1
| #define HAVE_STRING_H 1
| #define HAVE_MEMORY_H 1
| #define HAVE_STRINGS_H 1
| #define HAVE_INTTYPES_H 1
| #define HAVE_STDINT_H 1
| #define HAVE_UNISTD_H 1
| #define HAVE_DLFCN_H 1
| #define TIME_WITH_SYS_TIME 1
| #define HAVE_DIRENT_H 1
| #define HAVE_SYS_SELECT_H 1
| #define HAVE_SYS_TIME_H 1
| #define HAVE_STRUCT_STAT_ST_BLKSIZE 1
| #define SIZEOF_CHAR 1
| #define SIZEOF_UNSIGNED_CHAR 1
| #define SIZEOF_SHORT 2
| #define SIZEOF_UNSIGNED_SHORT 2
| #define SIZEOF_INT 4
| #define SIZEOF_UNSIGNED_INT 4
| #define SIZEOF_LONG 4
| #define SIZEOF_UNSIGNED_LONG 4
| #define SIZEOF_SIZE_T 4
| #define SIZEOF_CHAR_P 4
| #define HAVE_EXIT_SUCCESS 1
| #define HAVE_MUTEX_X86_GCC_ASSEMBLY 1
| #define HAVE_MUTEX_THREADS 1
| #define HAVE_GETCWD 1
| #define HAVE_GETOPT 1
| #define HAVE_MEMCMP 1
| #define HAVE_MEMCPY 1
| #define HAVE_MEMMOVE 1
| #define HAVE_RAISE 1
| #define HAVE_SNPRINTF 1
| #define HAVE_STRCASECMP 1
| #define HAVE_STRDUP 1
| #define HAVE_STRERROR 1
| #define HAVE_VSNPRINTF 1
| #define HAVE_GETTIMEOFDAY 1
| #define HAVE_GETUID 1
| #define HAVE_SCHED_YIELD 1
| #define HAVE_SELECT 1
| #define HAVE_STRTOUL 1
| #define HAVE_SYSCONF 1
| #define HAVE_QSORT 1
| #define HAVE_PREAD 1
| #define HAVE_PWRITE 1
| #define HAVE_FCNTL_F_SETFD 1
| /* end confdefs.h.  */
| #include <sys/types.h>
|  /* Check that off_t can represent 2**63 - 1 correctly.
|     We can't simply define LARGE_OFF_T to be 9223372036854775807,
|     since some C++ compilers masquerading as C compilers
|     incorrectly reject 9223372036854775807.  */
| #define LARGE_OFF_T (((off_t) 1 << 62) - 1 + ((off_t) 1 << 62))
|   int off_t_is_large[(LARGE_OFF_T % 2147483629 == 721
| 		       && LARGE_OFF_T % 2147483647 == 1)
| 		      ? 1 : -1];
| int
| main ()
| {
| 
|   ;
|   return 0;
| }
configure:19488: cc -c -O2  -D_GNU_SOURCE -D_REENTRANT conftest.c >&5
configure:19491: $? = 0
configure:19494: test -s conftest.o
configure:19497: $? = 0
configure:19509: result: 64
configure:19519: checking for _LARGE_FILES value needed for large files
configure:19551: cc -c -O2  -D_GNU_SOURCE -D_REENTRANT conftest.c >&5
configure:19554: $? = 0
configure:19557: test -s conftest.o
configure:19560: $? = 0
configure:19616: result: no
configure:19743: checking for mlock
configure:19793: cc -o conftest -O2  -D_GNU_SOURCE -D_REENTRANT  conftest.c  >&5
configure:19796: $? = 0
configure:19799: test -s conftest
configure:19802: $? = 0
configure:19813: result: yes
configure:19743: checking for munlock
configure:19793: cc -o conftest -O2  -D_GNU_SOURCE -D_REENTRANT  conftest.c  >&5
configure:19796: $? = 0
configure:19799: test -s conftest
configure:19802: $? = 0
configure:19813: result: yes
configure:19828: checking for mmap
configure:19878: cc -o conftest -O2  -D_GNU_SOURCE -D_REENTRANT  conftest.c  >&5
configure:19881: $? = 0
configure:19884: test -s conftest
configure:19887: $? = 0
configure:19898: result: yes
configure:19828: checking for munmap
configure:19878: cc -o conftest -O2  -D_GNU_SOURCE -D_REENTRANT  conftest.c  >&5
configure:19881: $? = 0
configure:19884: test -s conftest
configure:19887: $? = 0
configure:19898: result: yes
configure:19927: checking for shmget
configure:19977: cc -o conftest -O2  -D_GNU_SOURCE -D_REENTRANT  conftest.c  >&5
configure:19980: $? = 0
configure:19983: test -s conftest
configure:19986: $? = 0
configure:19997: result: yes
configure:20177: creating ./config.status

## ---------------------- ##
## Running config.status. ##
## ---------------------- ##

This file was extended by Berkeley DB config.status 4.1.25, which was
generated by GNU Autoconf 2.57.  Invocation command line was

  CONFIG_FILES    = 
  CONFIG_HEADERS  = 
  CONFIG_LINKS    = 
  CONFIG_COMMANDS = 
  $ ./config.status 

on petrosian

config.status:733: creating Makefile
config.status:733: creating db_cxx.h
config.status:733: creating db_int.h
config.status:733: creating include.tcl
config.status:733: creating db.h
config.status:733: creating db_int_def.h
config.status:837: creating db_config.h
config.status:1048: db_config.h is unchanged

## ---------------- ##
## Cache variables. ##
## ---------------- ##

ac_ct_db_cv_path_ar=ar
ac_ct_db_cv_path_chmod=chmod
ac_ct_db_cv_path_cp=cp
ac_ct_db_cv_path_ln=ln
ac_ct_db_cv_path_mkdir=mkdir
ac_ct_db_cv_path_rm=rm
ac_cv_build=i686-pc-linux-gnu
ac_cv_build_alias=i686-pc-linux-gnu
ac_cv_c_compiler_gnu=yes
ac_cv_c_const=yes
ac_cv_env_CC_set=
ac_cv_env_CC_value=
ac_cv_env_CFLAGS_set=
ac_cv_env_CFLAGS_value=
ac_cv_env_CPPFLAGS_set=
ac_cv_env_CPPFLAGS_value=
ac_cv_env_CPP_set=
ac_cv_env_CPP_value=
ac_cv_env_CXXFLAGS_set=
ac_cv_env_CXXFLAGS_value=
ac_cv_env_CXX_set=
ac_cv_env_CXX_value=
ac_cv_env_LDFLAGS_set=
ac_cv_env_LDFLAGS_value=
ac_cv_env_build_alias_set=
ac_cv_env_build_alias_value=
ac_cv_env_host_alias_set=
ac_cv_env_host_alias_value=
ac_cv_env_target_alias_set=
ac_cv_env_target_alias_value=
ac_cv_exeext=
ac_cv_func__fstati64=no
ac_cv_func_clock_gettime=no
ac_cv_func_directio=no
ac_cv_func_getcwd=yes
ac_cv_func_getopt=yes
ac_cv_func_gettimeofday=yes
ac_cv_func_getuid=yes
ac_cv_func_memcmp=yes
ac_cv_func_memcpy=yes
ac_cv_func_memmove=yes
ac_cv_func_mlock=yes
ac_cv_func_mmap=yes
ac_cv_func_munlock=yes
ac_cv_func_munmap=yes
ac_cv_func_pread=yes
ac_cv_func_pstat_getdynamic=no
ac_cv_func_pwrite=yes
ac_cv_func_qsort=yes
ac_cv_func_raise=yes
ac_cv_func_sched_yield=yes
ac_cv_func_select=yes
ac_cv_func_shmget=yes
ac_cv_func_snprintf=yes
ac_cv_func_strcasecmp=yes
ac_cv_func_strdup=yes
ac_cv_func_strerror=yes
ac_cv_func_strtoul=yes
ac_cv_func_sysconf=yes
ac_cv_func_vsnprintf=yes
ac_cv_func_yield=no
ac_cv_header_dirent_dirent_h=yes
ac_cv_header_dlfcn_h=yes
ac_cv_header_inttypes_h=yes
ac_cv_header_memory_h=yes
ac_cv_header_stat_broken=no
ac_cv_header_stdc=yes
ac_cv_header_stdint_h=yes
ac_cv_header_stdlib_h=yes
ac_cv_header_string_h=yes
ac_cv_header_strings_h=yes
ac_cv_header_sys_select_h=yes
ac_cv_header_sys_stat_h=yes
ac_cv_header_sys_time_h=yes
ac_cv_header_sys_types_h=yes
ac_cv_header_time=yes
ac_cv_header_unistd_h=yes
ac_cv_host=i686-pc-linux-gnu
ac_cv_host_alias=i686-pc-linux-gnu
ac_cv_lib_m=ac_cv_lib_m_main
ac_cv_lib_m_main=yes
ac_cv_lib_nsl=ac_cv_lib_nsl_main
ac_cv_lib_nsl_main=yes
ac_cv_lib_pthread=ac_cv_lib_pthread_main
ac_cv_lib_pthread_main=yes
ac_cv_lib_socket=ac_cv_lib_socket_main
ac_cv_lib_socket_main=no
ac_cv_member_struct_stat_st_blksize=yes
ac_cv_objext=o
ac_cv_path_db_cv_path_ranlib=/usr/bin/ranlib
ac_cv_path_db_cv_path_sh=/bin/sh
ac_cv_path_db_cv_path_strip=/usr/bin/strip
ac_cv_prog_CPP='cc -E'
ac_cv_prog_ac_ct_CC=cc
ac_cv_prog_ac_ct_RANLIB=ranlib
ac_cv_prog_ac_ct_STRIP=strip
ac_cv_prog_ac_ct_db_cv_path_ar=ar
ac_cv_prog_ac_ct_db_cv_path_chmod=chmod
ac_cv_prog_ac_ct_db_cv_path_cp=cp
ac_cv_prog_ac_ct_db_cv_path_ln=ln
ac_cv_prog_ac_ct_db_cv_path_mkdir=mkdir
ac_cv_prog_ac_ct_db_cv_path_rm=rm
ac_cv_prog_ac_ct_path_ranlib=ranlib
ac_cv_prog_ac_ct_path_sh=sh
ac_cv_prog_ac_ct_path_strip=strip
ac_cv_prog_cc_g=yes
ac_cv_prog_cc_stdc=
ac_cv_prog_egrep='grep -E'
ac_cv_search_opendir='none required'
ac_cv_sizeof_char=1
ac_cv_sizeof_char_p=4
ac_cv_sizeof_int=4
ac_cv_sizeof_long=4
ac_cv_sizeof_short=2
ac_cv_sizeof_size_t=4
ac_cv_sizeof_unsigned_char=1
ac_cv_sizeof_unsigned_int=4
ac_cv_sizeof_unsigned_long=4
ac_cv_sizeof_unsigned_short=2
ac_cv_sys_file_offset_bits=64
ac_cv_sys_large_files=no
ac_cv_sys_largefile_CC=no
ac_cv_type_char=yes
ac_cv_type_char_p=yes
ac_cv_type_int=yes
ac_cv_type_int16_t=yes
ac_cv_type_int32_t=yes
ac_cv_type_long=yes
ac_cv_type_off_t=yes
ac_cv_type_short=yes
ac_cv_type_size_t=yes
ac_cv_type_ssize_t=yes
ac_cv_type_u_char=yes
ac_cv_type_u_int=yes
ac_cv_type_u_int16_t=yes
ac_cv_type_u_int32_t=yes
ac_cv_type_u_int8_t=yes
ac_cv_type_u_long=yes
ac_cv_type_u_short=yes
ac_cv_type_unsigned_char=yes
ac_cv_type_unsigned_int=yes
ac_cv_type_unsigned_long=yes
ac_cv_type_unsigned_long_long=yes
ac_cv_type_unsigned_short=yes
db_cv_compat185=no
db_cv_cxx=no
db_cv_debug=no
db_cv_debug_rop=no
db_cv_debug_wop=no
db_cv_diagnostic=no
db_cv_dump185=no
db_cv_embedix=no
db_cv_exit_defines=yes
db_cv_fcntl_f_setfd=yes
db_cv_gcc_2_96=no
db_cv_gxx_except=no
db_cv_java=no
db_cv_mutex=x86/gcc-assembly
db_cv_open_o_direct=no
db_cv_path_ar=ar
db_cv_path_chmod=chmod
db_cv_path_cp=cp
db_cv_path_ln=ln
db_cv_path_mkdir=mkdir
db_cv_path_ranlib=/usr/bin/ranlib
db_cv_path_rm=rm
db_cv_path_sh=/bin/sh
db_cv_path_strip=/usr/bin/strip
db_cv_posixmutexes=no
db_cv_pthreadsmutexes=no
db_cv_rpc=no
db_cv_rpm=no
db_cv_tcl=no
db_cv_test=no
db_cv_uimutexes=no
db_cv_umrw=no
db_cv_uniquename=yes
lt_cv_archive_cmds_need_lc=no
lt_cv_compiler_c_o=yes
lt_cv_compiler_o_lo=yes
lt_cv_deplibs_check_method=pass_all
lt_cv_file_magic_cmd='$MAGIC_CMD'
lt_cv_file_magic_test_file='/lib/libc.so.6 /lib/libc-*.so'
lt_cv_global_symbol_to_c_name_address='sed -n -e '\''s/^: \([^ ]*\) $/  {\"\1\", (lt_ptr) 0},/p'\'' -e '\''s/^[BCDEGRST] \([^ ]*\) \([^ ]*\)$/  {"\2", (lt_ptr) \&\2},/p'\'''
lt_cv_global_symbol_to_cdecl='sed -n -e '\''s/^. .* \(.*\)$/extern char \1;/p'\'''
lt_cv_ld_reload_flag=-r
lt_cv_path_LD=/usr/i586-suse-linux/bin/ld
lt_cv_path_NM='/usr/bin/nm -B'
lt_cv_prog_cc_can_build_shared=yes
lt_cv_prog_cc_no_builtin=
lt_cv_prog_cc_pic=' -fPIC'
lt_cv_prog_cc_pic_works=yes
lt_cv_prog_cc_shlib=
lt_cv_prog_cc_static=-static
lt_cv_prog_cc_static_works=yes
lt_cv_prog_cc_wl=-Wl,
lt_cv_prog_gnu_ld=yes
lt_cv_sys_global_symbol_pipe='sed -n -e '\''s/^.*[ 	]\([ABCDGISTW][ABCDGISTW]*\)[ 	][ 	]*\(\)\([_A-Za-z][_A-Za-z0-9]*\)$/\1 \2\3 \3/p'\'''

## ----------------- ##
## Output variables. ##
## ----------------- ##

ADDITIONAL_INCS=''
ADDITIONAL_LANG=''
ADDITIONAL_OBJS='mut_tas.lo '
ADDITIONAL_PROGS=''
BUILD_TARGET='library_build'
CC='cc'
CCC='CXX'
CFLAGS='-O2'
CONFIGURATION_ARGS='--prefix=/home/evolution-dist/ --enable-maintainer-mode --prefix=/home/evolution-dist/ --enable-gtk-doc --cache-file=/dev/null --srcdir=.'
CONFIGURATION_PATH='/home/evolution-dist/src/evolution-data-server/libdb/dist'
CPP='cc -E'
CPPFLAGS=' -D_GNU_SOURCE -D_REENTRANT'
CXX=''
CXXFLAGS='-O2'
DB_VERSION_MAJOR='4'
DB_VERSION_MINOR='1'
DB_VERSION_PATCH='25'
DB_VERSION_STRING='"Sleepycat Software: Berkeley DB 4.1.25: (October 11, 2004)"'
DB_VERSION_UNIQUE_NAME='_eds'
DEFAULT_LIB='$(libso_target)'
DEFAULT_LIB_CXX=''
DEFS='-DHAVE_CONFIG_H'
ECHO='echo'
ECHO_C=''
ECHO_N='-n'
ECHO_T=''
EGREP='grep -E'
EMBEDIX_ECD_CXX=''
EMBEDIX_ECD_RPC=''
EMBEDIX_ROOT=''
EXEEXT=''
INSTALLER='$(LIBTOOL) --mode=install cp -p'
INSTALL_DATA='${INSTALL} -m 644'
INSTALL_LIBS='$(libso_target)'
INSTALL_PROGRAM='${INSTALL}'
INSTALL_SCRIPT='${INSTALL}'
INSTALL_TARGET='library_install'
JAR=''
JAVAC='nojavac'
JAVACFLAGS=''
JMODSUFFIX='so'
LDFLAGS=''
LIBJSO_LIBS=''
LIBOBJS=''
LIBS=''
LIBSO_LIBS=''
LIBTOOL='$(SHELL) ./libtool'
LIBTSO_LIBS=''
LIBXSO_LIBS=''
LN_S='ln -s'
LOAD_LIBS=' -lpthread -lm -lnsl'
LTLIBOBJS=''
MAKEFILE_CC='$(LIBTOOL) --mode=compile cc'
MAKEFILE_CCLINK='$(LIBTOOL) --mode=link cc'
MAKEFILE_CXX='$(LIBTOOL) --mode=compile nocxx'
MAKEFILE_CXXLINK='$(LIBTOOL) --mode=link nocxx'
MAKEFILE_SOLINK='$(LIBTOOL) --mode=link cc -avoid-version'
MAKEFILE_XSOLINK='$(LIBTOOL) --mode=link nocxx -avoid-version'
MODSUFFIX='so'
OBJEXT='o'
PACKAGE_BUGREPORT='support@sleepycat.com'
PACKAGE_NAME='Berkeley DB'
PACKAGE_STRING='Berkeley DB 4.1.25'
PACKAGE_TARNAME='db-4.1.25'
PACKAGE_VERSION='4.1.25'
PATH_SEPARATOR=':'
POSTLINK='$(LIBTOOL) --mode=execute true'
RANLIB='ranlib'
RPC_CLIENT_OBJS=''
RPM_POST_INSTALL=''
RPM_POST_UNINSTALL=''
SHELL='/bin/sh'
SOFLAGS=''
SOSUFFIX='so'
STRIP='strip'
TCFLAGS=''
TCL_BIN_DIR=''
TCL_LIB_FILE=''
TCL_SRC_DIR=''
TCL_TCLSH=''
_ACJNI_JAVAC=''
ac_ct_CC='cc'
ac_ct_CCC=''
ac_ct_CXX=''
ac_ct_RANLIB='ranlib'
ac_ct_STRIP='strip'
ac_ct_db_cv_path_ar='ar'
ac_ct_db_cv_path_chmod='chmod'
ac_ct_db_cv_path_cp='cp'
ac_ct_db_cv_path_kill=''
ac_ct_db_cv_path_ln='ln'
ac_ct_db_cv_path_mkdir='mkdir'
ac_ct_db_cv_path_rm='rm'
ac_ct_db_cv_path_rpm=''
ac_ct_path_ldconfig=''
ac_ct_path_ranlib='ranlib'
ac_ct_path_sh='sh'
ac_ct_path_strip='strip'
bindir='${exec_prefix}/bin'
build='i686-pc-linux-gnu'
build_alias=''
build_cpu='i686'
build_os='linux-gnu'
build_vendor='pc'
cxx_have_stdheaders=''
datadir='${prefix}/share'
db_align_t_decl='typedef unsigned long long db_align_t;'
db_alignp_t_decl='typedef unsigned int db_alignp_t;'
db_cv_path_ar='ar'
db_cv_path_chmod='chmod'
db_cv_path_cp='cp'
db_cv_path_embedix_install=''
db_cv_path_kill=''
db_cv_path_ldconfig=''
db_cv_path_ln='ln'
db_cv_path_mkdir='mkdir'
db_cv_path_ranlib='/usr/bin/ranlib'
db_cv_path_rm='rm'
db_cv_path_rpm=''
db_cv_path_rpm_archive=''
db_cv_path_sh='/bin/sh'
db_cv_path_strip='/usr/bin/strip'
db_int_def='#include "db_int_def.h"'
exec_prefix='${prefix}'
host='i686-pc-linux-gnu'
host_alias=''
host_cpu='i686'
host_os='linux-gnu'
host_vendor='pc'
includedir='${prefix}/include'
infodir='${prefix}/info'
int16_decl=''
int32_decl=''
libdir='${exec_prefix}/lib'
libexecdir='${exec_prefix}/libexec'
localstatedir='${prefix}/var'
mandir='${prefix}/man'
o='.lo'
oldincludedir='/usr/include'
path_ldconfig=''
path_ranlib='ranlib'
path_sh='sh'
path_strip='strip'
prefix='/home/evolution-dist/'
program_transform_name='s,x,x,'
sbindir='${exec_prefix}/sbin'
sharedstatedir='${prefix}/com'
ssize_t_decl=''
sysconfdir='${prefix}/etc'
target_alias=''
u_char_decl=''
u_int16_decl=''
u_int32_decl=''
u_int8_decl=''
u_int_decl=''
u_long_decl=''
u_short_decl=''

## ----------- ##
## confdefs.h. ##
## ----------- ##

#define HAVE_DIRENT_H 1
#define HAVE_DLFCN_H 1
#define HAVE_EXIT_SUCCESS 1
#define HAVE_FCNTL_F_SETFD 1
#define HAVE_GETCWD 1
#define HAVE_GETOPT 1
#define HAVE_GETTIMEOFDAY 1
#define HAVE_GETUID 1
#define HAVE_INTTYPES_H 1
#define HAVE_MEMCMP 1
#define HAVE_MEMCPY 1
#define HAVE_MEMMOVE 1
#define HAVE_MEMORY_H 1
#define HAVE_MLOCK 1
#define HAVE_MMAP 1
#define HAVE_MUNLOCK 1
#define HAVE_MUNMAP 1
#define HAVE_MUTEX_THREADS 1
#define HAVE_MUTEX_X86_GCC_ASSEMBLY 1
#define HAVE_PREAD 1
#define HAVE_PWRITE 1
#define HAVE_QSORT 1
#define HAVE_RAISE 1
#define HAVE_SCHED_YIELD 1
#define HAVE_SELECT 1
#define HAVE_SHMGET 1
#define HAVE_SNPRINTF 1
#define HAVE_STDINT_H 1
#define HAVE_STDLIB_H 1
#define HAVE_STRCASECMP 1
#define HAVE_STRDUP 1
#define HAVE_STRERROR 1
#define HAVE_STRINGS_H 1
#define HAVE_STRING_H 1
#define HAVE_STRTOUL 1
#define HAVE_STRUCT_STAT_ST_BLKSIZE 1
#define HAVE_SYSCONF 1
#define HAVE_SYS_SELECT_H 1
#define HAVE_SYS_STAT_H 1
#define HAVE_SYS_TIME_H 1
#define HAVE_SYS_TYPES_H 1
#define HAVE_UNISTD_H 1
#define HAVE_VSNPRINTF 1
#define PACKAGE_BUGREPORT "support@sleepycat.com"
#define PACKAGE_NAME "Berkeley DB"
#define PACKAGE_STRING "Berkeley DB 4.1.25"
#define PACKAGE_TARNAME "db-4.1.25"
#define PACKAGE_VERSION "4.1.25"
#define SIZEOF_CHAR 1
#define SIZEOF_CHAR_P 4
#define SIZEOF_INT 4
#define SIZEOF_LONG 4
#define SIZEOF_SHORT 2
#define SIZEOF_SIZE_T 4
#define SIZEOF_UNSIGNED_CHAR 1
#define SIZEOF_UNSIGNED_INT 4
#define SIZEOF_UNSIGNED_LONG 4
#define SIZEOF_UNSIGNED_SHORT 2
#define STDC_HEADERS 1
#define TIME_WITH_SYS_TIME 1
#define _FILE_OFFSET_BITS 64

configure: exit 0
