This is TeX, Version 3.141 (C version d) (format=lplain 94.1.19)  8 MAY 1994 02:26
**install.mz0
(install.mz0
LaTeX Version 2.09 <25 March 1992>
(prepared for MIT Athena) (docstrip.doc
\TerminalString=\toks11
\blockLevel=\count79
\offLevel=\count80
\emptyLines=\count81
\processedLines=\count82
\commentsRemoved=\count83
\commentsPassed=\count84
\codeLinesPassed=\count85
\NumberOfFiles=\count86
\TotalprocessedLines=\count87
\TotalcommentsRemoved=\count88
\TotalcommentsPassed=\count89
\TotalcodeLinesPassed=\count90
\inFile=\read1
\outFile=\write3
\batchFile=\read2
\ttyin=\read3
\ttyout=\write4

Utility: `docstrip' 2.0r <92/08/17>
English documentation <92/08/17>

**********************************************************
* This program converts documented macro-files into fast *
* loadable files by stripping off (nearly) all comments! *
**********************************************************

***********************************************************
*
* Below a few questions about your system will be asked.
* If they look funny on your terminal screen, i.e., without
* proper linebreaks and instead having the characters
*   ^^J
* sometimes between words, then you have an old TeX version
* at least older than TeX 3.141.
*
* This is usually not dangerous but you should upgrade since
* our software sometimes make use of the terminal linebreak
* mechanism which had a bug in older TeX releases.
*
***********************************************************

Does your TeX system support the UNIX notation `./' denoting the current 
directory in file names? E.g., will `\input{./foo}' find file `foo.tex' 
in the current directory? 
If you are not sure just say no and carry on. You can try try it out later 
and then redo the installation. 

Please answer with `y' or `n'.

\answer=y

Generating file docstrip.tex

. . . . . . . . . . . . . . . . . . . . . . . . . . . . . . . . . . . . . . .
Processing File docstrip.doc (program,stats,unix) -> docstrip.tex

% % % % % % % % % % % % % % % % % % % % % % % % % % % % % % % % % % % % % % .
. . . . . % . . . . . . . . . . . . . . . . % % % . . . . . % % % % % % % % %
% % % % % % % % % % % % % % % % % % % % % % % % % % % % % % % % % % % % % % %
% % % % % % % % % % % % % % % % % % % % % % % % % % % % % % % % % % % % % % %
% % % % % % % % % % % % % % % % % % % % % % % % % % % % % % % % % % % % % % %
% % % % % % % % % % % % % % % % % % % % % % % % % % % % % % % % % % % % % % %
% % % % % % % % % % % % % % % % % % % % % % % % % % % % % % % % % % % % % % %
% % % % % % % % % % % % % % % % % % % % % % % % % % % % % % % % % % % % % % %
% % % % % % % % % % % % % % % % % % % % % % % % % % % % % % % % % % % % % % %
% % % % % % % % % % % % % % % % % % % % % % % % % % % % % % % % % % % % % % %
% % % % % % % % % % % % % % % % % % % % % % % % % % % % % % % % % % % % % % %
% % % % % % % % % % % % % % <*program % . % % % % % % . % % % % % % % % % . %
% % % % % % % % % % % . . % % % % % % % % . % % % % % % % % . % % % % % % % %
% . % % % % % % % % . % % % % % % % % % . % % % % % % % % % . % % % % % % % %
% . % % % % % % % % % . % % % % % % % % % % % % % % % % % % <*stats % . . . .
% % % % % % % % % % % . % % % % % % % % % % % % % % . . . . > % % % % % % % %
% % % % % % . . % % % % % % % % % . % % % % % % % % . . % % % % % % % % % % %
% % % % % % % % % % % . . . % % % % % % % % % % % % % . % % % % % % % . % % %
% % % % % % . . % % % % % % % % % % % % % % % . . % % % % % % % % % % . . % %
% % % % % % % % . % % % % % % % % % % . . . . % % % % % % . % % % % % % % % %
% % % % % % % % % % % % % % % % % % % % % % % % % % % % % % % % % % % % % % %
% % % % % % % % % % % % % % % % % . . % % % % % % % % % % . % % % % % % % % %
% . . . . . % % % % % % . . % % % % % % . % % % % % % % % % % % . % % % % % %
. % % % % % % % % % % % % % % % % % % % % % % % % % % % % . . . % % % % % % .
. . % % % % % % . % % % % . . % % % % % % . % % % % % % % . % % % % % % % % %
% % % % % % % % % % % % % % % . % % % % % % % % % % % % % % % % . . <*stats %
. > % <-stats % > % % % % % % % % % . % % % % % % % % % % % % % % . . . . . .
% % % % % % % % % . % % % % % % % % % % . % % % % % % % % % . . . . . % % % %
% % % . % % % % % % % % % % % % % % . % % % % % % % % . % % % % % % % % % . %
% % % % % % % % % % % % % % % % % % % % % % % % % % % % % % % % % % % % % % %
% % % % % % % % % % % % % % % . . % % % % % % % % . % % % % % % . . . . % % %
% % . % % % % % % % . % % % % % . . . . . . % % % % % . . . . % % % % % % % %
% % % % % % % . % % % % % % . . . % % % % % . % % % % % % % % % . . % % % % .
. . % % % % % . . . % % % % % % % % % % . . . . . . . . . % % % % % % % % % %
% % % % . . % % % % % % % % . % % % . % % % % . % % % % . . % % % % % % % % %
% % . . . . . % % % % % % % % % % % % % % % . . % % % % % % . % % % % % . % %
% % % . % % % % . % % % . % % % % % % % % % % . . . . % % % % % % % % % . . %
% % % % % % % . . % % % % . % % % % % % % % % % % % % % . . % % % % % % % . .
. . . . . % % % % % . . % % % % % . . % % % % % % % % % . . . . % % % % % % .
. % % % % % % % % % % . % % % % % % % % % . % % % % . % % % % % % % % % % % %
. . % % % % . % % % % % . % % % % % % % % % % % . <*stats % . > % . % % % % %
% % % . . % % % % % % % % % % <*stats % . . . > % <-stats % > % % % % % % % %
. % % % % . % % % <*stats % . > % % % % % % % % . % % % % % % % % % % % % .
<*stats % . > % . % % % % % % % % % % % % % % % % % % % % % . . . . . . . . .
. . . . . . % % % % % % % . . % % % % % % % % % % % % % % % % % % % % % % . .
. . . . . . . % % % % % % % % % % % % % % % % . . % % % % % % % % % . . . . .
. . . % % % % % % % % % % % % % % . . . % % % % % % % % % % % % % . . . . % %
% % % % % % % . . . . % % % % % % % % % . . . . % % % % % % % % % . % % % % %
. . % % % % % % % % % . . % % % % . % % % % % % % % . . % % % % % % % . . . .
% % % % . % % % % % % % % % . . % % % % % . . % % % % % % % . . . % % % % % .
. . % % % % % . . % % % % % . . . % % % % % % % % % . . % % % % . . . % % % %
. . . % % % % % . % % % % % % . . . % % % % . . . % % % % % % % % % % % % % %
% % % % % % % % . . . % % % % % % % % % % . . % % % % % % % . . . . . . . . %
% % % . . . % % % % . . % % % % . . % % % % % % % % . . % % % % % % % % % % .
. . . . . . % % % % % % % % % % . . . % % % % . % % % . % % % % . % % % . . .
. % % % % . . % % % % % % % % % . <+unix . > % % % % % % % % % % % % % % % . %
% % % % % % % % % % % % % % % % % % % % % % . . % % % % % % % % % % % % . . .
. . . . . % % % % % % % % % % % % . . . . % % % % . . . . % % % % % % . . . .
. % % % . . % % % % % % . % % % % % % % . . . % % % % % . . % % % % % . . . .
. . . % % % % % . . . . . . . % % % % . . % % % % . . % % % % % % <*stats % .
. . . . . . . . > % . % % % % % % % % % % % % % % % % . . . . . . . % % % % .
% % % % . . . . . . . % % % % % % % % % . . . . . . . % % % % % % % % % % % %
. % % % % % % % % % . . . . % % % % % % % % % % % % % % % % % % % % . % % % %
% % % . . % % % % % % . % % % % % % % % % % % % . . . . . . . . . . % % % % %
% . . % % % % % . . % % % % % % % . . . . . % % % % % . . % % % % % % % % % %
% % . . % % % % % . . % % % % . % % % % . . . % % % % % . . . . . . % % % % .
. % % % % % % % % % % % % % % % . . . . . . . % % % . . % % % % % % . . % % %
% % . . . . . . % % % % % . . . . . . % % % % . . % % % % % % % . . . % % % %
. . . . % % % % . . . % % % % . . . % % % % % % % % % <*stats % . . . . . . .
. . > % % % % % % % % % . . . % % % % % % % % % % % % % % % % . . % % % % . .
. . . . % % % % . . . % % % % . . . . . . % % % % % % % % . . . % % % . . % %
% % % % % % % . . . . . . . . . . . . % % % % . . . % % % % % % % % % . . % %
% % . . % % % % % . . % % % % . . . % % % % . % % % . % % % . % % % . % % % .
. % % % . . % % % % . . . % % % % % . . % % % % % % % % % . . . % % % . . . .
% % % . . . . % % % . . . . . % % % . . . . % % % % % % % % . . . . . . . % %
% % . % % % % % % . . . % % % % <*stats % . > % . > % % % % % % % % % % % % %
<+driver % % % % % % % % % % % % % % % > % % %
File docstrip.doc ended by \endinput.
Lines  processed: 2916
Comments removed: 2245
Comments  passed: 21
Codelines passed: 613

. .

Generating file doc.sty

. . . . . . . . . . . . . . . . . . . . . . . . . . . . . . . . . . . . . . .
Processing File doc.doc (style) -> doc.sty

% % % % % % % % % % % % % % % % % % % % % % % % % % % % % % % % % % % % % % %
. % % % % <*style % . . . > % % . % . . . . . . . . . . . . . . . . % % % % %
. % . % % % % % % % % % % % % % % % % % % % % % % % % % % % % % % % % % % % %
% % % % % % % % % % % % % % % % % % % % % % % % % % % % % % % % % % % % % % %
% % % % % % % % % % % % % % % % % % % % % % % % % % % % % % % % % % % % % % %
% % % % % % % % % % % % % % % % % % % % % % % % % % % % % % % % % % % % % % %
% % % % % % % % % % % % % % % % % % % % % % % % % % % % % % % % % % % % % % %
% % % % % % % % % % % % % % % % % % % % % % % % % % % % % % % % % % % % % % %
% % % % % % % % % % % % % % % % % % % % % % % % % % % % % % % % % % % % % % %
% % % % % % % % % % % % % % % % % % % % % % % % % % % % % % % % % % % % % % %
% % % % % % % % % % % % % % % % % % % % % % % % % % % % % % % % % % % % % % %
% % % % % % % % % % % % % % % % % % % % % % % % % % % % % % % % % % % % % % %
% % % % % % % % % % % % % % % % % % % % <+driver % % % % % % % % % % % % % % %
% % % % % > % % % % % % % % % % % % % % % % % % % % % % % % % % % % % % % % %
% % % % % % % % % % % % % % % % % % % % % % % % % % % % % % % % % % % % % % %
% % % % % % % % % % % % % % % % % % % % % % % % % % % % % % % % % % % % % % %
% % % % % % % % % % % % % % % % % % % % % % % % % % % % % % % % % % % % % % %
% % % % % % % % % % % % % % % % % % % % % % % % % % % % % % % % % % % % % % %
% % % % % % % % % % % % % % % % % % % % % % % % % % % % % % % % % % % % % % %
% % % % % % % % % % % % % % % % % % % % % % % % % % % % % % % % % % % % % % %
% % % % % % % % % % % % % % % % % % % % % % % % % % % % % % % % % % % % % % %
% % % % % % % % % % % % % % % % % % % % % % % % % % % % % % % % % % % % % % %
% % % % % % % % % % % % % % % % % % % % % % % % % % % % % % % % % % % % % % %
% % % % % % % % % % % % % % % % % % % % % % % % % % % % % % % % % % % % % % %
% % % % % % % % % % % % % % % % % % % % % % % % % % % % % % % % % % % % % % %
% % % % % % % % % % % % % % % % % % % % % % % % % % % % % % % % % % % % % % %
% % % % % % % % % % % % % % % % % % % % % % % % % % % % % % % % % % % % % % %
% % % % % % % % % % % % % % % % % % % % % % % % % % % % % % % % % % % % % % %
. . . . . . . . . . . . . . . . % % % % % % % % % % % % % % % % % % % % % % %
% % % % % % % % % % % % % % % % % % % % % % % % % % % % % % % % % % % % % % %
% % % % % % % % % % % % % % % % % % % % % % % % % % % % % % % % % % % % % % %
% % % % % % % % % % % % % % % % % % % % % % % % % % % % % % % % % % % % % % %
% % % % % % % % % % % % % % % % % % % % % % % % % % % % % % % % % % % % % % %
% % % % % % % % % % % % % % % % % % % % % % % % % % <*style % % % % % % % . .
. % % % % % % % % % % % % % % % % % . % % % % % % % % % % % % % % % % % % % %
% % % . % % % % . % % % % % % % % . % % % % % % % . % % % % % . % % % % . % %
% % . % % % % % % % % % % . % % % % . . % % % % % % % % % % . . . . % % % % %
% % . % % % % % % % % . . . . . . . . % % % % % . % % % % % % % % % % % % . %
% % % % % % % % % % % . . . . . % % % % . % % % % % % % % % % % . . . . . % %
% % % % % % % % % % . . . . . . % % % % % % % % % % % % % % % % % % % % % % %
. . . . . . % % % % % % % % % % . . . % % % % % % % % % % . . . . % % % % % %
% . % % % % % % % % . . . % % % % % % % % . . . . . . . . . . . . . . % % % %
% % % % % % % % % % % % % . . % % % % % % . . . % % % % % % % % % % % % % % %
% % . . . . . . . . . . . . . % % % % % % % % % % % % . % % % % % % % % . % %
% % % % % % % % % % % % . . . % % % % % % % % % . . . . . . . % % % % % % % %
% % % % % . % % % % % % % % % . . . . . % % % % % % % % % % % % % % % . . . %
% % % % % % % % % % % % % % % % % % % % % % % % % % % . % % % % % % . % % % %
% % % % % % % . . . % % % % % % % . . % % % % % . . . . . . . . . . . . . . .
. . . . . . . . . . . . . . . . . % % % % % % % % % % % % % % % % % % % % % %
% % % % % % % % % . % % % % % % % % . . . % % % % % % % % % . % % % % . . . .
. % % % % % % % % . . % % % % % % % % % % % % % % . % % % % % % . % % % % % %
% % % % % % % . . % % % . . % % % % % % % % % % . . . . . % % % % % % % . . %
% % % . % % % % % . . % % % % % % % % % % % % % % % % % % % % % % % . . . % %
% % % % % % % % % % % % % % % % % % % . . . . . . . . . . . . . . % % % % % %
% . . . % % % % % % % % % % % % % % % % % % % . . % % % % % % % % % % % % % %
% . . . . % % % % % % % % % . . % % % % . % % % % % % % % . % % % % % % % % .
% % % % % % % % % % % % % % % % % % % % . % % % % . . % % % % % . . % % % % %
% % % % . % % % % % . % % % % % % % % % % % . . % % % % % % % % % % % . % % %
% % % % % % % . % % % % % . % % % % % % % % % % % % % % % % % . . . % % % % %
% % . % % % % % % % % % % % % % % % % % % % % % % % % . . % % % . . % % % % .
. % % % % % % % % % % % % % % % % % % % % % % % % % % % % % % % % % % % % % %
% % % % % % % % % % % % % % . . . . % % % % % % . % % % % % % % . % % % % % %
. % % % % % . . % % % % % % % % % % % % % % % % % % % % % % % % % % % % % % %
% % % % % % % % % % % % % % % . % % % % . % % % % % % % % . % % % % % % % % .
. . % % % % % % % % % % . % % % % % % % % % % . . % % % % % % % . % % % % % %
% % % % % % % % % % % % % . % % % % % % % . . % % % % % % . % % % % % % % . .
% % % % % % . % % % . % % % % % % % % % % % % . % % % % % % % % % % % % % . %
% % % . . % % % % % % % % % % % % % % % . . % % % % % . % % % % . % % % % % %
% % % % % % % % % % % % % % % % % . . . . . % % % % % % . % % % % % % . % % %
% % % . % % % % % % % % % % % % % % % % % % % % % . . % % % % % . % % % % . %
% % % . % % % % % % % % % % % . % % % % % . % % % % % % % . % % % % % % % % %
% % % % % % % % % . . . % % % % % % . % % % % . % % % % % % % % % % % % % % %
. % % % % % . % % % % % % % % % % % % . . % % % % . % % % % . % % % % % % % %
% % % % % % % . . % % % % % % % % % . . . % % % % % % % % % % % % % % % % % %
% % % % % % % % % % % . . % % % % . % % % % % % % % % % . % % % % % . . % % %
% % % % % . % % % % % % . . % % % % % % % % % % % % . % % % % % . . % % % % %
% % % % . . . . % % % % % % % % % % % . . % % % % % % % . % % % % % % % % . %
% % % % % % % % % % % % % % % % % % % % % % % % % % % % % % % % % % % % % % %
% % % % % % % % % % % % % % % > % <+gind|gglo % > <+gind % > <+gglo % >
<+gind|gglo % % % % % % > % % % % % % % % % % <*style % . . . > % <+gind|gglo
% % % > <*style % % % % % % % % % % % . % % % % % % % % . % % % % % % % % % %
% % % . . % % % % % % . . % % . % % % % % % % % % % . . . . . . . % % % % . .
. . % % % % % % % % % % % . % % % % . % % % % . % % % % % % % % % % % % % % %
% . % % % % % % % % % % % % . . . % % % % % % % % % % % % % % % % % . . . . .
. . % % % % % % % % % % % . . % % % % % % % % % % . . . . . % % % % % % % % %
% % % % % % % % % % % % % % % % % % % % % . . . . % % % % % % <+multicol % > %
% % % % % . % % % % % % % % % % % % % . . % % % % % % % % % % % % % % % % . .
. % % % % % . % % % % % % % . % % % % . . . . . . . . . % % % % % % > % <+gind
% % % % > <*style % % % % % % % % % % % % . % % % % . . . . . . . . % % % % %
% % % % % % % % . . . . . . . . . % % % % % % % . % % % % . % % % . % % % % %
% % . . % % % % % % % % % % % % % % . > % <+gind|gglo % > <+gglo % > <+gind %
> <*style % % % % % % % % % % % % % % % % . . . . > % <+gind|gglo % % % >
<*style % % % % % % % % % % % % . % % % % % % % % % % % % % . % % % % % % % %
. % % % % % % % % % % . % % % % . . . . . . % % % % % % % % % % % % % > %
<+gind,gglo % % % % % > <+gind % > <+gglo % > % % % <+gind,gglo % % > <+gind %
> <+gglo % > <*style % % % % % % % % % % % % % % % % % % % % % % % % % % % % %
% % % % % % % % % % % % % % % % % % % % % % % % % % . . . . . . . . . . . . %
% % % % % % % % % % % % % . % % % % % % % % % % . % % % % % % % % % % % % % %
% % % % % % . . % % % % % % % % % % % % % % % % % % . . . . . . . . . . . . .
. % % % % % % > % <+gglo % % % % % > % % % % <+gglo % > <*style % % % % % % %
% % % % % % % % % . . . % % % % . . . . % % % % % % % % % % . % % % % % % % %
% % % % % % % % % . % % % % % % % % % % % % % % % % % % . % % % % % % . % % %
% % % . . % % % % % . % % % % % . % % % % % % % % % % % % % % % % % % % % . .
. % % % % . . % % % % % % % % % . . . % % % % % % % % % % % . % % % % % . % %
% % % % . % % % % % % % % . . . % % % % % % % % % % % % . % % % % % . % % % %
% . % % % % % . % % % . % % % % % % % % % % % % % . . . . . . % % % % % % % .
% % % % % . . . % % % % % % % % % % % % . . % % % % % % % % % % % % % % % % %
% % . . . . % % % . . % % % % . . . % % % % . . . . % % % . % % % % % % % % %
% % % % % % % . . . . . . . . . . . . . . % % % % % % % % % % % % % . . . . %
% % % % . . % % % % % % % % % % . . . . % % % % . . . . . % % % % % % % . . .
. % % % % % % % % % % % % % % % % % % . . % % % % % % % % % % . . . . . . . .
. . . . . . . . . . % % % % % % % % % % % % % % . . . . . % % % % % % % % % %
. % % % % % % % % % % . % % % % % % % % % % % % % % % % % % % . % % % % % % %
% . . . . . . . . . . . . . . % % % % % % % % % % % % % % % % . % % % % % % .
. . . . . . . . . . . . . . . . % % % % % % % % % . . % % % % % % % % % % % %
% % % % % % % % . % % % % % % % % % . . . . % % % % % . % % % % % % % % . . .
% % % % % . . . % % % % % % % % % % % . % % % % % % % % . . . . . . . % % % %
% % % % % % % % % % . % % % % % % % % % % % % % % % % % % % % % % % % % % % %
. . % % % % % % % % % % % % % % . % % % % . % % % % % % % % % % % % % . . . .
. . . . . % % % % % % % % % . . % % % % % % % % % % % % % % % % . . % % % % %
% % % % % % % . % % % % > % % % % % % % % . . . . . . . % % % % %
File doc.doc ended by \endinput.
Lines  processed: 4553
Comments removed: 3781
Comments  passed: 33
Codelines passed: 661

. .

Generating file newdoc.sty

. . . . . . . . . . . . . . . . . . . . . . . . . . . . . . . . . . . . . . .
Processing File newdoc.doc -> newdoc.sty

% % % % % % % % % % % % % % % % % % % % % % % % % % % % % % % % % % % % % % .
. . . . . . . . . . . . . . . . . % % % % % % % % % % % % . % % % %
File newdoc.doc ended by \endinput.
Lines  processed: 73
Comments removed: 54
Comments  passed: 17
Codelines passed: 2

. .

Generating file doc.drv

. . . . . . . . . . . .
Processing File doc.doc (driver) -> doc.drv

% % % % % % % % % % % % % % % % % % % % % % % % % % % % % % % % % % % % % % %
. % % % % <*style % % % % > % % . % . . . . . . . . . . . . . . . . % % % % %
. % . % % % % % % % % % % % % % % % % % % % % % % % % % % % % % % % % % % % %
% % % % % % % % % % % % % % % % % % % % % % % % % % % % % % % % % % % % % % %
% % % % % % % % % % % % % % % % % % % % % % % % % % % % % % % % % % % % % % %
% % % % % % % % % % % % % % % % % % % % % % % % % % % % % % % % % % % % % % %
% % % % % % % % % % % % % % % % % % % % % % % % % % % % % % % % % % % % % % %
% % % % % % % % % % % % % % % % % % % % % % % % % % % % % % % % % % % % % % %
% % % % % % % % % % % % % % % % % % % % % % % % % % % % % % % % % % % % % % %
% % % % % % % % % % % % % % % % % % % % % % % % % % % % % % % % % % % % % % %
% % % % % % % % % % % % % % % % % % % % % % % % % % % % % % % % % % % % % % %
% % % % % % % % % % % % % % % % % % % % % % % % % % % % % % % % % % % % % % %
% % % % % % % % % % % % % % % % % % % % <+driver . . . . . . . . . . . . . . .
. . . . . > % % % % % % % % % % % % % % % % % % % % % % % % % % % % % % % % %
% % % % % % % % % % % % % % % % % % % % % % % % % % % % % % % % % % % % % % %
% % % % % % % % % % % % % % % % % % % % % % % % % % % % % % % % % % % % % % %
% % % % % % % % % % % % % % % % % % % % % % % % % % % % % % % % % % % % % % %
% % % % % % % % % % % % % % % % % % % % % % % % % % % % % % % % % % % % % % %
% % % % % % % % % % % % % % % % % % % % % % % % % % % % % % % % % % % % % % %
% % % % % % % % % % % % % % % % % % % % % % % % % % % % % % % % % % % % % % %
% % % % % % % % % % % % % % % % % % % % % % % % % % % % % % % % % % % % % % %
% % % % % % % % % % % % % % % % % % % % % % % % % % % % % % % % % % % % % % %
% % % % % % % % % % % % % % % % % % % % % % % % % % % % % % % % % % % % % % %
% % % % % % % % % % % % % % % % % % % % % % % % % % % % % % % % % % % % % % %
% % % % % % % % % % % % % % % % % % % % % % % % % % % % % % % % % % % % % % %
% % % % % % % % % % % % % % % % % % % % % % % % % % % % % % % % % % % % % % %
% % % % % % % % % % % % % % % % % % % % % % % % % % % % % % % % % % % % % % %
% % % % % % % % % % % % % % % % % % % % % % % % % % % % % % % % % % % % % % %
. . . . . . . . . . . . . . . . % % % % % % % % % % % % % % % % % % % % % % %
% % % % % % % % % % % % % % % % % % % % % % % % % % % % % % % % % % % % % % %
% % % % % % % % % % % % % % % % % % % % % % % % % % % % % % % % % % % % % % %
% % % % % % % % % % % % % % % % % % % % % % % % % % % % % % % % % % % % % % %
% % % % % % % % % % % % % % % % % % % % % % % % % % % % % % % % % % % % % % %
% % % % % % % % % % % % % % % % % % % % % % % % % % <*style % % % % % % % % %
% % % % % % % % % % % % % % % % % % % % % % % % % % % % % % % % % % % % % % %
% % % % % % % % % % % % % % % % % % % % % % % % % % % % % % % % % % % % % % %
% % % % % % % % % % % % % % % % % % % % % % % % % % % % % % % % % % % % % % %
% % % % % % % % % % % % % % % % % % % % % % % % % % % % % % % % % % % % % % %
% % % % % % % % % % % % % % % % % % % % % % % % % % % % % % % % % % % % % % %
% % % % % % % % % % % % % % % % % % % % % % % % % % % % % % % % % % % % % % %
% % % % % % % % % % % % % % % % % % % % % % % % % % % % % % % % % % % % % % %
% % % % % % % % % % % % % % % % % % % % % % % % % % % % % % % % % % % % % % %
% % % % % % % % % % % % % % % % % % % % % % % % % % % % % % % % % % % % % % %
% % % % % % % % % % % % % % % % % % % % % % % % % % % % % % % % % % % % % % %
% % % % % % % % % % % % % % % % % % % % % % % % % % % % % % % % % % % % % % %
% % % % % % % % % % % % % % % % % % % % % % % % % % % % % % % % % % % % % % %
% % % % % % % % % % % % % % % % % % % % % % % % % % % % % % % % % % % % % % %
% % % % % % % % % % % % % % % % % % % % % % % % % % % % % % % % % % % % % % %
% % % % % % % % % % % % % % % % % % % % % % % % % % % % % % % % % % % % % % %
% % % % % % % % % % % % % % % % % % % % % % % % % % % % % % % % % % % % % % %
% % % % % % % % % % % % % % % % % % % % % % % % % % % % % % % % % % % % % % %
% % % % % % % % % % % % % % % % % % % % % % % % % % % % % % % % % % % % % % %
% % % % % % % % % % % % % % % % % % % % % % % % % % % % % % % % % % % % % % %
% % % % % % % % % % % % % % % % % % % % % % % % % % % % % % % % % % % % % % %
% % % % % % % % % % % % % % % % % % % % % % % % % % % % % % % % % % % % % % %
% % % % % % % % % % % % % % % % % % % % % % % % % % % % % % % % % % % % % % %
% % % % % % % % % % % % % % % % % % % % % % % % % % % % % % % % % % % % % % %
% % % % % % % % % % % % % % % % % % % % % % % % % % % % % % % % % % % % % % %
% % % % % % % % % % % % % % % % % % % % % % % % % % % % % % % % % % % % % % %
% % % % % % % % % % % % % % % % % % % % % % % % % % % % % % % % % % % % % % %
% % % % % % % % % % % % % % % % % % % % % % % % % % % % % % % % % % % % % % %
% % % % % % % % % % % % % % % % % % % % % % % % % % % % % % % % % % % % % % %
% % % % % % % % % % % % % % % % % % % % % % % % % % % % % % % % % % % % % % %
% % % % % % % % % % % % % % % % % % % % % % % % % % % % % % % % % % % % % % %
% % % % % % % % % % % % % % % % % % % % % % % % % % % % % % % % % % % % % % %
% % % % % % % % % % % % % % % % % % % % % % % % % % % % % % % % % % % % % % %
% % % % % % % % % % % % % % % % % % % % % % % % % % % % % % % % % % % % % % %
% % % % % % % % % % % % % % % % % % % % % % % % % % % % % % % % % % % % % % %
% % % % % % % % % % % % % % % % % % % % % % % % % % % % % % % % % % % % % % %
% % % % % % % % % % % % % % % % % % % % % % % % % % % % % % % % % % % % % % %
% % % % % % % % % % % % % % % % % % % % % % % % % % % % % % % % % % % % % % %
% % % % % % % % % % % % % % % % % % % % % % % % % % % % % % % % % % % % % % %
% % % % % % % % % % % % % % % % % % % % % % % % % % % % % % % % % % % % % % %
% % % % % % % % % % % % % % % % % % % % % % % % % % % % % % % % % % % % % % %
% % % % % % % % % % % % % % % % % % % % % % % % % % % % % % % % % % % % % % %
% % % % % % % % % % % % % % % % % % % % % % % % % % % % % % % % % % % % % % %
% % % % % % % % % % % % % % % % % % % % % % % % % % % % % % % % % % % % % % %
% % % % % % % % % % % % % % % % % % % % % % % % % % % % % % % % % % % % % % %
% % % % % % % % % % % % % % % > % <+gind|gglo % > <+gind % > <+gglo % >
<+gind|gglo % % % % % % > % % % % % % % % % % <*style % % % % > % <+gind|gglo
% % % > <*style % % % % % % % % % % % % % % % % % % % % % % % % % % % % % % %
% % % % % % % % % % % % % % % % % % % % % % % % % % % % % % % % % % % % % % %
% % % % % % % % % % % % % % % % % % % % % % % % % % % % % % % % % % % % % % %
% % % % % % % % % % % % % % % % % % % % % % % % % % % % % % % % % % % % % % %
% % % % % % % % % % % % % % % % % % % % % % % % % % % % % % % % % % % % % % %
% % % % % % % % % % % % % % % % % % % % % % % % % % % % % % % % % % % % % % %
% % % % % % % % % % % % % % % % % % % % % % % % % % % % % % % % % % % % % % %
% % % % % % % % % % % % % % % % % % % % % % % % % % % % > % <+gind % % % % >
<*style % % % % % % % % % % % % % % % % % % % % % % % % % % % % % % % % % % %
% % % % % % % % % % % % % % % % % % % % % % % % % % % % % % % % % % % % % % %
% % % % % % % % % % % % % % > % <+gind|gglo % > <+gglo % > <+gind % > <*style
% % % % % % % % % % % % % % % % % % % % > % <+gind|gglo % % % > <*style % % %
% % % % % % % % % % % % % % % % % % % % % % % % % % % % % % % % % % % % % % %
% % % % % % % % % % % % % % % % % % % % % % % % % % % % > % <+gind,gglo % % %
% % > <+gind % > <+gglo % > % % % <+gind,gglo % % > <+gind % > <+gglo % >
<*style % % % % % % % % % % % % % % % % % % % % % % % % % % % % % % % % % % %
% % % % % % % % % % % % % % % % % % % % % % % % % % % % % % % % % % % % % % %
% % % % % % % % % % % % % % % % % % % % % % % % % % % % % % % % % % % % % % %
% % % % % % % % % % % % % % % % % % % % % % % % % % % % % % % % % % % % % % %
% > % <+gglo % % % % % > % % % % <+gglo % > <*style % % % % % % % % % % % % %
% % % % % % % % % % % % % % % % % % % % % % % % % % % % % % % % % % % % % % %
% % % % % % % % % % % % % % % % % % % % % % % % % % % % % % % % % % % % % % %
% % % % % % % % % % % % % % % % % % % % % % % % % % % % % % % % % % % % % % %
% % % % % % % % % % % % % % % % % % % % % % % % % % % % % % % % % % % % % % %
% % % % % % % % % % % % % % % % % % % % % % % % % % % % % % % % % % % % % % %
% % % % % % % % % % % % % % % % % % % % % % % % % % % % % % % % % % % % % % %
% % % % % % % % % % % % % % % % % % % % % % % % % % % % % % % % % % % % % % %
% % % % % % % % % % % % % % % % % % % % % % % % % % % % % % % % % % % % % % %
% % % % % % % % % % % % % % % % % % % % % % % % % % % % % % % % % % % % % % %
% % % % % % % % % % % % % % % % % % % % % % % % % % % % % % % % % % % % % % %
% % % % % % % % % % % % % % % % % % % % % % % % % % % % % % % % % % % % % % %
% % % % % % % % % % % % % % % % % % % % % % % % % % % % % % % % % % % % % % %
% % % % % % % % % % % % % % % % % % % % % % % % % % % % % % % % % % % % % % %
% % % % % % % % % % % % % % % % % % % % % % % % % % % % % % % % % % % % % % %
% % % % % % % % % % % % % % % % % % % % % % % % % % % % % % % % % % % % % % %
% % % % % % % % % % % % % % % % % % % % % % % % % % % % % % % % % % % % % % %
% % % % % % % % % % % % % % % % % % % % % % % % % % % % % % % % % % % % % % %
% % % % % % % % % % % % % % % % % % % % % % % % % % % % % % % % % % % % % % %
% % % % % % % % % % % % % % % % % % % % % % % % % % % % % % % % % % % % % % %
% % % % % % % % % % % % % % % % % % % % % % % % % % % % % % % % % % % % % % %
% % % % % % > % % % % % % % % . . . . . . . % % % % %
File doc.doc ended by \endinput.
Lines  processed: 4553
Comments removed: 3781
Comments  passed: 33
Codelines passed: 30

. .

Generating file docstrip.drv

. . . . . . . . . . . .
Processing File docstrip.doc (driver) -> docstrip.drv

% % % % % % % % % % % % % % % % % % % % % % % % % % % % % % % % % % % % % % .
. . . . . % . . . . . . . . . . . . . . . . % % % . . . . . % % % % % % % % %
% % % % % % % % % % % % % % % % % % % % % % % % % % % % % % % % % % % % % % %
% % % % % % % % % % % % % % % % % % % % % % % % % % % % % % % % % % % % % % %
% % % % % % % % % % % % % % % % % % % % % % % % % % % % % % % % % % % % % % %
% % % % % % % % % % % % % % % % % % % % % % % % % % % % % % % % % % % % % % %
% % % % % % % % % % % % % % % % % % % % % % % % % % % % % % % % % % % % % % %
% % % % % % % % % % % % % % % % % % % % % % % % % % % % % % % % % % % % % % %
% % % % % % % % % % % % % % % % % % % % % % % % % % % % % % % % % % % % % % %
% % % % % % % % % % % % % % % % % % % % % % % % % % % % % % % % % % % % % % %
% % % % % % % % % % % % % % % % % % % % % % % % % % % % % % % % % % % % % % %
% % % % % % % % % % % % % % <*program % % % % % % % % % % % % % % % % % % % %
% % % % % % % % % % % % % % % % % % % % % % % % % % % % % % % % % % % % % % %
% % % % % % % % % % % % % % % % % % % % % % % % % % % % % % % % % % % % % % %
% % % % % % % % % % % % % % % % % % % % % % % % % % % % % % <*stats % % % % %
% % % % % % % % % % % % % % % % % % % % % % % % % % % % % % > % % % % % % % %
% % % % % % % % % % % % % % % % % % % % % % % % % % % % % % % % % % % % % % %
% % % % % % % % % % % % % % % % % % % % % % % % % % % % % % % % % % % % % % %
% % % % % % % % % % % % % % % % % % % % % % % % % % % % % % % % % % % % % % %
% % % % % % % % % % % % % % % % % % % % % % % % % % % % % % % % % % % % % % %
% % % % % % % % % % % % % % % % % % % % % % % % % % % % % % % % % % % % % % %
% % % % % % % % % % % % % % % % % % % % % % % % % % % % % % % % % % % % % % %
% % % % % % % % % % % % % % % % % % % % % % % % % % % % % % % % % % % % % % %
% % % % % % % % % % % % % % % % % % % % % % % % % % % % % % % % % % % % % % %
% % % % % % % % % % % % % % % % % % % % % % % % % % % % % % % % % % % % % % %
% % % % % % % % % % % % % % % % % % % % % % % % % % % % % % % % % % <*stats %
% > % % % % % % % % % % % % % % % % % % % % % % % % % % % % % % % % % % % % %
% % % % % % % % % % % % % % % % % % % % % % % % % % % % % % % % % % % % % % %
% % % % % % % % % % % % % % % % % % % % % % % % % % % % % % % % % % % % % % %
% % % % % % % % % % % % % % % % % % % % % % % % % % % % % % % % % % % % % % %
% % % % % % % % % % % % % % % % % % % % % % % % % % % % % % % % % % % % % % %
% % % % % % % % % % % % % % % % % % % % % % % % % % % % % % % % % % % % % % %
% % % % % % % % % % % % % % % % % % % % % % % % % % % % % % % % % % % % % % %
% % % % % % % % % % % % % % % % % % % % % % % % % % % % % % % % % % % % % % %
% % % % % % % % % % % % % % % % % % % % % % % % % % % % % % % % % % % % % % %
% % % % % % % % % % % % % % % % % % % % % % % % % % % % % % % % % % % % % % %
% % % % % % % % % % % % % % % % % % % % % % % % % % % % % % % % % % % % % % %
% % % % % % % % % % % % % % % % % % % % % % % % % % % % % % % % % % % % % % %
% % % % % % % % % % % % % % % % % % % % % % % % % % % % % % % % % % % % % % %
% % % % % % % % % % % % % % % % % % % % % % % % % % % % % % % % % % % % % % %
% % % % % % % % % % % % % % % % % % % % <*stats % % > % % % % % % % % % % % %
% % % % % % % % % % <*stats % % % % > % % % % % % % % % % % % % % % % % % %
<*stats % % > % % % % % % % % % % % % % % % % % % % % % % <*stats % % > % % %
% % % % % % % % % % % % % % % % % % % % % % % % % % % % % % % % % % % % % % %
% % % % % % % % % % % % % % % % % % % % % % % % % % % % % % % % % % % % % % %
% % % % % % % % % % % % % % % % % % % % % % % % % % % % % % % % % % % % % % %
% % % % % % % % % % % % % % % % % % % % % % % % % % % % % % % % % % % % % % %
% % % % % % % % % % % % % % % % % % % % % % % % % % % % % % % % % % % % % % %
% % % % % % % % % % % % % % % % % % % % % % % % % % % % % % % % % % % % % % %
% % % % % % % % % % % % % % % % % % % % % % % % % % % % % % % % % % % % % % %
% % % % % % % % % % % % % % % % % % % % % % % % % % % % % % % % % % % % % % %
% % % % % % % % % % % % % % % % % % % % % % % % % % % % % % % % % % % % % % %
% % % % % % % % % % % % % % % % % % % % % % % % % % % % % % % % % % % % % % %
% % % % % % % % % % % % % % % % % % % % % % % % % % % % % % % % % % % % % % %
% % % % % % % % % % % % % % % % % % % % % % % % % % % % % % % % % % % % % % %
% % % % % % % % % % % % % % % % % % % % % % % % % % % % % % % % % % % % % % %
% % % % % % % % % % % % % % % % % % % % % % % % % % % % % % % % % % % % % % %
% % % % % % % % % % % % % % % % % % % % % % % % % % % % % % % % % % % % % % %
% % % % % % % % % % % % % % % % % % % % % % % % % % % % % % % % % % % % % % %
% % % % % % % % % % % % % % % % % % % <*stats % % % % % % % % % % > % % % % %
% % % % % % % % % % % % % % % % % % % % % % % % % % % % % % % % % % % % % % %
% % % % % % % % % % % % % % % % % % % % % % % % % % % % % % % % % % % % % % %
% % % % % % % % % % % % % % % % % % % % % % % % % % % % % % % % % % % % % % %
% % % % % % % % % % % % % % % % % % % % % % % % % % % % % % % % % % % % % % %
% % % % % % % % % % % % % % % % % % % % % % % % % % % % % % % % % % % % % % %
% % % % % % % % % % % % % % % % % % % % % % % % % % % % % % % % % % % % % % %
% % % % % % % % % % % % % % % % % % % % % % % % % % % % % % % % % % % % % % %
% % % % % % % % % % % % % % % % % % % % % % % % % % % % % % % % % % % % % % %
% % % % % % % % % % % % % <*stats % % % % % % % % % % > % % % % % % % % % % %
% % % % % % % % % % % % % % % % % % % % % % % % % % % % % % % % % % % % % % %
% % % % % % % % % % % % % % % % % % % % % % % % % % % % % % % % % % % % % % %
% % % % % % % % % % % % % % % % % % % % % % % % % % % % % % % % % % % % % % %
% % % % % % % % % % % % % % % % % % % % % % % % % % % % % % % % % % % % % % %
% % % % % % % % % % % % % % % % % % % % % % % % % % % % % % % % % % % % % % %
% % % % % % % % % % % % % % % % % % % % % % % % % % % % % % % % % % % % % % %
% % <*stats % % > % % > % % % % % % % % % % % % % <+driver . . . . . . . . . .
. . . . . > % % %
File docstrip.doc ended by \endinput.
Lines  processed: 2916
Comments removed: 2245
Comments  passed: 21
Codelines passed: 21

. .

Generating file gind.ist

. . . . . . . . .
Processing File doc.doc (gind) -> gind.ist

% % % % % % % % % % % % % % % % % % % % % % % % % % % % % % % % % % % % % % %
. % % % % <*style % % % % > % % . % . . . . . . . . . . . . . . . . % % % % %
. % . % % % % % % % % % % % % % % % % % % % % % % % % % % % % % % % % % % % %
% % % % % % % % % % % % % % % % % % % % % % % % % % % % % % % % % % % % % % %
% % % % % % % % % % % % % % % % % % % % % % % % % % % % % % % % % % % % % % %
% % % % % % % % % % % % % % % % % % % % % % % % % % % % % % % % % % % % % % %
% % % % % % % % % % % % % % % % % % % % % % % % % % % % % % % % % % % % % % %
% % % % % % % % % % % % % % % % % % % % % % % % % % % % % % % % % % % % % % %
% % % % % % % % % % % % % % % % % % % % % % % % % % % % % % % % % % % % % % %
% % % % % % % % % % % % % % % % % % % % % % % % % % % % % % % % % % % % % % %
% % % % % % % % % % % % % % % % % % % % % % % % % % % % % % % % % % % % % % %
% % % % % % % % % % % % % % % % % % % % % % % % % % % % % % % % % % % % % % %
% % % % % % % % % % % % % % % % % % % % <+driver % % % % % % % % % % % % % % %
% % % % % > % % % % % % % % % % % % % % % % % % % % % % % % % % % % % % % % %
% % % % % % % % % % % % % % % % % % % % % % % % % % % % % % % % % % % % % % %
% % % % % % % % % % % % % % % % % % % % % % % % % % % % % % % % % % % % % % %
% % % % % % % % % % % % % % % % % % % % % % % % % % % % % % % % % % % % % % %
% % % % % % % % % % % % % % % % % % % % % % % % % % % % % % % % % % % % % % %
% % % % % % % % % % % % % % % % % % % % % % % % % % % % % % % % % % % % % % %
% % % % % % % % % % % % % % % % % % % % % % % % % % % % % % % % % % % % % % %
% % % % % % % % % % % % % % % % % % % % % % % % % % % % % % % % % % % % % % %
% % % % % % % % % % % % % % % % % % % % % % % % % % % % % % % % % % % % % % %
% % % % % % % % % % % % % % % % % % % % % % % % % % % % % % % % % % % % % % %
% % % % % % % % % % % % % % % % % % % % % % % % % % % % % % % % % % % % % % %
% % % % % % % % % % % % % % % % % % % % % % % % % % % % % % % % % % % % % % %
% % % % % % % % % % % % % % % % % % % % % % % % % % % % % % % % % % % % % % %
% % % % % % % % % % % % % % % % % % % % % % % % % % % % % % % % % % % % % % %
% % % % % % % % % % % % % % % % % % % % % % % % % % % % % % % % % % % % % % %
. . . . . . . . . . . . . . . . % % % % % % % % % % % % % % % % % % % % % % %
% % % % % % % % % % % % % % % % % % % % % % % % % % % % % % % % % % % % % % %
% % % % % % % % % % % % % % % % % % % % % % % % % % % % % % % % % % % % % % %
% % % % % % % % % % % % % % % % % % % % % % % % % % % % % % % % % % % % % % %
% % % % % % % % % % % % % % % % % % % % % % % % % % % % % % % % % % % % % % %
% % % % % % % % % % % % % % % % % % % % % % % % % % <*style % % % % % % % % %
% % % % % % % % % % % % % % % % % % % % % % % % % % % % % % % % % % % % % % %
% % % % % % % % % % % % % % % % % % % % % % % % % % % % % % % % % % % % % % %
% % % % % % % % % % % % % % % % % % % % % % % % % % % % % % % % % % % % % % %
% % % % % % % % % % % % % % % % % % % % % % % % % % % % % % % % % % % % % % %
% % % % % % % % % % % % % % % % % % % % % % % % % % % % % % % % % % % % % % %
% % % % % % % % % % % % % % % % % % % % % % % % % % % % % % % % % % % % % % %
% % % % % % % % % % % % % % % % % % % % % % % % % % % % % % % % % % % % % % %
% % % % % % % % % % % % % % % % % % % % % % % % % % % % % % % % % % % % % % %
% % % % % % % % % % % % % % % % % % % % % % % % % % % % % % % % % % % % % % %
% % % % % % % % % % % % % % % % % % % % % % % % % % % % % % % % % % % % % % %
% % % % % % % % % % % % % % % % % % % % % % % % % % % % % % % % % % % % % % %
% % % % % % % % % % % % % % % % % % % % % % % % % % % % % % % % % % % % % % %
% % % % % % % % % % % % % % % % % % % % % % % % % % % % % % % % % % % % % % %
% % % % % % % % % % % % % % % % % % % % % % % % % % % % % % % % % % % % % % %
% % % % % % % % % % % % % % % % % % % % % % % % % % % % % % % % % % % % % % %
% % % % % % % % % % % % % % % % % % % % % % % % % % % % % % % % % % % % % % %
% % % % % % % % % % % % % % % % % % % % % % % % % % % % % % % % % % % % % % %
% % % % % % % % % % % % % % % % % % % % % % % % % % % % % % % % % % % % % % %
% % % % % % % % % % % % % % % % % % % % % % % % % % % % % % % % % % % % % % %
% % % % % % % % % % % % % % % % % % % % % % % % % % % % % % % % % % % % % % %
% % % % % % % % % % % % % % % % % % % % % % % % % % % % % % % % % % % % % % %
% % % % % % % % % % % % % % % % % % % % % % % % % % % % % % % % % % % % % % %
% % % % % % % % % % % % % % % % % % % % % % % % % % % % % % % % % % % % % % %
% % % % % % % % % % % % % % % % % % % % % % % % % % % % % % % % % % % % % % %
% % % % % % % % % % % % % % % % % % % % % % % % % % % % % % % % % % % % % % %
% % % % % % % % % % % % % % % % % % % % % % % % % % % % % % % % % % % % % % %
% % % % % % % % % % % % % % % % % % % % % % % % % % % % % % % % % % % % % % %
% % % % % % % % % % % % % % % % % % % % % % % % % % % % % % % % % % % % % % %
% % % % % % % % % % % % % % % % % % % % % % % % % % % % % % % % % % % % % % %
% % % % % % % % % % % % % % % % % % % % % % % % % % % % % % % % % % % % % % %
% % % % % % % % % % % % % % % % % % % % % % % % % % % % % % % % % % % % % % %
% % % % % % % % % % % % % % % % % % % % % % % % % % % % % % % % % % % % % % %
% % % % % % % % % % % % % % % % % % % % % % % % % % % % % % % % % % % % % % %
% % % % % % % % % % % % % % % % % % % % % % % % % % % % % % % % % % % % % % %
% % % % % % % % % % % % % % % % % % % % % % % % % % % % % % % % % % % % % % %
% % % % % % % % % % % % % % % % % % % % % % % % % % % % % % % % % % % % % % %
% % % % % % % % % % % % % % % % % % % % % % % % % % % % % % % % % % % % % % %
% % % % % % % % % % % % % % % % % % % % % % % % % % % % % % % % % % % % % % %
% % % % % % % % % % % % % % % % % % % % % % % % % % % % % % % % % % % % % % %
% % % % % % % % % % % % % % % % % % % % % % % % % % % % % % % % % % % % % % %
% % % % % % % % % % % % % % % % % % % % % % % % % % % % % % % % % % % % % % %
% % % % % % % % % % % % % % % % % % % % % % % % % % % % % % % % % % % % % % %
% % % % % % % % % % % % % % % % % % % % % % % % % % % % % % % % % % % % % % %
% % % % % % % % % % % % % % % % % % % % % % % % % % % % % % % % % % % % % % %
% % % % % % % % % % % % % % % > % <+gind|gglo . > <+gind . > <+gglo % >
<+gind|gglo . . . . . . > % % % % % % % % % % <*style % % % % > % <+gind|gglo
. . . > <*style % % % % % % % % % % % % % % % % % % % % % % % % % % % % % % %
% % % % % % % % % % % % % % % % % % % % % % % % % % % % % % % % % % % % % % %
% % % % % % % % % % % % % % % % % % % % % % % % % % % % % % % % % % % % % % %
% % % % % % % % % % % % % % % % % % % % % % % % % % % % % % % % % % % % % % %
% % % % % % % % % % % % % % % % % % % % % % % % % % % % % % % % % % % % % % %
% % % % % % % % % % % % % % % % % % % % % % % % % % % % % % % % % % % % % % %
% % % % % % % % % % % % % % % % % % % % % % % % % % % % % % % % % % % % % % %
% % % % % % % % % % % % % % % % % % % % % % % % % % % % > % <+gind . . . . >
<*style % % % % % % % % % % % % % % % % % % % % % % % % % % % % % % % % % % %
% % % % % % % % % % % % % % % % % % % % % % % % % % % % % % % % % % % % % % %
% % % % % % % % % % % % % % > % <+gind|gglo . > <+gglo % > <+gind . > <*style
% % % % % % % % % % % % % % % % % % % % > % <+gind|gglo . . . > <*style % % %
% % % % % % % % % % % % % % % % % % % % % % % % % % % % % % % % % % % % % % %
% % % % % % % % % % % % % % % % % % % % % % % % % % % % > % <+gind,gglo . . .
. . > <+gind . > <+gglo % > % % % <+gind,gglo . . > <+gind . > <+gglo % >
<*style % % % % % % % % % % % % % % % % % % % % % % % % % % % % % % % % % % %
% % % % % % % % % % % % % % % % % % % % % % % % % % % % % % % % % % % % % % %
% % % % % % % % % % % % % % % % % % % % % % % % % % % % % % % % % % % % % % %
% % % % % % % % % % % % % % % % % % % % % % % % % % % % % % % % % % % % % % %
% > % <+gglo % % % % % > % % % % <+gglo % > <*style % % % % % % % % % % % % %
% % % % % % % % % % % % % % % % % % % % % % % % % % % % % % % % % % % % % % %
% % % % % % % % % % % % % % % % % % % % % % % % % % % % % % % % % % % % % % %
% % % % % % % % % % % % % % % % % % % % % % % % % % % % % % % % % % % % % % %
% % % % % % % % % % % % % % % % % % % % % % % % % % % % % % % % % % % % % % %
% % % % % % % % % % % % % % % % % % % % % % % % % % % % % % % % % % % % % % %
% % % % % % % % % % % % % % % % % % % % % % % % % % % % % % % % % % % % % % %
% % % % % % % % % % % % % % % % % % % % % % % % % % % % % % % % % % % % % % %
% % % % % % % % % % % % % % % % % % % % % % % % % % % % % % % % % % % % % % %
% % % % % % % % % % % % % % % % % % % % % % % % % % % % % % % % % % % % % % %
% % % % % % % % % % % % % % % % % % % % % % % % % % % % % % % % % % % % % % %
% % % % % % % % % % % % % % % % % % % % % % % % % % % % % % % % % % % % % % %
% % % % % % % % % % % % % % % % % % % % % % % % % % % % % % % % % % % % % % %
% % % % % % % % % % % % % % % % % % % % % % % % % % % % % % % % % % % % % % %
% % % % % % % % % % % % % % % % % % % % % % % % % % % % % % % % % % % % % % %
% % % % % % % % % % % % % % % % % % % % % % % % % % % % % % % % % % % % % % %
% % % % % % % % % % % % % % % % % % % % % % % % % % % % % % % % % % % % % % %
% % % % % % % % % % % % % % % % % % % % % % % % % % % % % % % % % % % % % % %
% % % % % % % % % % % % % % % % % % % % % % % % % % % % % % % % % % % % % % %
% % % % % % % % % % % % % % % % % % % % % % % % % % % % % % % % % % % % % % %
% % % % % % % % % % % % % % % % % % % % % % % % % % % % % % % % % % % % % % %
% % % % % % > % % % % % % % % . . . . . . . % % % % %
File doc.doc ended by \endinput.
Lines  processed: 4553
Comments removed: 3781
Comments  passed: 33
Codelines passed: 39

. .

Generating file gglo.ist

. . . . . . . . .
Processing File doc.doc (gglo) -> gglo.ist

% % % % % % % % % % % % % % % % % % % % % % % % % % % % % % % % % % % % % % %
. % % % % <*style % % % % > % % . % . . . . . . . . . . . . . . . . % % % % %
. % . % % % % % % % % % % % % % % % % % % % % % % % % % % % % % % % % % % % %
% % % % % % % % % % % % % % % % % % % % % % % % % % % % % % % % % % % % % % %
% % % % % % % % % % % % % % % % % % % % % % % % % % % % % % % % % % % % % % %
% % % % % % % % % % % % % % % % % % % % % % % % % % % % % % % % % % % % % % %
% % % % % % % % % % % % % % % % % % % % % % % % % % % % % % % % % % % % % % %
% % % % % % % % % % % % % % % % % % % % % % % % % % % % % % % % % % % % % % %
% % % % % % % % % % % % % % % % % % % % % % % % % % % % % % % % % % % % % % %
% % % % % % % % % % % % % % % % % % % % % % % % % % % % % % % % % % % % % % %
% % % % % % % % % % % % % % % % % % % % % % % % % % % % % % % % % % % % % % %
% % % % % % % % % % % % % % % % % % % % % % % % % % % % % % % % % % % % % % %
% % % % % % % % % % % % % % % % % % % % <+driver % % % % % % % % % % % % % % %
% % % % % > % % % % % % % % % % % % % % % % % % % % % % % % % % % % % % % % %
% % % % % % % % % % % % % % % % % % % % % % % % % % % % % % % % % % % % % % %
% % % % % % % % % % % % % % % % % % % % % % % % % % % % % % % % % % % % % % %
% % % % % % % % % % % % % % % % % % % % % % % % % % % % % % % % % % % % % % %
% % % % % % % % % % % % % % % % % % % % % % % % % % % % % % % % % % % % % % %
% % % % % % % % % % % % % % % % % % % % % % % % % % % % % % % % % % % % % % %
% % % % % % % % % % % % % % % % % % % % % % % % % % % % % % % % % % % % % % %
% % % % % % % % % % % % % % % % % % % % % % % % % % % % % % % % % % % % % % %
% % % % % % % % % % % % % % % % % % % % % % % % % % % % % % % % % % % % % % %
% % % % % % % % % % % % % % % % % % % % % % % % % % % % % % % % % % % % % % %
% % % % % % % % % % % % % % % % % % % % % % % % % % % % % % % % % % % % % % %
% % % % % % % % % % % % % % % % % % % % % % % % % % % % % % % % % % % % % % %
% % % % % % % % % % % % % % % % % % % % % % % % % % % % % % % % % % % % % % %
% % % % % % % % % % % % % % % % % % % % % % % % % % % % % % % % % % % % % % %
% % % % % % % % % % % % % % % % % % % % % % % % % % % % % % % % % % % % % % %
. . . . . . . . . . . . . . . . % % % % % % % % % % % % % % % % % % % % % % %
% % % % % % % % % % % % % % % % % % % % % % % % % % % % % % % % % % % % % % %
% % % % % % % % % % % % % % % % % % % % % % % % % % % % % % % % % % % % % % %
% % % % % % % % % % % % % % % % % % % % % % % % % % % % % % % % % % % % % % %
% % % % % % % % % % % % % % % % % % % % % % % % % % % % % % % % % % % % % % %
% % % % % % % % % % % % % % % % % % % % % % % % % % <*style % % % % % % % % %
% % % % % % % % % % % % % % % % % % % % % % % % % % % % % % % % % % % % % % %
% % % % % % % % % % % % % % % % % % % % % % % % % % % % % % % % % % % % % % %
% % % % % % % % % % % % % % % % % % % % % % % % % % % % % % % % % % % % % % %
% % % % % % % % % % % % % % % % % % % % % % % % % % % % % % % % % % % % % % %
% % % % % % % % % % % % % % % % % % % % % % % % % % % % % % % % % % % % % % %
% % % % % % % % % % % % % % % % % % % % % % % % % % % % % % % % % % % % % % %
% % % % % % % % % % % % % % % % % % % % % % % % % % % % % % % % % % % % % % %
% % % % % % % % % % % % % % % % % % % % % % % % % % % % % % % % % % % % % % %
% % % % % % % % % % % % % % % % % % % % % % % % % % % % % % % % % % % % % % %
% % % % % % % % % % % % % % % % % % % % % % % % % % % % % % % % % % % % % % %
% % % % % % % % % % % % % % % % % % % % % % % % % % % % % % % % % % % % % % %
% % % % % % % % % % % % % % % % % % % % % % % % % % % % % % % % % % % % % % %
% % % % % % % % % % % % % % % % % % % % % % % % % % % % % % % % % % % % % % %
% % % % % % % % % % % % % % % % % % % % % % % % % % % % % % % % % % % % % % %
% % % % % % % % % % % % % % % % % % % % % % % % % % % % % % % % % % % % % % %
% % % % % % % % % % % % % % % % % % % % % % % % % % % % % % % % % % % % % % %
% % % % % % % % % % % % % % % % % % % % % % % % % % % % % % % % % % % % % % %
% % % % % % % % % % % % % % % % % % % % % % % % % % % % % % % % % % % % % % %
% % % % % % % % % % % % % % % % % % % % % % % % % % % % % % % % % % % % % % %
% % % % % % % % % % % % % % % % % % % % % % % % % % % % % % % % % % % % % % %
% % % % % % % % % % % % % % % % % % % % % % % % % % % % % % % % % % % % % % %
% % % % % % % % % % % % % % % % % % % % % % % % % % % % % % % % % % % % % % %
% % % % % % % % % % % % % % % % % % % % % % % % % % % % % % % % % % % % % % %
% % % % % % % % % % % % % % % % % % % % % % % % % % % % % % % % % % % % % % %
% % % % % % % % % % % % % % % % % % % % % % % % % % % % % % % % % % % % % % %
% % % % % % % % % % % % % % % % % % % % % % % % % % % % % % % % % % % % % % %
% % % % % % % % % % % % % % % % % % % % % % % % % % % % % % % % % % % % % % %
% % % % % % % % % % % % % % % % % % % % % % % % % % % % % % % % % % % % % % %
% % % % % % % % % % % % % % % % % % % % % % % % % % % % % % % % % % % % % % %
% % % % % % % % % % % % % % % % % % % % % % % % % % % % % % % % % % % % % % %
% % % % % % % % % % % % % % % % % % % % % % % % % % % % % % % % % % % % % % %
% % % % % % % % % % % % % % % % % % % % % % % % % % % % % % % % % % % % % % %
% % % % % % % % % % % % % % % % % % % % % % % % % % % % % % % % % % % % % % %
% % % % % % % % % % % % % % % % % % % % % % % % % % % % % % % % % % % % % % %
% % % % % % % % % % % % % % % % % % % % % % % % % % % % % % % % % % % % % % %
% % % % % % % % % % % % % % % % % % % % % % % % % % % % % % % % % % % % % % %
% % % % % % % % % % % % % % % % % % % % % % % % % % % % % % % % % % % % % % %
% % % % % % % % % % % % % % % % % % % % % % % % % % % % % % % % % % % % % % %
% % % % % % % % % % % % % % % % % % % % % % % % % % % % % % % % % % % % % % %
% % % % % % % % % % % % % % % % % % % % % % % % % % % % % % % % % % % % % % %
% % % % % % % % % % % % % % % % % % % % % % % % % % % % % % % % % % % % % % %
% % % % % % % % % % % % % % % % % % % % % % % % % % % % % % % % % % % % % % %
% % % % % % % % % % % % % % % % % % % % % % % % % % % % % % % % % % % % % % %
% % % % % % % % % % % % % % % % % % % % % % % % % % % % % % % % % % % % % % %
% % % % % % % % % % % % % % % > % <+gind|gglo . > <+gind % > <+gglo . >
<+gind|gglo . . . . . . > % % % % % % % % % % <*style % % % % > % <+gind|gglo
. . . > <*style % % % % % % % % % % % % % % % % % % % % % % % % % % % % % % %
% % % % % % % % % % % % % % % % % % % % % % % % % % % % % % % % % % % % % % %
% % % % % % % % % % % % % % % % % % % % % % % % % % % % % % % % % % % % % % %
% % % % % % % % % % % % % % % % % % % % % % % % % % % % % % % % % % % % % % %
% % % % % % % % % % % % % % % % % % % % % % % % % % % % % % % % % % % % % % %
% % % % % % % % % % % % % % % % % % % % % % % % % % % % % % % % % % % % % % %
% % % % % % % % % % % % % % % % % % % % % % % % % % % % % % % % % % % % % % %
% % % % % % % % % % % % % % % % % % % % % % % % % % % % > % <+gind % % % % >
<*style % % % % % % % % % % % % % % % % % % % % % % % % % % % % % % % % % % %
% % % % % % % % % % % % % % % % % % % % % % % % % % % % % % % % % % % % % % %
% % % % % % % % % % % % % % > % <+gind|gglo . > <+gglo . > <+gind % > <*style
% % % % % % % % % % % % % % % % % % % % > % <+gind|gglo . . . > <*style % % %
% % % % % % % % % % % % % % % % % % % % % % % % % % % % % % % % % % % % % % %
% % % % % % % % % % % % % % % % % % % % % % % % % % % % > % <+gind,gglo . . .
. . > <+gind % > <+gglo . > % % % <+gind,gglo . . > <+gind % > <+gglo . >
<*style % % % % % % % % % % % % % % % % % % % % % % % % % % % % % % % % % % %
% % % % % % % % % % % % % % % % % % % % % % % % % % % % % % % % % % % % % % %
% % % % % % % % % % % % % % % % % % % % % % % % % % % % % % % % % % % % % % %
% % % % % % % % % % % % % % % % % % % % % % % % % % % % % % % % % % % % % % %
% > % <+gglo . . . . . > % % % % <+gglo . > <*style % % % % % % % % % % % % %
% % % % % % % % % % % % % % % % % % % % % % % % % % % % % % % % % % % % % % %
% % % % % % % % % % % % % % % % % % % % % % % % % % % % % % % % % % % % % % %
% % % % % % % % % % % % % % % % % % % % % % % % % % % % % % % % % % % % % % %
% % % % % % % % % % % % % % % % % % % % % % % % % % % % % % % % % % % % % % %
% % % % % % % % % % % % % % % % % % % % % % % % % % % % % % % % % % % % % % %
% % % % % % % % % % % % % % % % % % % % % % % % % % % % % % % % % % % % % % %
% % % % % % % % % % % % % % % % % % % % % % % % % % % % % % % % % % % % % % %
% % % % % % % % % % % % % % % % % % % % % % % % % % % % % % % % % % % % % % %
% % % % % % % % % % % % % % % % % % % % % % % % % % % % % % % % % % % % % % %
% % % % % % % % % % % % % % % % % % % % % % % % % % % % % % % % % % % % % % %
% % % % % % % % % % % % % % % % % % % % % % % % % % % % % % % % % % % % % % %
% % % % % % % % % % % % % % % % % % % % % % % % % % % % % % % % % % % % % % %
% % % % % % % % % % % % % % % % % % % % % % % % % % % % % % % % % % % % % % %
% % % % % % % % % % % % % % % % % % % % % % % % % % % % % % % % % % % % % % %
% % % % % % % % % % % % % % % % % % % % % % % % % % % % % % % % % % % % % % %
% % % % % % % % % % % % % % % % % % % % % % % % % % % % % % % % % % % % % % %
% % % % % % % % % % % % % % % % % % % % % % % % % % % % % % % % % % % % % % %
% % % % % % % % % % % % % % % % % % % % % % % % % % % % % % % % % % % % % % %
% % % % % % % % % % % % % % % % % % % % % % % % % % % % % % % % % % % % % % %
% % % % % % % % % % % % % % % % % % % % % % % % % % % % % % % % % % % % % % %
% % % % % % > % % % % % % % % . . . . . . . % % % % %
File doc.doc ended by \endinput.
Lines  processed: 4553
Comments removed: 3781
Comments  passed: 33
Codelines passed: 41

. .
***********************************************************
*
* To finish the installation you have to move the following
* files into a directory searched by TeX:
*
*   doc.sty
*   docstrip.tex
*
* Also move the following files into a directory searched
* by MakeIndex:
*
*   gind.ist
*   gglo.ist
*
* Happy TeXing
***********************************************************
Overall statistics:
Files  processed: 7
Lines  processed: 24117
Comments removed: 19668
Comments  passed: 191
Codelines passed: 1407
 ) ) 
Here is how much of TeX's memory you used:
 205 strings out of 1977
 1836 string characters out of 29140
 30536 words of memory out of 65531
 2131 multiletter control sequences out of 4000
 18996 words of font info for 72 fonts, out of 45000 for 120
 14 hyphenation exceptions out of 307
 19i,0n,9p,124b,102s stack positions out of 200i,40n,60p,2000b,2000s

No pages of output.
