This is TeX, Version 3.14159 (Web2C 7.3.1) (format=tex 2001.5.16)  29 APR 2002 15:37
**\input /tmp/txi2d.17525/admin.texi
(/tmp/txi2d.17525/admin.texi (texinfo-suppl.tex) (texinfo.tex
Loading texinfo package [Version 1.3]: Basics,
\bindingoffset=\dimen16
\normaloffset=\dimen17
\pagewidth=\dimen18
\pageheight=\dimen19
\cornerlong=\dimen20
\cornerthick=\dimen21
\topandbottommargin=\dimen22
\outerhsize=\dimen23
\outervsize=\dimen24
\EMsimple=\toks12
\singlespaceskip=\skip18
\groupinvalidhelp=\toks13
\mil=\dimen25
\exdentamount=\skip19
 fonts,
\sffam=\fam8
\fontdepth=\count26
 page headings,
\titlepagetopglue=\skip20
\titlepagebottomglue=\skip21
\evenheadline=\toks14
\oddheadline=\toks15
\evenfootline=\toks16
\oddfootline=\toks17
 tables,
\tableindent=\dimen26
\itemindent=\dimen27
\itemmargin=\dimen28
\itemmax=\dimen29
\itemno=\count27
\intableparskip=\dimen30
\intableparindent=\dimen31
\spacebetweencols=\dimen32
\spacebetweenlines=\dimen33
\colcount=\count28

indexing,
\initialskipamount=\skip22
\secondaryindent=\skip23
\partialpage=\box16
\doublecolumnhsize=\dimen34
 sectioning,
\chapno=\count29
\secno=\count30
\subsecno=\count31
\subsubsecno=\count32
\appendixno=\count33
\contentsfile=\write0
\absseclevel=\count34
\secbase=\count35
\chapheadingskip=\skip24
\subsecheadingskip=\skip25
\secheadingskip=\skip26
 toc printing,
\contentsrightmargin=\skip27
\shortappendixwidth=\dimen35
\tocindent=\dimen36
 environments,
\dblarrowbox=\box17
\longdblarrowbox=\box18
\pushcharbox=\box19
\bullbox=\box20
\equivbox=\box21
\errorbox=\box22
\lispnarrowing=\skip28
\envskipamount=\skip29
\circthick=\dimen37
\cartouter=\dimen38
\cartinner=\dimen39
\normbskip=\skip30
\normpskip=\skip31
\normlskip=\skip32
\lskip=\skip33
\rskip=\skip34
 defuns,
\defbodyindent=\skip35
\defargsindent=\skip36
\deftypemargin=\skip37
\deflastargmargin=\skip38
\parencount=\count36
 cross reference,
\auxfile=\write1
\footnoteno=\count37

and turning on texinfo input format.
\defaultparindent=\dimen40
) (admin.aux)
@cpindfile=@write2
@fnindfile=@write3
@vrindfile=@write4
@tpindfile=@write5
@kyindfile=@write6
@pgindfile=@write7
 [1
\openout1 = `admin.aux'.

\openout0 = `admin.toc'.

\openout2 = `admin.cp'.

\openout3 = `admin.fn'.

\openout4 = `admin.vr'.

\openout5 = `admin.tp'.

\openout6 = `admin.ky'.

\openout7 = `admin.pg'.

] (copyright.texinfo
[2] [3] [4]) Chapter 1 Chapter 2 [1] [2] [3] [4] [5] Chapter 3 [6] [7] [8]
[9] [10] [11] [12] [13] [14] [15] [16]
Overfull \hbox (42.04233pt too wide) in paragraph at lines 1223--1223
 []|        @texttt supported_enctypes = des3-hmac-sha1:normal des-cbc-crc:norm
al des-cbc-crc:v4[] 

@hbox(8.8541+3.64589)x469.75499
.@glue(@leftskip) 28.90755
.@hbox(0.0+0.0)x0.0
.@rule(8.8541+3.64589)x0.0
.@penalty 10000
.@glue 5.74869
.etc.


Overfull \hbox (65.03708pt too wide) in paragraph at lines 1224--1224
 []|        @texttt kdc_supported_enctypes = des3-hmac-sha1:normal des-cbc-crc:
normal des-cbc-crc:v4[] 

@hbox(8.8541+3.64589)x469.75499
.@glue(@leftskip) 28.90755
.@hbox(0.0+0.0)x0.0
.@rule(8.8541+3.64589)x0.0
.@penalty 10000
.@glue 5.74869
.etc.

Chapter 4 [17] [18]
Overfull \hbox (3.28935pt too wide) in paragraph at lines 1264--1273
[]@textrm The re-mote ver-sion au-then-ti-cates to the KADM5 server us-ing the 
ser-vice prin-ci-pal @texttt kadmin/admin[]@textrm .

@hbox(7.60416+2.12917)x469.75499, glue set - 1.0
.@hbox(0.0+0.0)x15.0
.@textrm T
.@textrm h
.@textrm e
.@glue 3.65 plus 1.825 minus 1.21666
.etc.

[19]
Overfull \hbox (24.89316pt too wide) in paragraph at lines 1323--1327
 @textrm new keys cre-ated. Avail-able types in-clude `@texttt des3-cbc-sha1:no
rmal[]@textrm '[], `@texttt des-cbc-crc:normal[]@textrm '[],

@hbox(7.60416+2.12917)x469.75499, glue set - 1.0
.@glue(@leftskip) 57.81621
.@textrm n
.@textrm e
.@textrm w
.@glue 3.65 plus 1.825 minus 1.21666
.etc.

[20] [21] [22] [23] [24] [25]
Overfull \hbox (2.57593pt too wide) in paragraph at lines 1693--1697
 []@textrm The ``-allow[][]tix'' op-tion for-bids the is-suance of any tick-ets
 for this prin-ci-pal. ``@texttt +@textrm allow[][]tix''

@hbox(7.60416+2.12917)x469.75499, glue set - 1.0
.@glue(@leftskip) 57.81621
.@hbox(0.0+0.0)x0.0
.@textrm T
.@textrm h
.@textrm e
.etc.

[26]
Overfull \hbox (9.97299pt too wide) in paragraph at lines 1780--1789
[]@textrm `@texttt krbtgt/FUBAR.ORG@ATHENA.MIT.EDU[]@textrm '[] and `@texttt kr
btgt/ATHENA.MIT.EDU@FUBAR.ORG[]@textrm '[] to both databases.

@hbox(7.60416+2.43333)x469.75499, glue set - 1.0
.@hbox(0.0+0.0)x0.0
.@textrm `
.@texttt k
.@texttt r
.@texttt b
.etc.

[27] [28] [29] [30] [31] [32] Chapter 5 [33] [34] [35] [36] [37] [38]
Chapter 6 [39] [40] Chapter 7 [41] [42] [43] [44] Appendix @char 65 [45]
[46] [47] [48] [49] [50] [51] [52] [53] [54] [55] [56] [57] [58] [59] [60]
(admin.toc [-1]) [-2] ) 
Here is how much of TeX's memory you used:
 1118 strings out of 13013
 14680 string characters out of 97191
 37284 words of memory out of 263001
 2008 multiletter control sequences out of 10000+0
 26608 words of font info for 90 fonts, out of 400000 for 1000
 18 hyphenation exceptions out of 1000
 13i,6n,10p,241b,188s stack positions out of 300i,100n,500p,50000b,4000s

Output written on admin.dvi (66 pages, 181464 bytes).
