This is TeX, Version 3.1415 (C version 6.1) (format=plain 98.6.29)  2 MAY 1999 19:31
**install.texinfo
(install.texinfo (texinfo-suppl.tex) (texinfo.tex
Loading texinfo package [Version 1.3]: Basics,
\bindingoffset=\dimen16
\normaloffset=\dimen17
\pagewidth=\dimen18
\pageheight=\dimen19
\cornerlong=\dimen20
\cornerthick=\dimen21
\topandbottommargin=\dimen22
\outerhsize=\dimen23
\outervsize=\dimen24
\EMsimple=\toks12
\singlespaceskip=\skip18
\groupinvalidhelp=\toks13
\mil=\dimen25
\exdentamount=\skip19
 fonts,
\sffam=\fam8
\fontdepth=\count26
 page headings,
\titlepagetopglue=\skip20
\titlepagebottomglue=\skip21
\evenheadline=\toks14
\oddheadline=\toks15
\evenfootline=\toks16
\oddfootline=\toks17
 tables,
\tableindent=\dimen26
\itemindent=\dimen27
\itemmargin=\dimen28
\itemmax=\dimen29
\itemno=\count27
\intableparskip=\dimen30
\intableparindent=\dimen31
\spacebetweencols=\dimen32
\spacebetweenlines=\dimen33
\colcount=\count28

indexing,
\initialskipamount=\skip22
\secondaryindent=\skip23
\partialpage=\box16
\doublecolumnhsize=\dimen34
 sectioning,
\chapno=\count29
\secno=\count30
\subsecno=\count31
\subsubsecno=\count32
\appendixno=\count33
\contentsfile=\write0
\absseclevel=\count34
\secbase=\count35
\chapheadingskip=\skip24
\subsecheadingskip=\skip25
\secheadingskip=\skip26
 toc printing,
\contentsrightmargin=\skip27
\shortappendixwidth=\dimen35
\tocindent=\dimen36
 environments,
\dblarrowbox=\box17
\longdblarrowbox=\box18
\pushcharbox=\box19
\bullbox=\box20
\equivbox=\box21
\errorbox=\box22
\lispnarrowing=\skip28
\envskipamount=\skip29
\circthick=\dimen37
\cartouter=\dimen38
\cartinner=\dimen39
\normbskip=\skip30
\normpskip=\skip31
\normlskip=\skip32
\lskip=\skip33
\rskip=\skip34
 defuns,
\defbodyindent=\skip35
\defargsindent=\skip36
\deftypemargin=\skip37
\deflastargmargin=\skip38
\parencount=\count36
 cross reference,
\auxfile=\write1
\footnoteno=\count37

and turning on texinfo input format.
\defaultparindent=\dimen40
) (install.aux)
@cpindfile=@write2
@fnindfile=@write3
@vrindfile=@write4
@tpindfile=@write5
@kyindfile=@write6
@pgindfile=@write7
 (definitions.texinfo)
[1] (copyright.texinfo [2] [3] [4]) Chapter 1 (document-list.texinfo) [1]
Chapter 2 [2] [3] [4] Chapter 3 [5] [6] (build.texinfo [7] [8] [9] [10]
[11] [12] [13]
Overfull \hbox (4.80408pt too wide) in paragraph at lines 487--493
@textrm name as the sec-ond com-po-nent of a ser-vice prin-ci-pal (i.e, `@textt
t host/tsx-11.mit.edu@ATHENA.MIT.EDU[]@textrm '[]),

@hbox(8.2125+2.73749)x469.75499, glue set - 1.0
.@textrm n
.@textrm a
.@textrm m
.@textrm e
.@glue 3.65 plus 1.825 minus 1.21666
.etc.

[14] [15]) Chapter 4 [16] [17] [18] [19] [20] [21] [22]
Overfull \hbox (20.8674pt too wide) in paragraph at lines 746--751
[]@textrm For ex-am-ple, if the mas-ter KDC were @texttt kerberos.mit.edu[]@tex
trm , the slave KDCs were @texttt kerberos-1.mit.edu[]

@hbox(7.60416+2.12917)x469.75499, glue set - 1.0
.@hbox(0.0+0.0)x15.0
.@textrm F
.@kern-0.91252
.@textrm o
.@textrm r
.etc.

[23] [24] [25] [26] [27] [28] [29] Chapter 5 [30] [31] Chapter 6 [32]
(send-pr.texinfo [33] [34]) Appendix @char 65 [35] [36] [37] [38] (install.toc
[-1] [-2]) [-3] [-4] ) 
Here is how much of TeX's memory you used:
 1169 strings out of 13037
 16215 string characters out of 96096
 33494 words of memory out of 262141
 2030 multiletter control sequences out of 9500
 26608 words of font info for 90 fonts, out of 100000 for 255
 18 hyphenation exceptions out of 607
 15i,6n,10p,263b,228s stack positions out of 300i,40n,60p,3000b,4000s

Output written on install.dvi (46 pages, 116540 bytes).
