This is TeX, Version 3.141 (C version d) (format=lplain 94.1.19)  8 MAY 1994 02:30
**install.mz1
(install.mz1
LaTeX Version 2.09 <25 March 1992>
(prepared for MIT Athena)
(/mit/tex/lib/tex/macros/tmp-install/mainz/doc/docstrip.tex
\TerminalString=\toks11
\blockLevel=\count79
\offLevel=\count80
\emptyLines=\count81
\processedLines=\count82
\commentsRemoved=\count83
\commentsPassed=\count84
\codeLinesPassed=\count85
\NumberOfFiles=\count86
\TotalprocessedLines=\count87
\TotalcommentsRemoved=\count88
\TotalcommentsPassed=\count89
\TotalcodeLinesPassed=\count90
\inFile=\read1
\outFile=\write3
\batchFile=\read2
\ttyin=\read3
\ttyout=\write4

Utility: `docstrip' 2.0r <92/08/17>
English documentation <92/08/17>

**********************************************************
* This program converts documented macro-files into fast *
* loadable files by stripping off (nearly) all comments! *
**********************************************************


Generating file ./multicol.sty

. . . . . . . . . . . . . . . . . . . . . . . . . . . . . . . . . . . .
Processing File multicol.doc (style,check,marktrace) -> multicol.sty

% % % % % % % % % % % % % % % % % % % % % % % % % % % % % % % % % % % . . . .
/ . . . . . . . . . . . . . . . . . % % % . . % % % % % % % % % % % % % % % %
% % % % % % % % % % % % % % % % % % % % % % % % % % % % % % % % % % % % % % %
% % % % % % % % % % % % % % % % % % % % % % % % % % % % % % % % % % % % % % %
% % % % % % % % % % % % % % % % % % % % % % % % % % % % % % % % % % % % % % %
% % % % % % % % % % % % % % % % % % % % % % % % % % % % % % % % % % % % % % %
% % % % % % % % % % % % % % % % % % % % % % % % % % % % % % % % % % % % % % %
% % % % % % % % % % % % % % % % % % % % % % % % % % % % % % % % % % % % % % %
% % % % % % % % % % % % % % % % % % % % % % % % % % % % % % % % % % % % % % %
% % % % % % % % % % % % % % % % % % % % % % % % % % % % % % % % % % % % % % %
% % % % % % % % % % % % % % % % % % % % % % % % % % % % % % % % % % % % % % %
% % % % % % % % % % % % % % % % % % % % % % % % % % % % % % % % % % % % % % %
% % % % % % % % % % % % % % % % % % % % % % % % % % % % % % % % % % % % % % %
% % % % % % % % % % % % % % % % % % % % % % % % % % % % % % % % % % % % % % %
% % % % % % % % % % % % % % % % % % % % % % % % % <*style % . . . . . % % % %
% % % % . % % % % % % % % . . . . . % % % % % % . . . . . % % % . % % % % % %
% % . % % % % % % . . % % % % % % % % . % % % % % % % % % % % . . % % % % % %
% . . . . . % % % . . . . % % % % . . . % % % % % % . % % % % % % % % % . % %
% % . . % % % % % % . . % % % % % . % % % % % . % % % . % % % % % % . . % % %
% % % % % % % % % % % % % % % % % % . % % % % . . % % % % % % % % % % % % . .
. % % % . . . . . . . % % % % . . % % % % % % % . % % % % % % % % % % . . . %
% % % % % . . % % % . . . . . . % % % % % % % % % % . . . . % % % % % % % % %
% % % % % % % <*check % . . . . . . . . . . . . . . . . . . > % . . . % % % %
% % . % % % % % % % % % % % % % % % . . % % % % % % % % . % % % % % % % % % .
% % % % % % . % % % % . % % % % % % % % % . . % % % % % % % % % % . % % % % %
% . % % % % % % % . . % % % % % % % % % % . % % % % % % % % % . % % % % % % %
% . % % % % % . % % % % % % % % % % % % % % % % % % . . . % % % % % % % % % %
% % % % % % % % % % % % % % % % . . . % % % % % % % % . % % % % % % % % % . .
% % % % . % % % % % % % % % % % % % % % . % % % % . % % % % % . . . % % % . .
<*marktrace % . . . . . . > % % % % . % % % % % % % % % % % % % % % % % % % %
% . % % % % . % % % % % % % % % . % % % % . . <*marktrace % . . . > % . % % %
% % % % % % % % % % % % % . . % % % % . . . % % % % % % % . % % % % % % . . %
% % % . . . . . . % % % % % % % % % % % % % % % % % % % % % . . . . . . . . .
. . . . . . % % % . . . % % % % % % . . . . . . . % % % % % % % % % % % % % %
% % % % % % % % . . . . . % % % % % % % % % . % % % % % % % % % % % % % % % .
% % % % % . . . . . . % % % . % % % % % % % % . . % % % . . % % % % % . % % %
% % % . . . % % % % % % % % % % % % % % % % % . . % % % % % % % % % % % % % %
% . . % % % . % % % % % % % % % % . . % % % % % % . % % % % % . . . . % % % %
% . . % % % . % % % % % . . . . . % % % . . . . . . % % % % . . . % % % % % %
% % % . . . . . . % % % % . . . % % % % % % % % % % % % % % . . . . . . .
<*marktrace % . . . . . . . . . . . . . . . > % % % % % % % % % % % % % % % %
% % . . % % % % % % . % % % % % % % % % . . . <*marktrace % . . . . . > % % %
% % . % % % % . . . . % % % % . . . . % % % % % % . . . % % % % % . % % % % %
% % % % % % . . . . . % % % % % % % % . . % % % % % % % % % % . . . . . . % %
% % % % % . . % % % % % % % % % . . % % % % % % % % % % % % % . % % % % % % .
. . . % % % % % % % % % % % % . % % % . . % % % % % . . % % % % . % % % % . .
. % % % % % % % % % . % % % % . . . . % % % % . % % % . . % % % % % % % % % %
. . . % % % % % % % % % . . . % % % % % % . . . . % % % % . % % % % . . . . .
% % % . . . . . . . . % % % % % % % % % % % . % % % % % % % % % % . . % % % %
. % % % % % <*debug % % > % . . . <*debug % % % > % . % % % % % % % % % . . %
% % % % % % % % % % % % % % . . . % % % % . . . . . % % % % % % % % . . . % %
% % % <*debug % % % % % % % % > % . % % % % % % % % % . . . % % % % % % % % .
% % % % % % % % % % . . . % % % % % % % % % % . . . . . . % % % % % % % % % %
% % % . . % % % % % % % . . . % % % . / % % % % % . . . . % % % % % % % . % %
% % % % % . . . . . % % % % % % % % % % % % % % % % % % % % % % % . . . % % %
% % % % % % % % % % % % . . . % % % % % <*marktrace % . . . . > % . % % % % %
. . % % % % % % % % % % . % % % % % <*debug % % % > % % % % % % % . . . % % %
% % % % . % % % % % . . % % % % <*debug % % % > % . % % % % % % % % % . % % %
% % % % % . % % % % % . . . % % % % <*marktrace % . . . . . . > % . % % % % %
% . . . . <*marktrace % . . . . > % . % % % % % % % % % % % . . . . % % % % %
% % . <*debug % % % % % > % . <*debug % % % % % > % . <*debug % % % % % > % .
<*debug % % % % % > % . . > % % % % % % % % % % % % % <+driver % % % % % % % %
% % % % % % % % % % % % % % % % % % % % % % % % % % % % % % % % % > % % % % %
File multicol.doc ended by \endinput.
Lines  processed: 2344
Comments removed: 1755
Comments  passed: 19
Codelines passed: 463

. .

Generating file ./multicol.drv

. . . . . . . . . . . .
Processing File multicol.doc (driver) -> multicol.drv

% % % % % % % % % % % % % % % % % % % % % % % % % % % % % % % % % % % . . . .
/ . . . . . . . . . . . . . . . . . % % % . . % % % % % % % % % % % % % % % %
% % % % % % % % % % % % % % % % % % % % % % % % % % % % % % % % % % % % % % %
% % % % % % % % % % % % % % % % % % % % % % % % % % % % % % % % % % % % % % %
% % % % % % % % % % % % % % % % % % % % % % % % % % % % % % % % % % % % % % %
% % % % % % % % % % % % % % % % % % % % % % % % % % % % % % % % % % % % % % %
% % % % % % % % % % % % % % % % % % % % % % % % % % % % % % % % % % % % % % %
% % % % % % % % % % % % % % % % % % % % % % % % % % % % % % % % % % % % % % %
% % % % % % % % % % % % % % % % % % % % % % % % % % % % % % % % % % % % % % %
% % % % % % % % % % % % % % % % % % % % % % % % % % % % % % % % % % % % % % %
% % % % % % % % % % % % % % % % % % % % % % % % % % % % % % % % % % % % % % %
% % % % % % % % % % % % % % % % % % % % % % % % % % % % % % % % % % % % % % %
% % % % % % % % % % % % % % % % % % % % % % % % % % % % % % % % % % % % % % %
% % % % % % % % % % % % % % % % % % % % % % % % % % % % % % % % % % % % % % %
% % % % % % % % % % % % % % % % % % % % % % % % % <*style % % % % % % % % % %
% % % % % % % % % % % % % % % % % % % % % % % % % % % % % % % % % % % % % % %
% % % % % % % % % % % % % % % % % % % % % % % % % % % % % % % % % % % % % % %
% % % % % % % % % % % % % % % % % % % % % % % % % % % % % % % % % % % % % % %
% % % % % % % % % % % % % % % % % % % % % % % % % % % % % % % % % % % % % % %
% % % % % % % % % % % % % % % % % % % % % % % % % % % % % % % % % % % % % % %
% % % % % % % % % % % % % % % % % % % % % % % % % % % % % % % % % % % % % % %
% % % % % % % % % % % % % % % % % % % % % % % % % % % % % % % % % % % % % % %
% % % % % % % <*check % % % % % % % % % % % % % % % % % % % > % % % % % % % %
% % % % % % % % % % % % % % % % % % % % % % % % % % % % % % % % % % % % % % %
% % % % % % % % % % % % % % % % % % % % % % % % % % % % % % % % % % % % % % %
% % % % % % % % % % % % % % % % % % % % % % % % % % % % % % % % % % % % % % %
% % % % % % % % % % % % % % % % % % % % % % % % % % % % % % % % % % % % % % %
% % % % % % % % % % % % % % % % % % % % % % % % % % % % % % % % % % % % % % %
% % % % % % % % % % % % % % % % % % % % % % % % % % % % % % % % % % % % % % %
<*marktrace % % % % % % % > % % % % % % % % % % % % % % % % % % % % % % % % %
% % % % % % % % % % % % % % % % % % % % % % % <*marktrace % % % % > % % % % %
% % % % % % % % % % % % % % % % % % % % % % % % % % % % % % % % % % % % % % %
% % % % % % % % % % % % % % % % % % % % % % % % % % % % % % % % % % % % % % %
% % % % % % % % % % % % % % % % % % % % % % % % % % % % % % % % % % % % % % %
% % % % % % % % % % % % % % % % % % % % % % % % % % % % % % % % % % % % % % %
% % % % % % % % % % % % % % % % % % % % % % % % % % % % % % % % % % % % % % %
% % % % % % % % % % % % % % % % % % % % % % % % % % % % % % % % % % % % % % %
% % % % % % % % % % % % % % % % % % % % % % % % % % % % % % % % % % % % % % %
% % % % % % % % % % % % % % % % % % % % % % % % % % % % % % % % % % % % % % %
% % % % % % % % % % % % % % % % % % % % % % % % % % % % % % % % % % % % %
<*marktrace % % % % % % % % % % % % % % % % > % % % % % % % % % % % % % % % %
% % % % % % % % % % % % % % % % % % % % % % % <*marktrace % % % % % % > % % %
% % % % % % % % % % % % % % % % % % % % % % % % % % % % % % % % % % % % % % %
% % % % % % % % % % % % % % % % % % % % % % % % % % % % % % % % % % % % % % %
% % % % % % % % % % % % % % % % % % % % % % % % % % % % % % % % % % % % % % %
% % % % % % % % % % % % % % % % % % % % % % % % % % % % % % % % % % % % % % %
% % % % % % % % % % % % % % % % % % % % % % % % % % % % % % % % % % % % % % %
% % % % % % % % % % % % % % % % % % % % % % % % % % % % % % % % % % % % % % %
% % % % % % % % % % % % % % % % % % % % % % % % % % % % % % % % % % % % % % %
% % % % % % <*debug % % > % % % % <*debug % % % > % % % % % % % % % % % % % %
% % % % % % % % % % % % % % % % % % % % % % % % % % % % % % % % % % % % % % %
% % % <*debug % % % % % % % % > % % % % % % % % % % % % % % % % % % % % % % %
% % % % % % % % % % % % % % % % % % % % % % % % % % % % % % % % % % % % % % %
% % % % % % % % % % % % % % % % % % % / % % % % % % % % % % % % % % % % % % %
% % % % % % % % % % % % % % % % % % % % % % % % % % % % % % % % % % % % % % %
% % % % % % % % % % % % % % % % % % % % <*marktrace % % % % % > % % % % % % %
% % % % % % % % % % % % % % % % % % <*debug % % % > % % % % % % % % % % % % %
% % % % % % % % % % % % % % % % <*debug % % % > % % % % % % % % % % % % % % %
% % % % % % % % % % % % % % % % % % <*marktrace % % % % % % % > % % % % % % %
% % % % % <*marktrace % % % % % > % % % % % % % % % % % % % % % % % % % % % %
% % % <*debug % % % % % > % % <*debug % % % % % > % % <*debug % % % % % > % %
<*debug % % % % % > % % % > % % % % % % % % % % % % % <+driver . . . . . . . .
. . . . . . . . . . . . . . . . . . . . . . . . . . . . . . . . . > % % % % %
File multicol.doc ended by \endinput.
Lines  processed: 2344
Comments removed: 1755
Comments  passed: 19
Codelines passed: 45

. .
***********************************************************
*
* To finish the installation you have to move the following
* style file into a directory searched by TeX:
*
*   multicol.sty
*
* To produce the documentation run the files ending with
* `.drv' through LaTeX.
*
* Happy TeXing
***********************************************************
Overall statistics:
Files  processed: 2
Lines  processed: 4688
Comments removed: 3510
Comments  passed: 38
Codelines passed: 508
 ) ) 
Here is how much of TeX's memory you used:
 183 strings out of 1977
 1794 string characters out of 29140
 30476 words of memory out of 65531
 2131 multiletter control sequences out of 4000
 18996 words of font info for 72 fonts, out of 45000 for 120
 14 hyphenation exceptions out of 307
 18i,0n,9p,124b,98s stack positions out of 200i,40n,60p,2000b,2000s

No pages of output.
