This is TeX, Version 3.141 (C version d) (format=lplain 96.6.4)  10 SEP 1996 21:27
**library
(library.tex
LaTeX Version 2.09 <25 March 1992>
(prepared for MIT Athena) (/usr/athena/lib/tex/macros/latex/article.sty
Standard Document Style `article' <14 Jan 92>.
(/usr/athena/lib/tex/macros/latex/art10.sty)
\c@part=\count79
\c@section=\count80
\c@subsection=\count81
\c@subsubsection=\count82
\c@paragraph=\count83
\c@subparagraph=\count84
\c@figure=\count85
\c@table=\count86
) (fixunder.sty) (functions.sty
\argc@ount=\count87
)
(changebar.sty
\chgbarwidth=\dimen99
\chgbarsep=\dimen100
\@chgbarbegin=\dimen101
) (fancyheadings.sty
\headrulewidth=\dimen102
\footrulewidth=\dimen103
\plainheadrulewidth=\dimen104
\plainfootrulewidth=\dimen105
\headwidth=\dimen106
)
\@indexfile=\write3

Writing index file library.idx 
(library.aux) (library.toc [1

])
\tf@toc=\write4
 (intro.tex [2]
Underfull \vbox (badness 10000) has occurred while \output is active
\vbox(650.43+0.0)x379.4175, glue set 12.32774
.\glue(\topskip) 3.05556
.\hbox(6.94444+1.94444)x379.4175, glue set - 0.7192
..\tenrm s
..\tenrm e
..\tenrm c
..\tenrm u
..\tenrm r
..etc.
.\penalty 150
.\glue(\baselineskip) 3.11111
.\hbox(6.94444+1.94444)x379.4175, glue set 109.00034fil
..\tenrm a
..\tenrm l
..\tenrm o
..\tenrm n
..\tenrm g
..etc.
.etc.

 [3]
[4] [5]) (tables.tex [6]) (errors.tex
Underfull \vbox (badness 10000) has occurred while \output is active
\vbox(650.43+0.0)x379.4175, glue set 37.7192
.\glue(\topskip) 0.0
.\hbox(50.7+45.7)x379.4175, glue set 49.9031fil
..\glue(\leftskip) 0.0 plus 1.0fil
..\hbox(0.0+0.0)x0.0
..\glue 0.0
..\hbox(0.0+0.0)x0.0
...\glue 0.0
...\glue 0.0
...\glue -5.0
...\hbox(0.0+0.0)x0.0
...\glue 5.0
..\penalty 0
..etc.
.\penalty -51
.\glue 10.0 plus 3.0 minus 5.0
.\write1{\newlabel{padata-types}{{2}{\thepage }}}
.etc.

 [7]
Underfull \vbox (badness 10000) has occurred while \output is active
\vbox(650.43+0.0)x379.4175
.\glue(\topskip) 0.0
.\hbox(178.89993+174.39993)x379.4175, glue set 5.63026fil
..\hbox(0.0+0.0)x20.00003
..\hbox(178.89993+174.39993)x353.7872
...\mathon
...\vbox(178.89993+174.39993)x353.7872 []
...\mathoff
..\penalty 10000
..\glue(\parfillskip) 0.0 plus 1.0fil
..\glue(\rightskip) 0.0
.\glue(\parskip) 7.22743
.\glue(\lineskip) 1.0
.\hbox(134.25+129.75)x379.4175, glue set 15.87476fil
..\hbox(0.0+0.0)x20.00003
..\hbox(134.25+129.75)x343.54271
...\mathon
...\vbox(134.25+129.75)x343.54271 []
...\mathoff
..\penalty 10000
..\glue(\parfillskip) 0.0 plus 1.0fil
..\glue(\rightskip) 0.0
.etc.

 [8]
Underfull \vbox (badness 10000) has occurred while \output is active
\vbox(650.43+0.0)x379.4175
.\glue(\topskip) 0.0
.\hbox(171.97499+167.47498)x379.4175, glue set 4.15312fil
..\hbox(0.0+0.0)x20.00003
..\hbox(171.97499+167.47498)x355.26434
...\mathon
...\vbox(171.97499+167.47498)x355.26434 []
...\mathoff
..\penalty 10000
..\glue(\parfillskip) 0.0 plus 1.0fil
..\glue(\rightskip) 0.0
.\glue -4.0

 [9]
Underfull \vbox (badness 10000) has occurred while \output is active
\vbox(650.43+0.0)x379.4175
.\glue(\topskip) 0.0
.\hbox(231.42496+226.92494)x379.4175, glue set 8.11813fil
..\hbox(0.0+0.0)x20.00003
..\hbox(231.42496+226.92494)x351.29933
...\mathon
...\vbox(231.42496+226.92494)x351.29933 []
...\mathoff
..\penalty 10000
..\glue(\parfillskip) 0.0 plus 1.0fil
..\glue(\rightskip) 0.0
.\glue(\parskip) 7.22743
.\glue(\lineskip) 1.0
.\hbox(29.75+25.25)x379.4175, glue set 3.09573fil
..\hbox(0.0+0.0)x20.00003
..\hbox(29.75+25.25)x356.32173
...\mathon
...\vbox(29.75+25.25)x356.32173 []
...\mathoff
..\penalty 10000
..\glue(\parfillskip) 0.0 plus 1.0fil
..\glue(\rightskip) 0.0
.etc.

 [10]
Underfull \vbox (badness 10000) has occurred while \output is active
\vbox(650.43+0.0)x379.4175, glue set 12.68987
.\glue(\topskip) 0.0
.\hbox(29.75+25.25)x379.4175, glue set 45.16965fil
..\hbox(0.0+0.0)x20.00003
..\hbox(29.75+25.25)x314.24782
...\mathon
...\vbox(29.75+25.25)x314.24782 []
...\mathoff
..\penalty 10000
..\glue(\parfillskip) 0.0 plus 1.0fil
..\glue(\rightskip) 0.0
.\glue(\parskip) 7.22743
.\glue(\lineskip) 1.0
.\hbox(29.75+25.25)x379.4175, glue set 21.214fil
..\hbox(0.0+0.0)x20.00003
..\hbox(29.75+25.25)x338.20346
...\mathon
...\vbox(29.75+25.25)x338.20346 []
...\mathoff
..\penalty 10000
..\glue(\parfillskip) 0.0 plus 1.0fil
..\glue(\rightskip) 0.0
.etc.

 [11]
Overfull \hbox (13.83983pt too wide) in paragraph at lines 248--291
[][]

\hbox(222.25+217.75)x379.4175
.\hbox(0.0+0.0)x20.00003
.\hbox(222.25+217.75)x373.2573
..\mathon
..\vbox(222.25+217.75)x373.2573
...\hbox(7.69997+3.30003)x373.2573 []
...\glue(\lineskip) 0.0
...\hbox(7.69997+3.30003)x373.2573 []
...\glue(\lineskip) 0.0
...\hbox(7.69997+3.30003)x373.2573 []
...etc.
..\mathoff
.\glue(\rightskip) 0.0


Underfull \hbox (badness 10000) in paragraph at lines 248--291


\hbox(0.0+0.0)x379.4175
.\glue(\rightskip) 0.0

)
Underfull \vbox (badness 10000) has occurred while \output is active
\vbox(650.43+0.0)x379.4175, glue set 15.36415
.\glue(\topskip) 1.66669
.\hbox(8.33331+1.11383)x379.4175, glue set 247.06886fil
..\hbox(7.73332+0.0)x30.75
...\glue 0.0
...\twlbf 3
...\twlbf .
...\twlbf 3
...\glue 13.5
..\twlbf e
..\twlbf r
..\twlbf r
..\twlbf o
..etc.
.\mark{{\uppercase {3\hskip 1em\relax Error tables}}{3.3\hskip 1em\relax err\ET
C.}
.\write1{\@writefile{toc}{\string\contentsline\space {subsection}{\string\numb\
ETC.}
.\penalty 10000
.etc.

 [12]
[13] (krb5.tex
Underfull \vbox (badness 2521) has occurred while \output is active
\vbox(650.43+0.0)x379.4175, glue set 2.93579
.\glue(\topskip) 0.00002
.\hbox(9.99998+0.0)x379.4175, glue set 219.09663fil
..\hbox(9.27998+0.0)x24.83983
...\glue 0.0
...\frtnbf 4
...\glue 16.55989
..\frtnbf l
..\frtnbf i
..\frtnbf b
..\frtnbf k
..etc.
.\mark{{\uppercase {4\hskip 1em\relax libkrb5.a functions}}{}}
.\write1{\@writefile{toc}{\string\contentsline\space {section}{\string\numberl\
ETC.}
.\penalty 10000
.etc.

 [14]
[15] [16]
Underfull \vbox (badness 2582) has occurred while \output is active
\vbox(650.43+0.0)x379.4175, glue set 2.9576
.\glue(\topskip) 1.60004
.\hbox(8.39996+73.60004)x379.4175
..\vbox(8.39996+73.60004)x379.4175
...\hbox(8.39996+73.60004)x379.4175, glue set 72.86032fil []
..\penalty 10000
..\glue(\parfillskip) 0.0 plus 1.0fil
..\glue(\rightskip) 0.0
.\glue -73.60004
.\glue -6.94444
.\hbox(0.0+0.0)x379.4175, glue set - 140.92627fil
..\glue 379.4175
..\glue 0.0
..\vbox(0.0+0.0)x140.92627
...\hbox(6.94444+1.94444)x140.92627, glue set 50.5651fill []
..\glue 0.0 plus 1.0fil minus 1.0fil
.etc.

 [17]
Underfull \vbox (badness 10000) has occurred while \output is active
\vbox(650.43+0.0)x379.4175, glue set 8.9576
.\glue(\topskip) 1.60004
.\hbox(8.39996+73.60004)x379.4175
..\vbox(8.39996+73.60004)x379.4175
...\hbox(8.39996+73.60004)x379.4175, glue set 54.69513fil []
..\penalty 10000
..\glue(\parfillskip) 0.0 plus 1.0fil
..\glue(\rightskip) 0.0
.\glue -73.60004
.\glue -6.94444
.\hbox(0.0+0.0)x379.4175, glue set 379.4175fil
..\glue 0.0
..\glue -140.92627
..\vbox(0.0+0.0)x140.92627
...\hbox(6.94444+1.94444)x140.92627, glue set 35.31499fill []
..\glue 0.0 plus 1.0fil minus 1.0fil
.etc.

 [18]
Underfull \vbox (badness 10000) has occurred while \output is active
\vbox(650.43+0.0)x379.4175, glue set 12.30154
.\glue(\topskip) 1.60004
.\hbox(8.39996+73.60004)x379.4175
..\vbox(8.39996+73.60004)x379.4175
...\hbox(8.39996+73.60004)x379.4175, glue set 78.99364fil []
..\penalty 10000
..\glue(\parfillskip) 0.0 plus 1.0fil
..\glue(\rightskip) 0.0
.\glue -73.60004
.\glue -6.94444
.\hbox(0.0+0.0)x379.4175, glue set - 140.92627fil
..\glue 379.4175
..\glue 0.0
..\vbox(0.0+0.0)x140.92627
...\hbox(6.94444+0.95135)x140.92627, glue set 55.62068fill []
..\glue 0.0 plus 1.0fil minus 1.0fil
.etc.

 [19]
Overfull \hbox (54.83185pt too wide) in paragraph at lines 379--383
[][] 

\hbox(8.39996+37.60004)x379.4175
.\hbox(0.0+0.0)x20.00003
.\vbox(8.39996+37.60004)x414.24931
..\hbox(8.39996+3.60004)x18.33339
...\hbox(0.0+0.0)x0.0 []
...\glue 0.0
...\hbox(8.39996+3.60004)x18.33339 []
..\glue(\baselineskip) 0.0
..\hbox(8.39996+3.60004)x176.33426
...\glue 0.0
...\hbox(8.39996+3.60004)x176.33426 []
..\glue(\baselineskip) 0.0
..\hbox(8.39996+3.60004)x414.24931
...\glue 111.05635
...\hbox(8.39996+3.60004)x303.19296 []
..etc.
.\penalty 10000
.\glue(\parfillskip) 0.0 plus 1.0fil
.\glue(\rightskip) 0.0


Overfull \hbox (50.84576pt too wide) in paragraph at lines 388--392
[][] 

\hbox(8.39996+37.60004)x379.4175
.\hbox(0.0+0.0)x20.00003
.\vbox(8.39996+37.60004)x410.26323
..\hbox(8.39996+3.60004)x18.33339
...\hbox(0.0+0.0)x0.0 []
...\glue 0.0
...\hbox(8.39996+3.60004)x18.33339 []
..\glue(\baselineskip) 0.0
..\hbox(8.39996+3.60004)x203.62572
...\glue 0.0
...\hbox(8.39996+3.60004)x203.62572 []
..\glue(\baselineskip) 0.0
..\hbox(8.39996+3.60004)x410.26323
...\glue 138.34781
...\hbox(8.39996+3.60004)x271.91542 []
..etc.
.\penalty 10000
.\glue(\parfillskip) 0.0 plus 1.0fil
.\glue(\rightskip) 0.0

[20]
Overfull \hbox (52.2973pt too wide) in paragraph at lines 399--403
[][] 

\hbox(8.39996+37.60004)x379.4175
.\hbox(0.0+0.0)x20.00003
.\vbox(8.39996+37.60004)x411.71477
..\hbox(8.39996+3.60004)x18.33339
...\hbox(0.0+0.0)x0.0 []
...\glue 0.0
...\hbox(8.39996+3.60004)x18.33339 []
..\glue(\baselineskip) 0.0
..\hbox(8.39996+3.60004)x213.04933
...\glue 0.0
...\hbox(8.39996+3.60004)x213.04933 []
..\glue(\baselineskip) 0.0
..\hbox(8.39996+3.60004)x411.71477
...\glue 147.77142
...\hbox(8.39996+3.60004)x263.94334 []
..etc.
.\penalty 10000
.\glue(\parfillskip) 0.0 plus 1.0fil
.\glue(\rightskip) 0.0


Underfull \vbox (badness 5954) has occurred while \output is active
\vbox(650.43+0.0)x379.4175, glue set 3.90688
.\glue(\topskip) 3.05556
.\hbox(6.94444+1.94444)x379.4175, glue set 0.36354
..\hbox(0.0+0.0)x20.00003
..\tenrm N
..\tenrm O
..\tenrm T
..\tenrm E
..etc.
.\penalty 300
.\glue(\baselineskip) 3.11111
.\hbox(6.94444+1.94444)x379.4175, glue set 116.44476fil
..\tenrm a
..\tenrm p
..\tenrm p
..\tenrm l
..\tenrm i
..etc.
.etc.

 [21]
Underfull \hbox (badness 1062) in paragraph at lines 472--476
[]\tenbf krb5\tentt _\tenbf build\tentt _\tenbf principal\tenrm () and []\tenbf
 krb5\tentt _\tenbf build\tentt _\tenbf principal\tentt _\tenbf va\tenrm () per
-form the same

\hbox(7.5+2.5)x379.4175, glue set 2.1994
.\hbox(0.0+0.0)x20.00003
.\tenbf k
.\tenbf r
.\tenbf b
.\tenbf 5
.etc.


Overfull \hbox (14.10753pt too wide) in paragraph at lines 485--493
[][] 

\hbox(8.39996+109.60004)x379.4175
.\hbox(0.0+0.0)x20.00003
.\vbox(8.39996+109.60004)x373.525
..\hbox(8.39996+3.60004)x71.1667
...\hbox(0.0+0.0)x0.0 []
...\glue 0.0
...\hbox(8.39996+3.60004)x71.1667 []
..\glue(\baselineskip) 0.0
..\hbox(8.39996+3.60004)x193.4161
...\glue 0.0
...\hbox(8.39996+3.60004)x193.4161 []
..\glue(\baselineskip) 0.0
..\hbox(8.39996+3.60004)x228.2213
...\glue 128.1382
...\hbox(8.39996+3.60004)x100.0831 []
..etc.
.\penalty 10000
.\glue(\parfillskip) 0.0 plus 1.0fil
.\glue(\rightskip) 0.0

[22] [23]
Underfull \vbox (badness 10000) has occurred while \output is active
\vbox(650.43+0.0)x379.4175, glue set 24.45982
.\glue(\topskip) 3.05556
.\hbox(6.94444+2.22223)x379.4175, glue set 0.07784
..\hbox(0.0+0.0)x20.00003
..\tenrm T
..\kern-0.83334
..\tenrm a
..\tenrm k
..etc.
.\penalty 300
.\glue(\baselineskip) 2.83333
.\hbox(6.94444+2.22223)x379.4175, glue set 21.19571fil
..\tenrm m
..\tenrm e
..\tenrm s
..\tenrm s
..\tenrm a
..etc.
.etc.

 [24]
[25]
Underfull \vbox (badness 10000) has occurred while \output is active
\vbox(650.43+0.0)x379.4175, glue set 56.69188
.\glue(\topskip) 3.05556
.\hbox(6.94444+1.94444)x379.4175, glue set 116.44476fil
..\tenrm a
..\tenrm p
..\tenrm p
..\tenrm l
..\tenrm i
..etc.
.\glue(\parskip) 7.22743
.\glue(\baselineskip) 3.11111
.\hbox(6.94444+2.22223)x379.4175, glue set 0.11621
..\hbox(0.0+0.0)x20.00003
..\tenrm S
..\tenrm e
..\tenrm n
..\tenrm d
..etc.
.etc.

 [26]
[27]
Overfull \hbox (23.22691pt too wide) in paragraph at lines 826--852
[][] 

\hbox(8.39996+277.60004)x379.4175
.\hbox(0.0+0.0)x20.00003
.\vbox(8.39996+277.60004)x382.64438
..\hbox(8.39996+3.60004)x71.1667
...\hbox(0.0+0.0)x0.0 []
...\glue 0.0
...\hbox(8.39996+3.60004)x71.1667 []
..\glue(\baselineskip) 0.0
..\hbox(8.39996+3.60004)x147.95108
...\glue 0.0
...\hbox(8.39996+3.60004)x147.95108 []
..\glue(\baselineskip) 0.0
..\hbox(8.39996+3.60004)x182.75627
...\glue 82.67317
...\hbox(8.39996+3.60004)x100.0831 []
..etc.
.\penalty 10000
.\glue(\parfillskip) 0.0 plus 1.0fil
.\glue(\rightskip) 0.0

[28] [29]
Underfull \vbox (badness 10000) has occurred while \output is active
\vbox(650.43+0.0)x379.4175, glue set 22.07353
.\glue(\topskip) 2.5
.\hbox(7.5+2.5)x379.4175, glue set - 0.79991
..\hbox(0.0+0.0)x20.00003
..\tenrm S
..\tenrm e
..\tenrm e
..\glue 3.33333 plus 1.66666 minus 1.11111
..etc.
.\penalty 300
.\glue(\baselineskip) 2.55556
.\hbox(6.94444+2.22223)x379.4175, glue set 103.08562fil
..\tentt e
..\tentt t
..\tentt y
..\tentt p
..\tentt e
..etc.
.etc.

 [30]
[31] [32]
Underfull \vbox (badness 7667) has occurred while \output is active
\vbox(650.43+0.0)x379.4175, glue set 4.2519
.\glue(\topskip) 3.05556
.\hbox(6.94444+1.94444)x379.4175, glue set 82.55588fil
..\tenrm s
..\tenrm h
..\tenrm o
..\tenrm u
..\tenrm l
..etc.
.\glue(\parskip) 7.22743
.\glue(\baselineskip) 3.11111
.\hbox(6.94444+1.94444)x379.4175, glue set - 0.34639
..\hbox(0.0+0.0)x20.00003
..\tenrm I
..\tenrm f
..\glue 3.33333 plus 1.66666 minus 1.11111
..\tentt s
..etc.
.etc.

 [33]
Overfull \hbox (11.64717pt too wide) in paragraph at lines 1224--1229
\\psc\@xpt KRB5\tentt _\\psc\@xpt AUTH\tentt _\\psc\@xpt CONTEXT\tentt _\\psc\@
xpt DO\tentt _\\psc\@xpt SEQUENCE \tenrm or \\psc\@xpt KRB5\tentt _\\psc\@xpt A
UTH\tentt _\\psc\@xpt CONTEXT\tentt _\\psc\@xpt RET\tentt _

\hbox(6.83331+1.94444)x379.4175, glue set - 1.0
.\\psc\@xpt K
.\\psc\@xpt R
.\\psc\@xpt B
.\\psc\@xpt 5
.\tentt _
.etc.


Underfull \vbox (badness 10000) has occurred while \output is active
\vbox(650.43+0.0)x379.4175, glue set 8.26685
.\glue(\topskip) 1.60004
.\hbox(8.39996+73.60004)x379.4175
..\vbox(8.39996+73.60004)x379.4175
...\hbox(8.39996+73.60004)x379.4175, glue set 138.45297fil []
..\penalty 10000
..\glue(\parfillskip) 0.0 plus 1.0fil
..\glue(\rightskip) 0.0
.\glue -73.60004
.\glue -6.94444
.\hbox(0.0+0.0)x379.4175, glue set 379.4175fil
..\glue 0.0
..\glue -140.92627
..\vbox(0.0+0.0)x140.92627
...\hbox(6.94444+1.94444)x140.92627, glue set 108.14847fill []
..\glue 0.0 plus 1.0fil minus 1.0fil
.etc.

 [34]
[35]
Overfull \hbox (11.80309pt too wide) in paragraph at lines 1395--1405
\tenbf sendauth\tenrm () is the match-ing rou-tine to []\tenbf krb5\tentt _\ten
bf recvauth\tenrm () for the server. []\tenbf krb5\tentt _\tenbf recvauth\tenrm
 ()

\hbox(7.5+2.5)x379.4175, glue set - 1.0
.\tenbf s
.\tenbf e
.\tenbf n
.\tenbf d
.\tenbf a
.etc.


Overfull \hbox (17.06326pt too wide) in paragraph at lines 1395--1405
\tenrm will en-gage in an au-then-ti-ca-tion di-a-logue with the client pro-gra
m run-ning []\tenbf krb5\tentt _\tenbf sendauth\tenrm ()

\hbox(7.5+2.5)x379.4175, glue set - 1.0
.\tenrm w
.\tenrm i
.\tenrm l
.\tenrm l
.\glue 3.33333 plus 1.66666 minus 1.11111
.etc.

[36]
Underfull \vbox (badness 10000) has occurred while \output is active
\vbox(650.43+0.0)x379.4175, glue set 32.74745
.\glue(\topskip) 2.5
.\hbox(7.5+2.5)x379.4175, glue set - 1.0
..\tenrm w
..\tenrm i
..\tenrm l
..\tenrm l
..\glue 3.33333 plus 1.66666 minus 1.11111
..etc.
.\glue(\baselineskip) 2.55556
.\hbox(6.94444+1.94444)x379.4175, glue set 0.199
..\tenrm t
..\tenrm o
..\glue 3.33333 plus 1.66666 minus 1.11111
..\tenrm a
..\tenrm u
..etc.
.\penalty 100
.etc.

 [37]
Underfull \vbox (badness 4072) has occurred while \output is active
\vbox(650.43+0.0)x379.4175, glue set 3.44188
.\glue(\topskip) 0.0
.\hbox(50.5+45.5)x379.4175, glue set 24.55603fil
..\hbox(0.0+0.0)x20.00003
..\hbox(50.5+45.5)x334.86143
...\mathon
...\vbox(50.5+45.5)x334.86143 []
...\mathoff
..\penalty 10000
..\glue(\parfillskip) 0.0 plus 1.0fil
..\glue(\rightskip) 0.0
.\glue(\parskip) 7.22743
.\glue(\lineskip) 1.0
.\hbox(7.5+2.5)x379.4175, glue set - 0.44124
..\hbox(0.0+0.0)x20.00003
..\tenrm I
..\tenrm f
..\glue 3.33333 plus 1.66666 minus 1.11111
..\tenrm t
..etc.
.etc.

 [38]
Overfull \hbox (3.89577pt too wide) in paragraph at lines 1573--1577
[]\tenrm As in []\tenbf krb5\tentt _\tenbf mk\tentt _\tenbf safe\tenrm (), the 
remote\tentt _\tenrm addr and remote\tentt _\tenrm port part of the \tentt auth
_context

\hbox(7.5+2.5)x379.4175, glue set - 1.0
.\hbox(0.0+0.0)x20.00003
.\tenrm A
.\tenrm s
.\glue 3.33333 plus 1.66666 minus 1.11111
.\tenrm i
.etc.


Overfull \hbox (14.49965pt too wide) in paragraph at lines 1588--1597
[][] 

\hbox(44.5+39.5)x379.4175
.\hbox(0.0+0.0)x20.00003
.\hbox(44.5+39.5)x373.91711
..\mathon
..\vbox(44.5+39.5)x373.91711
...\hbox(8.39996+3.60004)x373.91711 []
...\glue(\lineskip) 0.0
...\hbox(8.39996+3.60004)x373.91711 []
...\glue(\lineskip) 0.0
...\hbox(8.39996+3.60004)x373.91711 []
...etc.
..\mathoff
.\penalty 10000
.\glue(\parfillskip) 0.0 plus 1.0fil
.\glue(\rightskip) 0.0


Underfull \vbox (badness 7722) has occurred while \output is active
\vbox(650.43+0.0)x379.4175, glue set 4.2606
.\glue(\topskip) 3.05556
.\hbox(6.94444+1.94444)x379.4175, glue set 0.67299
..\hbox(0.0+0.0)x20.00003
..\tenrm I
..\tenrm f
..\glue 3.33333 plus 1.66666 minus 1.11111
..\tenrm a
..etc.
.\penalty 150
.\glue(\baselineskip) 2.55556
.\hbox(7.5+2.5)x379.4175, glue set 0.65225
..\tenrm a
..\tenrm r
..\tenrm e
..\glue 3.33333 plus 1.66666 minus 1.11111
..\tenrm t
..etc.
.etc.

 [39]
[40] [41]
Underfull \vbox (badness 10000) has occurred while \output is active
\vbox(650.43+0.0)x379.4175, glue set 9.55408
.\glue(\topskip) 3.05556
.\hbox(6.94444+1.94444)x379.4175, glue set 0.97041
..\hbox(0.0+0.0)x20.00003
..\tenrm C
..\tenrm o
..\tenrm p
..\kern-0.27779
..etc.
.\penalty 300
.\glue(\baselineskip) 2.55556
.\hbox(7.5+2.5)x379.4175, glue set 59.86919fil
..\tenrm a
..\tenrm l
..\tenrm l
..\tenrm o
..\kern0.27779
..etc.
.etc.

 [42])
(ccache.tex [43]
Underfull \vbox (badness 5756) has occurred while \output is active
\vbox(650.43+0.0)x379.4175, glue set 3.86504
.\glue(\topskip) 3.05556
.\hbox(6.94444+2.22223)x379.4175, glue set - 0.31148
..\hbox(0.0+0.0)x20.00003
..\tenrm F
..\tenrm i
..\tenrm l
..\tenrm l
..etc.
.\glue(\parskip) 7.22743
.\glue(\baselineskip) 2.83333
.\hbox(6.94444+2.22223)x379.4175, glue set 0.55005
..\hbox(0.0+0.0)x20.00003
..\tenrm R
..\tenrm e
..\tenrm q
..\tenrm u
..etc.
.etc.

 [44]
Underfull \vbox (badness 10000) has occurred while \output is active
\vbox(650.43+0.0)x379.4175, glue set 14.03246
.\glue(\topskip) 1.60004
.\hbox(8.39996+73.60004)x379.4175
..\vbox(8.39996+73.60004)x379.4175
...\hbox(8.39996+73.60004)x379.4175, glue set 109.22417fil []
..\penalty 10000
..\glue(\parfillskip) 0.0 plus 1.0fil
..\glue(\rightskip) 0.0
.\glue -73.60004
.\glue -6.94444
.\hbox(0.0+0.0)x379.4175, glue set - 140.92627fil
..\glue 379.4175
..\glue 0.0
..\vbox(0.0+0.0)x140.92627
...\hbox(6.94444+0.95135)x140.92627, glue set 89.56512fill []
..\glue 0.0 plus 1.0fil minus 1.0fil
.etc.

 [45]
[46]) (rcache.tex [47] [48] [49] [50]) (keytab.tex [51]
Underfull \vbox (badness 3386) has occurred while \output is active
\vbox(650.43+0.0)x379.4175, glue set 3.23703
.\glue(\topskip) 1.60004
.\hbox(8.39996+85.60004)x379.4175
..\vbox(8.39996+85.60004)x379.4175
...\hbox(8.39996+85.60004)x379.4175, glue set 160.03497fil []
..\penalty 10000
..\glue(\parfillskip) 0.0 plus 1.0fil
..\glue(\rightskip) 0.0
.\glue -85.60004
.\glue -6.94444
.\hbox(0.0+0.0)x379.4175, glue set 379.4175fil
..\glue 0.0
..\glue -140.92627
..\vbox(0.0+0.0)x140.92627
...\hbox(6.94444+0.95135)x140.92627, glue set 96.9818fill []
..\glue 0.0 plus 1.0fil minus 1.0fil
.etc.

 [52]
Underfull \vbox (badness 10000) has occurred while \output is active
\vbox(650.43+0.0)x379.4175, glue set 18.53506
.\glue(\topskip) 1.60004
.\hbox(8.39996+73.60004)x379.4175
..\vbox(8.39996+73.60004)x379.4175
...\hbox(8.39996+73.60004)x379.4175, glue set 137.27922fil []
..\penalty 10000
..\glue(\parfillskip) 0.0 plus 1.0fil
..\glue(\rightskip) 0.0
.\glue -73.60004
.\glue -6.94444
.\hbox(0.0+0.0)x379.4175, glue set - 140.92627fil
..\glue 379.4175
..\glue 0.0
..\vbox(0.0+0.0)x140.92627
...\hbox(6.94444+1.94444)x140.92627, glue set 82.3429fill []
..\glue 0.0 plus 1.0fil minus 1.0fil
.etc.

 [53]
[54]) (free.tex
Underfull \vbox (badness 3657) has occurred while \output is active
\vbox(650.43+0.0)x379.4175, glue set 3.32234
.\glue(\topskip) 1.60004
.\hbox(8.39996+61.60004)x379.4175
..\vbox(8.39996+61.60004)x379.4175
...\hbox(8.39996+61.60004)x379.4175, glue set 138.37521fil []
..\penalty 10000
..\glue(\parfillskip) 0.0 plus 1.0fil
..\glue(\rightskip) 0.0
.\glue -61.60004
.\glue -6.94444
.\hbox(0.0+0.0)x379.4175, glue set - 140.92627fil
..\glue 379.4175
..\glue 0.0
..\vbox(0.0+0.0)x140.92627
...\hbox(6.94444+1.94444)x140.92627, glue set 73.45409fill []
..\glue 0.0 plus 1.0fil minus 1.0fil
.etc.

 [55]
[56] [57] [58] [59]) (libos.tex [60]
Underfull \vbox (badness 10000) has occurred while \output is active
\vbox(650.43+0.0)x379.4175, glue set 4.84131
.\glue(\topskip) 1.60004
.\hbox(8.39996+37.60004)x379.4175
..\vbox(8.39996+37.60004)x379.4175
...\hbox(8.39996+37.60004)x379.4175, glue set 149.34743fil []
..\penalty 10000
..\glue(\parfillskip) 0.0 plus 1.0fil
..\glue(\rightskip) 0.0
.\glue -37.60004
.\glue -6.94444
.\hbox(0.0+0.0)x379.4175, glue set - 140.92627fil
..\glue 379.4175
..\glue 0.0
..\vbox(0.0+0.0)x140.92627
...\hbox(6.94444+0.95135)x140.92627, glue set 73.39848fill []
..\glue 0.0 plus 1.0fil minus 1.0fil
.etc.

 [61]
Underfull \vbox (badness 10000) has occurred while \output is active
\vbox(650.43+0.0)x379.4175, glue set 5.02899
.\glue(\topskip) 1.60004
.\hbox(8.39996+61.60004)x379.4175
..\vbox(8.39996+61.60004)x379.4175
...\hbox(8.39996+61.60004)x379.4175, glue set 138.0642fil []
..\penalty 10000
..\glue(\parfillskip) 0.0 plus 1.0fil
..\glue(\rightskip) 0.0
.\glue -61.60004
.\glue -6.94444
.\hbox(0.0+0.0)x379.4175, glue set 379.4175fil
..\glue 0.0
..\glue -140.92627
..\vbox(0.0+0.0)x140.92627
...\hbox(6.94444+1.94444)x140.92627, glue set 62.34286fill []
..\glue 0.0 plus 1.0fil minus 1.0fil
.etc.

 [62]
[63]
Overfull \hbox (0.61101pt too wide) in paragraph at lines 225--231
[]\tenrm Compile-time con-fig-u-ra-tion flags will in-di-cate which pro-to-col 
fam-ily ad-dresses might

\hbox(6.94444+1.94444)x379.4175, glue set - 1.0
.\hbox(0.0+0.0)x20.00003
.\tenrm C
.\tenrm o
.\tenrm m
.\tenrm p
.etc.


Underfull \vbox (badness 1158) has occurred while \output is active
\vbox(650.43+0.0)x379.4175, glue set 2.2646
.\glue(\topskip) 3.05556
.\hbox(6.94444+1.94444)x379.4175, glue set - 0.45624
..\hbox(0.0+0.0)x20.00003
..\tenrm A
..\tenrm s
..\tenrm s
..\tenrm u
..etc.
.\penalty 300
.\glue(\baselineskip) 3.11111
.\hbox(6.94444+0.0)x379.4175, glue set 329.08405fil
..\tenrm o
..\tenrm u
..\tenrm t
..\glue 3.33333 plus 1.66666 minus 1.11111
..\tenrm t
..etc.
.etc.

 [64]
Underfull \vbox (badness 4132) has occurred while \output is active
\vbox(650.43+0.0)x379.4175, glue set 3.45963
.\glue(\topskip) 1.60004
.\hbox(8.39996+97.60004)x379.4175
..\vbox(8.39996+97.60004)x379.4175
...\hbox(8.39996+97.60004)x379.4175, glue set 183.88336fil []
..\penalty 10000
..\glue(\parfillskip) 0.0 plus 1.0fil
..\glue(\rightskip) 0.0
.\glue -97.60004
.\glue -6.94444
.\hbox(0.0+0.0)x379.4175, glue set - 140.92627fil
..\glue 379.4175
..\glue 0.0
..\vbox(0.0+0.0)x140.92627
...\hbox(6.94444+0.95135)x140.92627, glue set 102.8707fill []
..\glue 0.0 plus 1.0fil minus 1.0fil
.etc.

 [65]
[66]
Overfull \hbox (7.02643pt too wide) in paragraph at lines 417--419
[]\tenrm The sec-onds por-tion is re-turned in \tentt *seconds\tenrm , the mi-c
rosec-onds por-tion in \tentt *microseconds\tenrm . 

\hbox(6.94444+1.94444)x379.4175, glue set - 1.0
.\hbox(0.0+0.0)x0.0
.\tenrm T
.\tenrm h
.\tenrm e
.\glue 3.33333 plus 1.66666 minus 1.11111
.etc.

[67]) [68] (library.ind [69


]
Overfull \hbox (5.48582pt too wide) in paragraph at lines 128--129
[]\tenrm krb5\tentt _\tenrm get\tentt _\tenrm in\tentt _\tenrm tkt\tentt _\tenr
m with\tentt _\tenrm password 5, 27, 28 

\hbox(6.94444+1.94444)x172.20874, glue set - 1.0
.\hbox(0.0+0.0)x0.0
.\tenrm k
.\tenrm r
.\tenrm b
.\tenrm 5
.etc.

[70] [71

]) (library.aux)
LaTeX Warning: Label(s) may have changed. Rerun to get cross-references right.
 ) 
Here is how much of TeX's memory you used:
 327 strings out of 11976
 3052 string characters out of 87182
 39683 words of memory out of 262141
 2230 multiletter control sequences out of 9500
 20075 words of font info for 76 fonts, out of 100000 for 255
 14 hyphenation exceptions out of 607
 16i,8n,17p,344b,279s stack positions out of 300i,40n,60p,3000b,4000s

Output written on library.dvi (71 pages, 209140 bytes).
