This is TeX, Version 3.141 (C version d) (format=lplain 96.6.4)  10 SEP 1996 22:39
**api-server-design.tex
(api-server-design.tex
LaTeX Version 2.09 <25 March 1992>
(prepared for MIT Athena) (/usr/athena/lib/tex/macros/latex/article.sty
Standard Document Style `article' <14 Jan 92>.
(/usr/athena/lib/tex/macros/latex/art12.sty)
\c@part=\count79
\c@section=\count80
\c@subsection=\count81
\c@subsubsection=\count82
\c@paragraph=\count83
\c@subparagraph=\count84
\c@figure=\count85
\c@table=\count86
) (fullpage.sty) (changebar.sty
\chgbarwidth=\dimen99
\chgbarsep=\dimen100
\@chgbarbegin=\dimen101
)
(rcsid.sty) (api-server-design.aux) (api-server-design.toc [1

])
\tf@toc=\write3
 [2] [3]
[4] [5] [6] [7] [8] [9] [10] [11] [12] [13] [14] [15] [16] [17] [18] [19]
[20] [21] [22] (api-server-design.aux) ) 
Here is how much of TeX's memory you used:
 196 strings out of 11976
 2035 string characters out of 87182
 32920 words of memory out of 262141
 2136 multiletter control sequences out of 9500
 18996 words of font info for 72 fonts, out of 100000 for 255
 14 hyphenation exceptions out of 607
 14i,6n,17p,391b,233s stack positions out of 300i,40n,60p,3000b,4000s

Output written on api-server-design.dvi (22 pages, 71592 bytes).
