This is TeX, Version 3.141 (C version d) (format=lplain 96.6.4)  10 SEP 1996 22:02
**api-funcspec.tex
(api-funcspec.tex
LaTeX Version 2.09 <25 March 1992>
(prepared for MIT Athena) (/usr/athena/lib/tex/macros/latex/article.sty
Standard Document Style `article' <14 Jan 92>.
(/usr/athena/lib/tex/macros/latex/art12.sty)
\c@part=\count79
\c@section=\count80
\c@subsection=\count81
\c@subsubsection=\count82
\c@paragraph=\count83
\c@subparagraph=\count84
\c@figure=\count85
\c@table=\count86
) (fullpage.sty) (changebar.sty
\chgbarwidth=\dimen99
\chgbarsep=\dimen100
\@chgbarbegin=\dimen101
)
(rcsid.sty) (api-funcspec.aux) (api-funcspec.toc [1

])
\tf@toc=\write3
 [2] [3] [4] [5] [6]
[7] [8] [9] [10] [11] [12]
Overfull \hbox (10.86356pt too wide) in paragraph at lines 595--618
[][] 

\hbox(147.99985+141.99985)x469.75499
.\hbox(0.0+0.0)x0.0
.\hbox(147.99985+141.99985)x480.61855
..\mathon
..\vbox(147.99985+141.99985)x480.61855
...\hbox(10.14995+4.35004)x480.61855 []
...\glue(\lineskip) 0.0
...\hbox(10.14995+4.35004)x480.61855 []
...\glue(\lineskip) 0.0
...\hbox(10.14995+4.35004)x480.61855 []
...etc.
..\mathoff
.\penalty 10000
.\glue(\parfillskip) 0.0 plus 1.0fil
.\glue(\rightskip) 0.0

[13] [14]
Underfull \hbox (badness 7888) in paragraph at lines 668--670
[]\twlrm KADM5 er-rors are de-scribed in $\twlmi <$\twlrm kadm5/kadm[]err.h$\tw
lmi >$\twlrm , which is in-cluded by

\hbox(9.0+3.0)x469.75499, glue set 4.29277
.\hbox(0.0+0.0)x0.0
.\twlrm K
.\twlrm A
.\twlrm D
.\twlrm M
.etc.


Underfull \hbox (badness 1521) in paragraph at lines 675--677
[] []\twlrm POLICY[]DB (``/krb5/kadm5[]policy.db''). In KADM5[]API[]

\hbox(9.0+3.0)x440.3803, glue set 2.48102
.\hbox(0.0+0.0)x0.0
.\glue 0.0
.\hbox(8.33331+2.33331)x108.73497
..\glue -29.3747
..\glue 0.0
..\glue -5.87494
..\hbox(8.33331+2.33331)x138.10966
...\glue 5.87494
...\twlbf a
...\twlbf d
...\twlbf m
...\twlbf i
...etc.
..\glue 5.87494
.\penalty 0
.\twlrm P
.etc.


Underfull \hbox (badness 3838) in paragraph at lines 682--688
[]\twlrm Client ap-pli-ca-tions will link against libkadm5clnt.a and server pro
-grams against

\hbox(8.33331+2.33331)x469.75499, glue set 3.37526
.\hbox(0.0+0.0)x0.0
.\twlrm C
.\twlrm l
.\twlrm i
.\twlrm e
.etc.

[15] [16] [17] [18]
Underfull \hbox (badness 2285) in paragraph at lines 858--860
\twlrm us-ing the keytab en-try to ob-tain ini-tial

\hbox(8.33331+2.33331)x234.15518, glue set 2.83942
.\twlrm u
.\twlrm s
.\discretionary
..\twlrm -
.\twlrm i
.\twlrm n
.etc.

[19] [20] [21] [22] [23] [24] [25] [26] [27] [28] [29]
Underfull \hbox (badness 1005) in paragraph at lines 1352--1354
[] []\twlrm If the prin-ci-pal your are try-ing to change is kad-min/history re
-turn KADM5[]

\hbox(9.0+3.0)x440.3803, glue set 2.15851
.\hbox(0.0+0.0)x0.0
.\glue 0.0
.\hbox(7.73332+0.0)x0.0
..\glue 0.0
..\glue -23.49976
..\glue -5.87494
..\hbox(7.73332+0.0)x23.49976, glue set 23.49976fil
...\glue 0.0 plus 1.0fil minus 1.0fil
...\hbox(7.73332+0.0)x0.0, glue set - 9.1388fil []
..\glue 5.87494
.\penalty 0
.\twlrm I
.etc.

[30] [31] [32] [33] [34] [35] [36] [37]
Overfull \hbox (5.72025pt too wide) in paragraph at lines 1782--1782
[]\twltt kadm5_get_policy(void *server_handle, char *policy, kadm5_policy_ent_t
 *ent);[] 

\hbox(8.33331+2.66666)x469.75499
.\hbox(0.0+0.0)x0.0
.\twltt k
.\twltt a
.\twltt d
.\twltt m
.etc.

[38] [39] [40] [41] (api-funcspec.aux)
LaTeX Warning: Label(s) may have changed. Rerun to get cross-references right.
 ) 
Here is how much of TeX's memory you used:
 207 strings out of 11976
 2121 string characters out of 87182
 37894 words of memory out of 262141
 2147 multiletter control sequences out of 9500
 18996 words of font info for 72 fonts, out of 100000 for 255
 14 hyphenation exceptions out of 607
 14i,10n,17p,522b,259s stack positions out of 300i,40n,60p,3000b,4000s

Output written on api-funcspec.dvi (41 pages, 123412 bytes).
