This file contains any messages produced by compilers while
running configure, to aid debugging if configure makes a mistake.

It was created by Berkeley DB configure 4.1.24, which was
generated by GNU Autoconf 2.53.  Invocation command line was

  $ ../dist/configure --prefix=/usr --enable-posixmutexes

## --------- ##
## Platform. ##
## --------- ##

hostname = yarmouth.devel.redhat.com
uname -m = i686
uname -r = 2.4.18-12.5smp
uname -s = Linux
uname -v = #1 SMP Mon Aug 26 08:04:38 EDT 2002

/usr/bin/uname -p = unknown
/bin/uname -X     = unknown

/bin/arch              = i686
/usr/bin/arch -k       = unknown
/usr/convex/getsysinfo = unknown
hostinfo               = unknown
/bin/machine           = unknown
/usr/bin/oslevel       = unknown
/bin/universe          = unknown

PATH: /home/devel/jbj/bin
PATH: /usr/kerberos/bin
PATH: /usr/X11R6/bin
PATH: /usr/local/bin
PATH: /usr/bin/X11
PATH: /bin
PATH: /usr/bin
PATH: /usr/local/sbin
PATH: /usr/local/etc
PATH: /usr/sbin
PATH: /usr/etc
PATH: /sbin
PATH: /etc
PATH: /usr/games
PATH: .


## ----------- ##
## Core tests. ##
## ----------- ##

configure:1444: checking build system type
configure:1462: result: i686-pc-linux-gnu
configure:1470: checking host system type
configure:1484: result: i686-pc-linux-gnu
configure:1507: checking if building in the top-level directory
configure:1514: result: no
configure:1600: checking if --enable-compat185 option specified
configure:1609: result: no
configure:1612: checking if --enable-cxx option specified
configure:1621: result: no
configure:1624: checking if --enable-debug option specified
configure:1633: result: no
configure:1636: checking if --enable-debug_rop option specified
configure:1645: result: no
configure:1648: checking if --enable-debug_wop option specified
configure:1657: result: no
configure:1660: checking if --enable-diagnostic option specified
configure:1669: result: no
configure:1672: checking if --enable-dump185 option specified
configure:1681: result: no
configure:1684: checking if --enable-java option specified
configure:1693: result: no
configure:1696: checking if --enable-posixmutexes option specified
configure:1705: result: yes
configure:1708: checking if --enable-rpc option specified
configure:1717: result: no
configure:1720: checking if --enable-tcl option specified
configure:1729: result: no
configure:1732: checking if --enable-test option specified
configure:1741: result: no
configure:1744: checking if --enable-uimutexes option specified
configure:1753: result: no
configure:1756: checking if --enable-umrw option specified
configure:1765: result: no
configure:1768: checking if --with-embedix=DIR option specified
configure:1780: result: no
configure:1793: checking if --with-mutex=MUTEX option specified
configure:1811: result: no
configure:1814: checking if --with-rpm=DIR option specified
configure:1835: result: no
configure:1838: checking if --with-tcl=DIR option specified
configure:1848: result: no
configure:1854: checking if --with-uniquename=NAME option specified
configure:1866: result: no
configure:1982: checking for ar
configure:1998: found /usr/bin/ar
configure:2009: result: ar
configure:2068: checking for chmod
configure:2084: found /bin/chmod
configure:2095: result: chmod
configure:2154: checking for cp
configure:2170: found /bin/cp
configure:2181: result: cp
configure:2367: checking for ln
configure:2383: found /bin/ln
configure:2394: result: ln
configure:2453: checking for mkdir
configure:2469: found /bin/mkdir
configure:2480: result: mkdir
configure:2541: checking for ranlib
configure:2557: found /usr/bin/ranlib
configure:2568: result: ranlib
configure:2582: checking for ranlib
configure:2600: found /usr/bin/ranlib
configure:2613: result: /usr/bin/ranlib
configure:2662: checking for rm
configure:2678: found /bin/rm
configure:2689: result: rm
configure:2838: checking for sh
configure:2854: found /bin/sh
configure:2865: result: sh
configure:2879: checking for sh
configure:2897: found /bin/sh
configure:2910: result: /bin/sh
configure:2968: checking for strip
configure:2984: found /usr/bin/strip
configure:2995: result: strip
configure:3009: checking for strip
configure:3027: found /usr/bin/strip
configure:3040: result: /usr/bin/strip
configure:3150: checking for a BSD-compatible install
configure:3204: result: /usr/bin/install -c
configure:3361: checking for cc
configure:3377: found /usr/bin/cc
configure:3387: result: cc
configure:3406: checking for C compiler version
configure:3409: cc --version </dev/null >&5
cc (GCC) 3.2 20021021 (Red Hat Linux 8.0 3.2-11)
Copyright (C) 2002 Free Software Foundation, Inc.
This is free software; see the source for copying conditions.  There is NO
warranty; not even for MERCHANTABILITY or FITNESS FOR A PARTICULAR PURPOSE.

configure:3412: $? = 0
configure:3414: cc -v </dev/null >&5
Reading specs from /usr/lib/gcc-lib/i386-redhat-linux/3.2/specs
Configured with: ../configure --prefix=/usr --mandir=/usr/share/man --infodir=/usr/share/info --enable-shared --enable-threads=posix --disable-checking --with-system-zlib --enable-__cxa_atexit --host=i386-redhat-linux
Thread model: posix
gcc version 3.2 20021021 (Red Hat Linux 8.0 3.2-11)
configure:3417: $? = 0
configure:3419: cc -V </dev/null >&5
cc: argument to `-V' is missing
configure:3422: $? = 1
configure:3448: checking for C compiler default output
configure:3451: cc -O2  -D_GNU_SOURCE -D_REENTRANT  conftest.c  >&5
configure:3454: $? = 0
configure:3487: result: a.out
configure:3492: checking whether the C compiler works
configure:3498: ./a.out
configure:3501: $? = 0
configure:3516: result: yes
configure:3523: checking whether we are cross compiling
configure:3525: result: no
configure:3528: checking for suffix of executables
configure:3530: cc -o conftest -O2  -D_GNU_SOURCE -D_REENTRANT  conftest.c  >&5
configure:3533: $? = 0
configure:3555: result: 
configure:3561: checking for suffix of object files
configure:3585: cc -c -O2  -D_GNU_SOURCE -D_REENTRANT conftest.c >&5
configure:3588: $? = 0
configure:3607: result: o
configure:3611: checking whether we are using the GNU C compiler
configure:3638: cc -c -O2  -D_GNU_SOURCE -D_REENTRANT conftest.c >&5
configure:3641: $? = 0
configure:3644: test -s conftest.o
configure:3647: $? = 0
configure:3659: result: yes
configure:3665: checking whether cc accepts -g
configure:3689: cc -c -g  -D_GNU_SOURCE -D_REENTRANT conftest.c >&5
configure:3692: $? = 0
configure:3695: test -s conftest.o
configure:3698: $? = 0
configure:3708: result: yes
configure:3735: cc -c -O2  -D_GNU_SOURCE -D_REENTRANT conftest.c >&5
conftest.c:2: parse error before "me"
configure:3738: $? = 1
configure: failed program was:
#ifndef __cplusplus
  choke me
#endif
configure:4663: checking whether we are using gcc version 2.96
configure:4678: result: no
configure:4689: checking whether g++ requires -fhandle-exceptions
configure:4704: result: no
configure:4817: checking for ld used by GCC
configure:4880: result: /usr/i386-redhat-linux/bin/ld
configure:4889: checking if the linker (/usr/i386-redhat-linux/bin/ld) is GNU ld
GNU ld version 2.13.90.0.4 20020814
configure:4901: result: yes
configure:4906: checking for /usr/i386-redhat-linux/bin/ld option to reload object files
configure:4913: result: -r
configure:4918: checking for BSD-compatible nm
configure:4954: result: /usr/bin/nm -B
configure:4957: checking whether ln -s works
configure:4961: result: yes
configure:4968: checking how to recognise dependant libraries
configure:5150: result: pass_all
configure:5163: checking command to parse /usr/bin/nm -B output
configure:5244: cc -c -O2  -D_GNU_SOURCE -D_REENTRANT conftest.c >&5
configure:5247: $? = 0
configure:5251: /usr/bin/nm -B conftest.o \| sed -n -e 's/^.*[ 	]\([ABCDGISTW][ABCDGISTW]*\)[ 	][ 	]*\(\)\([_A-Za-z][_A-Za-z0-9]*\)$/\1 \2\3 \3/p' \> conftest.nm
configure:5254: $? = 0
configure:5306: cc -o conftest -O2  -D_GNU_SOURCE -D_REENTRANT  conftest.c conftstm.o >&5
configure:5309: $? = 0
configure:5353: result: ok
configure:5362: checking how to run the C preprocessor
configure:5388: cc -E  -D_GNU_SOURCE -D_REENTRANT conftest.c
configure:5394: $? = 0
configure:5421: cc -E  -D_GNU_SOURCE -D_REENTRANT conftest.c
configure:5417:28: ac_nonexistent.h: No such file or directory
configure:5427: $? = 1
configure: failed program was:
#line 5416 "configure"
#include "confdefs.h"
#include <ac_nonexistent.h>
configure:5464: result: cc -E
configure:5479: cc -E  -D_GNU_SOURCE -D_REENTRANT conftest.c
configure:5485: $? = 0
configure:5512: cc -E  -D_GNU_SOURCE -D_REENTRANT conftest.c
configure:5508:28: ac_nonexistent.h: No such file or directory
configure:5518: $? = 1
configure: failed program was:
#line 5507 "configure"
#include "confdefs.h"
#include <ac_nonexistent.h>
configure:5558: checking for ANSI C header files
configure:5572: cc -E  -D_GNU_SOURCE -D_REENTRANT conftest.c
configure:5578: $? = 0
configure:5663: cc -o conftest -O2  -D_GNU_SOURCE -D_REENTRANT  conftest.c  >&5
configure:5666: $? = 0
configure:5668: ./conftest
configure:5671: $? = 0
configure:5685: result: yes
configure:5709: checking for sys/types.h
configure:5722: cc -c -O2  -D_GNU_SOURCE -D_REENTRANT conftest.c >&5
configure:5725: $? = 0
configure:5728: test -s conftest.o
configure:5731: $? = 0
configure:5741: result: yes
configure:5709: checking for sys/stat.h
configure:5722: cc -c -O2  -D_GNU_SOURCE -D_REENTRANT conftest.c >&5
configure:5725: $? = 0
configure:5728: test -s conftest.o
configure:5731: $? = 0
configure:5741: result: yes
configure:5709: checking for stdlib.h
configure:5722: cc -c -O2  -D_GNU_SOURCE -D_REENTRANT conftest.c >&5
configure:5725: $? = 0
configure:5728: test -s conftest.o
configure:5731: $? = 0
configure:5741: result: yes
configure:5709: checking for string.h
configure:5722: cc -c -O2  -D_GNU_SOURCE -D_REENTRANT conftest.c >&5
configure:5725: $? = 0
configure:5728: test -s conftest.o
configure:5731: $? = 0
configure:5741: result: yes
configure:5709: checking for memory.h
configure:5722: cc -c -O2  -D_GNU_SOURCE -D_REENTRANT conftest.c >&5
configure:5725: $? = 0
configure:5728: test -s conftest.o
configure:5731: $? = 0
configure:5741: result: yes
configure:5709: checking for strings.h
configure:5722: cc -c -O2  -D_GNU_SOURCE -D_REENTRANT conftest.c >&5
configure:5725: $? = 0
configure:5728: test -s conftest.o
configure:5731: $? = 0
configure:5741: result: yes
configure:5709: checking for inttypes.h
configure:5722: cc -c -O2  -D_GNU_SOURCE -D_REENTRANT conftest.c >&5
configure:5725: $? = 0
configure:5728: test -s conftest.o
configure:5731: $? = 0
configure:5741: result: yes
configure:5709: checking for stdint.h
configure:5722: cc -c -O2  -D_GNU_SOURCE -D_REENTRANT conftest.c >&5
configure:5725: $? = 0
configure:5728: test -s conftest.o
configure:5731: $? = 0
configure:5741: result: yes
configure:5709: checking for unistd.h
configure:5722: cc -c -O2  -D_GNU_SOURCE -D_REENTRANT conftest.c >&5
configure:5725: $? = 0
configure:5728: test -s conftest.o
configure:5731: $? = 0
configure:5741: result: yes
configure:5767: checking dlfcn.h usability
configure:5776: cc -c -O2  -D_GNU_SOURCE -D_REENTRANT conftest.c >&5
configure:5779: $? = 0
configure:5782: test -s conftest.o
configure:5785: $? = 0
configure:5794: result: yes
configure:5798: checking dlfcn.h presence
configure:5805: cc -E  -D_GNU_SOURCE -D_REENTRANT conftest.c
configure:5811: $? = 0
configure:5829: result: yes
configure:5847: checking for dlfcn.h
configure:5854: result: yes
configure:6051: checking for ranlib
configure:6067: found /usr/bin/ranlib
configure:6078: result: ranlib
configure:6131: checking for strip
configure:6147: found /usr/bin/strip
configure:6158: result: strip
configure:6371: checking for objdir
configure:6382: result: .libs
configure:6403: checking for cc option to produce PIC
configure:6553: result: -fPIC
configure:6557: checking if cc PIC flag -fPIC works
configure:6583: cc -c -O2 -fPIC -DPIC  -D_GNU_SOURCE -D_REENTRANT conftest.c >&5
configure:6586: $? = 0
configure:6589: test -s conftest.o
configure:6592: $? = 0
configure:6629: result: yes
configure:6649: checking if cc static flag -static works
configure:6676: cc -o conftest -O2  -D_GNU_SOURCE -D_REENTRANT  -static conftest.c  >&5
configure:6679: $? = 0
configure:6682: test -s conftest
configure:6685: $? = 0
configure:6700: result: yes
configure:6716: checking if cc supports -c -o file.o
configure:6738: cc -c -O2 -o out/conftest2.o  -D_GNU_SOURCE -D_REENTRANT conftest.c >&5
configure:6760: result: yes
configure:6765: checking if cc supports -c -o file.lo
configure:6795: cc -c -O2 -c -o conftest.lo  -D_GNU_SOURCE -D_REENTRANT conftest.c >&5
configure:6798: $? = 0
configure:6801: test -s conftest.lo
configure:6804: $? = 0
configure:6825: result: yes
configure:6864: checking if cc supports -fno-rtti -fno-exceptions
configure:6889: cc -c -O2 -fno-rtti -fno-exceptions -c conftest.c  -D_GNU_SOURCE -D_REENTRANT conftest.c >&5
configure:6892: $? = 0
configure:6895: test -s conftest.o
configure:6898: $? = 0
configure:6914: result: yes
configure:6929: checking whether the linker (/usr/i386-redhat-linux/bin/ld) supports shared libraries
configure:7656: result: yes
configure:7665: checking how to hardcode library paths into programs
configure:7689: result: immediate
configure:7698: checking whether stripping libraries is possible
configure:7703: result: yes
configure:7718: checking dynamic linker characteristics
configure:8130: result: GNU/Linux ld.so
configure:8139: checking if libtool supports shared libraries
configure:8141: result: yes
configure:8148: checking whether to build shared libraries
configure:8169: result: yes
configure:8176: checking whether to build static libraries
configure:8180: result: yes
configure:8846: checking whether -lc should be explicitly linked in
configure:8854: cc -c -O2  -D_GNU_SOURCE -D_REENTRANT conftest.c >&5
configure:8857: $? = 0
configure:8871: cc -shared conftest.o  -v -Wl,-soname -Wl,conftest -o conftest 2\>\&1 \| grep  -lc  \>/dev/null 2\>\&1
configure:8874: $? = 0
configure:8887: result: no
configure:9469: checking SOSUFFIX from libtool
configure:9491: result: so
configure:9496: checking MODSUFFIX from libtool
configure:9518: result: so
configure:9523: checking JMODSUFFIX from libtool
configure:9545: result: so
configure:10369: checking for cc option to accept ANSI C
configure:10432: cc  -c -O2  -D_GNU_SOURCE -D_REENTRANT conftest.c >&5
configure:10435: $? = 0
configure:10438: test -s conftest.o
configure:10441: $? = 0
configure:10458: result: none needed
configure:10466: checking for an ANSI C-conforming const
configure:10536: cc -c -O2  -D_GNU_SOURCE -D_REENTRANT conftest.c >&5
configure:10539: $? = 0
configure:10542: test -s conftest.o
configure:10545: $? = 0
configure:10555: result: yes
configure:10567: checking whether stat file-mode macros are broken
configure:10612: result: no
configure:10622: checking whether time.h and sys/time.h may both be included
configure:10650: cc -c -O2  -D_GNU_SOURCE -D_REENTRANT conftest.c >&5
configure:10653: $? = 0
configure:10656: test -s conftest.o
configure:10659: $? = 0
configure:10669: result: yes
configure:10687: checking for dirent.h that defines DIR
configure:10714: cc -c -O2  -D_GNU_SOURCE -D_REENTRANT conftest.c >&5
configure:10717: $? = 0
configure:10720: test -s conftest.o
configure:10723: $? = 0
configure:10733: result: yes
configure:10746: checking for library containing opendir
configure:10779: cc -o conftest -O2  -D_GNU_SOURCE -D_REENTRANT  conftest.c  >&5
configure:10782: $? = 0
configure:10785: test -s conftest
configure:10788: $? = 0
configure:10847: result: none required
configure:10980: checking sys/select.h usability
configure:10989: cc -c -O2  -D_GNU_SOURCE -D_REENTRANT conftest.c >&5
configure:10992: $? = 0
configure:10995: test -s conftest.o
configure:10998: $? = 0
configure:11007: result: yes
configure:11011: checking sys/select.h presence
configure:11018: cc -E  -D_GNU_SOURCE -D_REENTRANT conftest.c
configure:11024: $? = 0
configure:11042: result: yes
configure:11060: checking for sys/select.h
configure:11067: result: yes
configure:10980: checking sys/time.h usability
configure:10989: cc -c -O2  -D_GNU_SOURCE -D_REENTRANT conftest.c >&5
configure:10992: $? = 0
configure:10995: test -s conftest.o
configure:10998: $? = 0
configure:11007: result: yes
configure:11011: checking sys/time.h presence
configure:11018: cc -E  -D_GNU_SOURCE -D_REENTRANT conftest.c
configure:11024: $? = 0
configure:11042: result: yes
configure:11060: checking for sys/time.h
configure:11067: result: yes
configure:11080: checking for struct stat.st_blksize
configure:11106: cc -c -O2  -D_GNU_SOURCE -D_REENTRANT conftest.c >&5
configure:11109: $? = 0
configure:11112: test -s conftest.o
configure:11115: $? = 0
configure:11125: result: yes
configure:11140: checking for char
configure:11170: cc -c -O2  -D_GNU_SOURCE -D_REENTRANT conftest.c >&5
configure:11173: $? = 0
configure:11176: test -s conftest.o
configure:11179: $? = 0
configure:11189: result: yes
configure:11192: checking size of char
configure:11488: cc -o conftest -O2  -D_GNU_SOURCE -D_REENTRANT  conftest.c  >&5
configure:11491: $? = 0
configure:11493: ./conftest
configure:11496: $? = 0
configure:11516: result: 1
configure:11523: checking for unsigned char
configure:11553: cc -c -O2  -D_GNU_SOURCE -D_REENTRANT conftest.c >&5
configure:11556: $? = 0
configure:11559: test -s conftest.o
configure:11562: $? = 0
configure:11572: result: yes
configure:11575: checking size of unsigned char
configure:11871: cc -o conftest -O2  -D_GNU_SOURCE -D_REENTRANT  conftest.c  >&5
configure:11874: $? = 0
configure:11876: ./conftest
configure:11879: $? = 0
configure:11899: result: 1
configure:11906: checking for short
configure:11936: cc -c -O2  -D_GNU_SOURCE -D_REENTRANT conftest.c >&5
configure:11939: $? = 0
configure:11942: test -s conftest.o
configure:11945: $? = 0
configure:11955: result: yes
configure:11958: checking size of short
configure:12254: cc -o conftest -O2  -D_GNU_SOURCE -D_REENTRANT  conftest.c  >&5
configure:12257: $? = 0
configure:12259: ./conftest
configure:12262: $? = 0
configure:12282: result: 2
configure:12289: checking for unsigned short
configure:12319: cc -c -O2  -D_GNU_SOURCE -D_REENTRANT conftest.c >&5
configure:12322: $? = 0
configure:12325: test -s conftest.o
configure:12328: $? = 0
configure:12338: result: yes
configure:12341: checking size of unsigned short
configure:12637: cc -o conftest -O2  -D_GNU_SOURCE -D_REENTRANT  conftest.c  >&5
configure:12640: $? = 0
configure:12642: ./conftest
configure:12645: $? = 0
configure:12665: result: 2
configure:12672: checking for int
configure:12702: cc -c -O2  -D_GNU_SOURCE -D_REENTRANT conftest.c >&5
configure:12705: $? = 0
configure:12708: test -s conftest.o
configure:12711: $? = 0
configure:12721: result: yes
configure:12724: checking size of int
configure:13020: cc -o conftest -O2  -D_GNU_SOURCE -D_REENTRANT  conftest.c  >&5
configure:13023: $? = 0
configure:13025: ./conftest
configure:13028: $? = 0
configure:13048: result: 4
configure:13055: checking for unsigned int
configure:13085: cc -c -O2  -D_GNU_SOURCE -D_REENTRANT conftest.c >&5
configure:13088: $? = 0
configure:13091: test -s conftest.o
configure:13094: $? = 0
configure:13104: result: yes
configure:13107: checking size of unsigned int
configure:13403: cc -o conftest -O2  -D_GNU_SOURCE -D_REENTRANT  conftest.c  >&5
configure:13406: $? = 0
configure:13408: ./conftest
configure:13411: $? = 0
configure:13431: result: 4
configure:13438: checking for long
configure:13468: cc -c -O2  -D_GNU_SOURCE -D_REENTRANT conftest.c >&5
configure:13471: $? = 0
configure:13474: test -s conftest.o
configure:13477: $? = 0
configure:13487: result: yes
configure:13490: checking size of long
configure:13786: cc -o conftest -O2  -D_GNU_SOURCE -D_REENTRANT  conftest.c  >&5
configure:13789: $? = 0
configure:13791: ./conftest
configure:13794: $? = 0
configure:13814: result: 4
configure:13821: checking for unsigned long
configure:13851: cc -c -O2  -D_GNU_SOURCE -D_REENTRANT conftest.c >&5
configure:13854: $? = 0
configure:13857: test -s conftest.o
configure:13860: $? = 0
configure:13870: result: yes
configure:13873: checking size of unsigned long
configure:14169: cc -o conftest -O2  -D_GNU_SOURCE -D_REENTRANT  conftest.c  >&5
configure:14172: $? = 0
configure:14174: ./conftest
configure:14177: $? = 0
configure:14197: result: 4
configure:14204: checking for size_t
configure:14234: cc -c -O2  -D_GNU_SOURCE -D_REENTRANT conftest.c >&5
configure:14237: $? = 0
configure:14240: test -s conftest.o
configure:14243: $? = 0
configure:14253: result: yes
configure:14256: checking size of size_t
configure:14552: cc -o conftest -O2  -D_GNU_SOURCE -D_REENTRANT  conftest.c  >&5
configure:14555: $? = 0
configure:14557: ./conftest
configure:14560: $? = 0
configure:14580: result: 4
configure:14587: checking for char *
configure:14617: cc -c -O2  -D_GNU_SOURCE -D_REENTRANT conftest.c >&5
configure:14620: $? = 0
configure:14623: test -s conftest.o
configure:14626: $? = 0
configure:14636: result: yes
configure:14639: checking size of char *
configure:14935: cc -o conftest -O2  -D_GNU_SOURCE -D_REENTRANT  conftest.c  >&5
configure:14938: $? = 0
configure:14940: ./conftest
configure:14943: $? = 0
configure:14963: result: 4
configure:14973: checking for off_t
configure:15003: cc -c -O2  -D_GNU_SOURCE -D_REENTRANT conftest.c >&5
configure:15006: $? = 0
configure:15009: test -s conftest.o
configure:15012: $? = 0
configure:15022: result: yes
configure:15031: checking for size_t
configure:15080: result: yes
configure:15092: checking for u_char
configure:15122: cc -c -O2  -D_GNU_SOURCE -D_REENTRANT conftest.c >&5
configure:15125: $? = 0
configure:15128: test -s conftest.o
configure:15131: $? = 0
configure:15141: result: yes
configure:15149: checking for u_short
configure:15179: cc -c -O2  -D_GNU_SOURCE -D_REENTRANT conftest.c >&5
configure:15182: $? = 0
configure:15185: test -s conftest.o
configure:15188: $? = 0
configure:15198: result: yes
configure:15206: checking for u_int
configure:15236: cc -c -O2  -D_GNU_SOURCE -D_REENTRANT conftest.c >&5
configure:15239: $? = 0
configure:15242: test -s conftest.o
configure:15245: $? = 0
configure:15255: result: yes
configure:15263: checking for u_long
configure:15293: cc -c -O2  -D_GNU_SOURCE -D_REENTRANT conftest.c >&5
configure:15296: $? = 0
configure:15299: test -s conftest.o
configure:15302: $? = 0
configure:15312: result: yes
configure:15320: checking for u_int8_t
configure:15350: cc -c -O2  -D_GNU_SOURCE -D_REENTRANT conftest.c >&5
configure:15353: $? = 0
configure:15356: test -s conftest.o
configure:15359: $? = 0
configure:15369: result: yes
configure:15391: checking for u_int16_t
configure:15421: cc -c -O2  -D_GNU_SOURCE -D_REENTRANT conftest.c >&5
configure:15424: $? = 0
configure:15427: test -s conftest.o
configure:15430: $? = 0
configure:15440: result: yes
configure:15462: checking for int16_t
configure:15492: cc -c -O2  -D_GNU_SOURCE -D_REENTRANT conftest.c >&5
configure:15495: $? = 0
configure:15498: test -s conftest.o
configure:15501: $? = 0
configure:15511: result: yes
configure:15533: checking for u_int32_t
configure:15563: cc -c -O2  -D_GNU_SOURCE -D_REENTRANT conftest.c >&5
configure:15566: $? = 0
configure:15569: test -s conftest.o
configure:15572: $? = 0
configure:15582: result: yes
configure:15604: checking for int32_t
configure:15634: cc -c -O2  -D_GNU_SOURCE -D_REENTRANT conftest.c >&5
configure:15637: $? = 0
configure:15640: test -s conftest.o
configure:15643: $? = 0
configure:15653: result: yes
configure:15677: checking for ssize_t
configure:15707: cc -c -O2  -D_GNU_SOURCE -D_REENTRANT conftest.c >&5
configure:15710: $? = 0
configure:15713: test -s conftest.o
configure:15716: $? = 0
configure:15726: result: yes
configure:15749: checking for unsigned long long
configure:15779: cc -c -O2  -D_GNU_SOURCE -D_REENTRANT conftest.c >&5
configure:15782: $? = 0
configure:15785: test -s conftest.o
configure:15788: $? = 0
configure:15798: result: yes
configure:15827: checking for ANSI C exit success/failure values
configure:15852: cc -c -O2  -D_GNU_SOURCE -D_REENTRANT conftest.c >&5
configure:15855: $? = 0
configure:15858: test -s conftest.o
configure:15861: $? = 0
configure:15871: result: yes
configure:15885: checking for sched_yield
configure:15928: cc -o conftest -O2  -D_GNU_SOURCE -D_REENTRANT  conftest.c  >&5
configure:15931: $? = 0
configure:15934: test -s conftest
configure:15937: $? = 0
configure:15947: result: yes
configure:16070: checking for main in -lpthread
configure:16097: cc -o conftest -O2  -D_GNU_SOURCE -D_REENTRANT  conftest.c -lpthread   >&5
configure:16100: $? = 0
configure:16103: test -s conftest
configure:16106: $? = 0
configure:16117: result: yes
configure:16128: checking for main in -lm
configure:16155: cc -o conftest -O2  -D_GNU_SOURCE -D_REENTRANT  conftest.c -lm   >&5
configure:16158: $? = 0
configure:16161: test -s conftest
configure:16164: $? = 0
configure:16175: result: yes
configure:16182: checking for main in -lsocket
configure:16209: cc -o conftest -O2  -D_GNU_SOURCE -D_REENTRANT  conftest.c -lsocket   >&5
/usr/lib/gcc-lib/i386-redhat-linux/3.2/../../../../i386-redhat-linux/bin/ld: cannot find -lsocket
collect2: ld returned 1 exit status
configure:16212: $? = 1
configure: failed program was:
#line 16189 "configure"
#include "confdefs.h"


#ifdef F77_DUMMY_MAIN
#  ifdef __cplusplus
     extern "C"
#  endif
   int F77_DUMMY_MAIN() { return 1; }
#endif
int
main ()
{
main ();
  ;
  return 0;
}
configure:16229: result: no
configure:16236: checking for main in -lnsl
configure:16263: cc -o conftest -O2  -D_GNU_SOURCE -D_REENTRANT  conftest.c -lnsl   >&5
configure:16266: $? = 0
configure:16269: test -s conftest
configure:16272: $? = 0
configure:16283: result: yes
configure:16304: checking for mutexes
configure:16548: cc -o conftest -O2  -D_GNU_SOURCE -D_REENTRANT  conftest.c  >&5
/tmp/ccs02Gnk.o: In function `main':
/tmp/ccs02Gnk.o(.text+0x2a): undefined reference to `pthread_condattr_setpshared'
/tmp/ccs02Gnk.o(.text+0x3e): undefined reference to `pthread_mutexattr_init'
/tmp/ccs02Gnk.o(.text+0x52): undefined reference to `pthread_mutexattr_setpshared'
/tmp/ccs02Gnk.o(.text+0xca): undefined reference to `pthread_mutexattr_destroy'
collect2: ld returned 1 exit status
configure:16551: $? = 1
configure: program exited with status 1
configure: failed program was:
#line 16522 "configure"
#include "confdefs.h"

#include <pthread.h>
main() {
	pthread_cond_t cond;
	pthread_mutex_t mutex;
	pthread_condattr_t condattr;
	pthread_mutexattr_t mutexattr;
	exit (
	pthread_condattr_init(&condattr) ||
	pthread_condattr_setpshared(&condattr, PTHREAD_PROCESS_SHARED) ||
	pthread_mutexattr_init(&mutexattr) ||
	pthread_mutexattr_setpshared(&mutexattr, PTHREAD_PROCESS_SHARED) ||
	pthread_cond_init(&cond, &condattr) ||
	pthread_mutex_init(&mutex, &mutexattr) ||
	pthread_mutex_lock(&mutex) ||
	pthread_mutex_unlock(&mutex) ||
	pthread_mutex_destroy(&mutex) ||
	pthread_cond_destroy(&cond) ||
	pthread_condattr_destroy(&condattr) ||
	pthread_mutexattr_destroy(&mutexattr));
}
configure:16600: cc -o conftest -O2  -D_GNU_SOURCE -D_REENTRANT  conftest.c  -lpthread >&5
configure:16603: $? = 0
configure:16605: ./conftest
configure:16608: $? = 1
configure: program exited with status 1
configure: failed program was:
#line 16574 "configure"
#include "confdefs.h"

#include <pthread.h>
main() {
	pthread_cond_t cond;
	pthread_mutex_t mutex;
	pthread_condattr_t condattr;
	pthread_mutexattr_t mutexattr;
	exit (
	pthread_condattr_init(&condattr) ||
	pthread_condattr_setpshared(&condattr, PTHREAD_PROCESS_SHARED) ||
	pthread_mutexattr_init(&mutexattr) ||
	pthread_mutexattr_setpshared(&mutexattr, PTHREAD_PROCESS_SHARED) ||
	pthread_cond_init(&cond, &condattr) ||
	pthread_mutex_init(&mutex, &mutexattr) ||
	pthread_mutex_lock(&mutex) ||
	pthread_mutex_unlock(&mutex) ||
	pthread_mutex_destroy(&mutex) ||
	pthread_cond_destroy(&cond) ||
	pthread_condattr_destroy(&condattr) ||
	pthread_mutexattr_destroy(&mutexattr));
}
configure:16701: cc -o conftest -O2  -D_GNU_SOURCE -D_REENTRANT  conftest.c  >&5
/tmp/ccQZXy8W.o: In function `main':
/tmp/ccQZXy8W.o(.text+0x28): undefined reference to `pthread_mutexattr_init'
/tmp/ccQZXy8W.o(.text+0x9e): undefined reference to `pthread_mutexattr_destroy'
collect2: ld returned 1 exit status
configure:16704: $? = 1
configure: program exited with status 1
configure: failed program was:
#line 16677 "configure"
#include "confdefs.h"

#include <pthread.h>
main() {
	pthread_cond_t cond;
	pthread_mutex_t mutex;
	pthread_condattr_t condattr;
	pthread_mutexattr_t mutexattr;
	exit (
	pthread_condattr_init(&condattr) ||
	pthread_mutexattr_init(&mutexattr) ||
	pthread_cond_init(&cond, &condattr) ||
	pthread_mutex_init(&mutex, &mutexattr) ||
	pthread_mutex_lock(&mutex) ||
	pthread_mutex_unlock(&mutex) ||
	pthread_mutex_destroy(&mutex) ||
	pthread_cond_destroy(&cond) ||
	pthread_condattr_destroy(&condattr) ||
	pthread_mutexattr_destroy(&mutexattr));
}
configure:16803: cc -o conftest -O2  -D_GNU_SOURCE -D_REENTRANT  conftest.c  -lpthread >&5
configure:16806: $? = 0
configure:16808: ./conftest
configure:16811: $? = 0
configure:17731: result: POSIX/pthreads/library/private
configure:18001: checking for getcwd
configure:18044: cc -o conftest -O2  -D_GNU_SOURCE -D_REENTRANT  conftest.c  -lpthread >&5
configure:18047: $? = 0
configure:18050: test -s conftest
configure:18053: $? = 0
configure:18063: result: yes
configure:18001: checking for getopt
configure:18044: cc -o conftest -O2  -D_GNU_SOURCE -D_REENTRANT  conftest.c  -lpthread >&5
configure:18047: $? = 0
configure:18050: test -s conftest
configure:18053: $? = 0
configure:18063: result: yes
configure:18001: checking for memcmp
configure:18044: cc -o conftest -O2  -D_GNU_SOURCE -D_REENTRANT  conftest.c  -lpthread >&5
configure:18016: warning: conflicting types for built-in function `memcmp'
configure:18047: $? = 0
configure:18050: test -s conftest
configure:18053: $? = 0
configure:18063: result: yes
configure:18001: checking for memcpy
configure:18044: cc -o conftest -O2  -D_GNU_SOURCE -D_REENTRANT  conftest.c  -lpthread >&5
configure:18016: warning: conflicting types for built-in function `memcpy'
configure:18047: $? = 0
configure:18050: test -s conftest
configure:18053: $? = 0
configure:18063: result: yes
configure:18001: checking for memmove
configure:18044: cc -o conftest -O2  -D_GNU_SOURCE -D_REENTRANT  conftest.c  -lpthread >&5
configure:18047: $? = 0
configure:18050: test -s conftest
configure:18053: $? = 0
configure:18063: result: yes
configure:18001: checking for raise
configure:18044: cc -o conftest -O2  -D_GNU_SOURCE -D_REENTRANT  conftest.c  -lpthread >&5
configure:18047: $? = 0
configure:18050: test -s conftest
configure:18053: $? = 0
configure:18063: result: yes
configure:18084: checking for snprintf
configure:18127: cc -o conftest -O2  -D_GNU_SOURCE -D_REENTRANT  conftest.c  -lpthread >&5
configure:18130: $? = 0
configure:18133: test -s conftest
configure:18136: $? = 0
configure:18146: result: yes
configure:18084: checking for strcasecmp
configure:18127: cc -o conftest -O2  -D_GNU_SOURCE -D_REENTRANT  conftest.c  -lpthread >&5
configure:18130: $? = 0
configure:18133: test -s conftest
configure:18136: $? = 0
configure:18146: result: yes
configure:18084: checking for strdup
configure:18127: cc -o conftest -O2  -D_GNU_SOURCE -D_REENTRANT  conftest.c  -lpthread >&5
configure:18130: $? = 0
configure:18133: test -s conftest
configure:18136: $? = 0
configure:18146: result: yes
configure:18084: checking for strerror
configure:18127: cc -o conftest -O2  -D_GNU_SOURCE -D_REENTRANT  conftest.c  -lpthread >&5
configure:18130: $? = 0
configure:18133: test -s conftest
configure:18136: $? = 0
configure:18146: result: yes
configure:18084: checking for vsnprintf
configure:18127: cc -o conftest -O2  -D_GNU_SOURCE -D_REENTRANT  conftest.c  -lpthread >&5
configure:18130: $? = 0
configure:18133: test -s conftest
configure:18136: $? = 0
configure:18146: result: yes
configure:18169: checking for _fstati64
configure:18212: cc -o conftest -O2  -D_GNU_SOURCE -D_REENTRANT  conftest.c  -lpthread >&5
/tmp/ccG3GPDv.o: In function `main':
/tmp/ccG3GPDv.o(.text+0xf): undefined reference to `_fstati64'
collect2: ld returned 1 exit status
configure:18215: $? = 1
configure: failed program was:
#line 18174 "configure"
#include "confdefs.h"
/* System header to define __stub macros and hopefully few prototypes,
    which can conflict with char _fstati64 (); below.  */
#include <assert.h>
/* Override any gcc2 internal prototype to avoid an error.  */
#ifdef __cplusplus
extern "C"
#endif
/* We use char because int might match the return type of a gcc2
   builtin and then its argument prototype would still apply.  */
char _fstati64 ();
char (*f) ();

#ifdef F77_DUMMY_MAIN
#  ifdef __cplusplus
     extern "C"
#  endif
   int F77_DUMMY_MAIN() { return 1; }
#endif
int
main ()
{
/* The GNU C library defines this for functions which it implements
    to always fail with ENOSYS.  Some functions are actually named
    something starting with __ and the normal name is an alias.  */
#if defined (__stub__fstati64) || defined (__stub____fstati64)
choke me
#else
f = _fstati64;
#endif

  ;
  return 0;
}
configure:18231: result: no
configure:18169: checking for clock_gettime
configure:18212: cc -o conftest -O2  -D_GNU_SOURCE -D_REENTRANT  conftest.c  -lpthread >&5
/tmp/cccKBsvR.o: In function `main':
/tmp/cccKBsvR.o(.text+0xf): undefined reference to `clock_gettime'
collect2: ld returned 1 exit status
configure:18215: $? = 1
configure: failed program was:
#line 18174 "configure"
#include "confdefs.h"
/* System header to define __stub macros and hopefully few prototypes,
    which can conflict with char clock_gettime (); below.  */
#include <assert.h>
/* Override any gcc2 internal prototype to avoid an error.  */
#ifdef __cplusplus
extern "C"
#endif
/* We use char because int might match the return type of a gcc2
   builtin and then its argument prototype would still apply.  */
char clock_gettime ();
char (*f) ();

#ifdef F77_DUMMY_MAIN
#  ifdef __cplusplus
     extern "C"
#  endif
   int F77_DUMMY_MAIN() { return 1; }
#endif
int
main ()
{
/* The GNU C library defines this for functions which it implements
    to always fail with ENOSYS.  Some functions are actually named
    something starting with __ and the normal name is an alias.  */
#if defined (__stub_clock_gettime) || defined (__stub___clock_gettime)
choke me
#else
f = clock_gettime;
#endif

  ;
  return 0;
}
configure:18231: result: no
configure:18169: checking for directio
configure:18212: cc -o conftest -O2  -D_GNU_SOURCE -D_REENTRANT  conftest.c  -lpthread >&5
/tmp/ccIS0nvd.o: In function `main':
/tmp/ccIS0nvd.o(.text+0xf): undefined reference to `directio'
collect2: ld returned 1 exit status
configure:18215: $? = 1
configure: failed program was:
#line 18174 "configure"
#include "confdefs.h"
/* System header to define __stub macros and hopefully few prototypes,
    which can conflict with char directio (); below.  */
#include <assert.h>
/* Override any gcc2 internal prototype to avoid an error.  */
#ifdef __cplusplus
extern "C"
#endif
/* We use char because int might match the return type of a gcc2
   builtin and then its argument prototype would still apply.  */
char directio ();
char (*f) ();

#ifdef F77_DUMMY_MAIN
#  ifdef __cplusplus
     extern "C"
#  endif
   int F77_DUMMY_MAIN() { return 1; }
#endif
int
main ()
{
/* The GNU C library defines this for functions which it implements
    to always fail with ENOSYS.  Some functions are actually named
    something starting with __ and the normal name is an alias.  */
#if defined (__stub_directio) || defined (__stub___directio)
choke me
#else
f = directio;
#endif

  ;
  return 0;
}
configure:18231: result: no
configure:18169: checking for gettimeofday
configure:18212: cc -o conftest -O2  -D_GNU_SOURCE -D_REENTRANT  conftest.c  -lpthread >&5
configure:18215: $? = 0
configure:18218: test -s conftest
configure:18221: $? = 0
configure:18231: result: yes
configure:18169: checking for getuid
configure:18212: cc -o conftest -O2  -D_GNU_SOURCE -D_REENTRANT  conftest.c  -lpthread >&5
configure:18215: $? = 0
configure:18218: test -s conftest
configure:18221: $? = 0
configure:18231: result: yes
configure:18250: checking for pstat_getdynamic
configure:18293: cc -o conftest -O2  -D_GNU_SOURCE -D_REENTRANT  conftest.c  -lpthread >&5
/tmp/ccWSoCp4.o: In function `main':
/tmp/ccWSoCp4.o(.text+0xf): undefined reference to `pstat_getdynamic'
collect2: ld returned 1 exit status
configure:18296: $? = 1
configure: failed program was:
#line 18255 "configure"
#include "confdefs.h"
/* System header to define __stub macros and hopefully few prototypes,
    which can conflict with char pstat_getdynamic (); below.  */
#include <assert.h>
/* Override any gcc2 internal prototype to avoid an error.  */
#ifdef __cplusplus
extern "C"
#endif
/* We use char because int might match the return type of a gcc2
   builtin and then its argument prototype would still apply.  */
char pstat_getdynamic ();
char (*f) ();

#ifdef F77_DUMMY_MAIN
#  ifdef __cplusplus
     extern "C"
#  endif
   int F77_DUMMY_MAIN() { return 1; }
#endif
int
main ()
{
/* The GNU C library defines this for functions which it implements
    to always fail with ENOSYS.  Some functions are actually named
    something starting with __ and the normal name is an alias.  */
#if defined (__stub_pstat_getdynamic) || defined (__stub___pstat_getdynamic)
choke me
#else
f = pstat_getdynamic;
#endif

  ;
  return 0;
}
configure:18312: result: no
configure:18250: checking for sched_yield
configure:18312: result: yes
configure:18250: checking for select
configure:18293: cc -o conftest -O2  -D_GNU_SOURCE -D_REENTRANT  conftest.c  -lpthread >&5
configure:18296: $? = 0
configure:18299: test -s conftest
configure:18302: $? = 0
configure:18312: result: yes
configure:18250: checking for strtoul
configure:18293: cc -o conftest -O2  -D_GNU_SOURCE -D_REENTRANT  conftest.c  -lpthread >&5
configure:18296: $? = 0
configure:18299: test -s conftest
configure:18302: $? = 0
configure:18312: result: yes
configure:18250: checking for sysconf
configure:18293: cc -o conftest -O2  -D_GNU_SOURCE -D_REENTRANT  conftest.c  -lpthread >&5
configure:18296: $? = 0
configure:18299: test -s conftest
configure:18302: $? = 0
configure:18312: result: yes
configure:18250: checking for yield
configure:18293: cc -o conftest -O2  -D_GNU_SOURCE -D_REENTRANT  conftest.c  -lpthread >&5
/tmp/ccezUUyl.o: In function `main':
/tmp/ccezUUyl.o(.text+0xf): undefined reference to `yield'
collect2: ld returned 1 exit status
configure:18296: $? = 1
configure: failed program was:
#line 18255 "configure"
#include "confdefs.h"
/* System header to define __stub macros and hopefully few prototypes,
    which can conflict with char yield (); below.  */
#include <assert.h>
/* Override any gcc2 internal prototype to avoid an error.  */
#ifdef __cplusplus
extern "C"
#endif
/* We use char because int might match the return type of a gcc2
   builtin and then its argument prototype would still apply.  */
char yield ();
char (*f) ();

#ifdef F77_DUMMY_MAIN
#  ifdef __cplusplus
     extern "C"
#  endif
   int F77_DUMMY_MAIN() { return 1; }
#endif
int
main ()
{
/* The GNU C library defines this for functions which it implements
    to always fail with ENOSYS.  Some functions are actually named
    something starting with __ and the normal name is an alias.  */
#if defined (__stub_yield) || defined (__stub___yield)
choke me
#else
f = yield;
#endif

  ;
  return 0;
}
configure:18312: result: no
configure:18329: checking for qsort
configure:18372: cc -o conftest -O2  -D_GNU_SOURCE -D_REENTRANT  conftest.c  -lpthread >&5
configure:18375: $? = 0
configure:18378: test -s conftest
configure:18381: $? = 0
configure:18391: result: yes
configure:18417: checking for pread
configure:18460: cc -o conftest -O2  -D_GNU_SOURCE -D_REENTRANT  conftest.c  -lpthread >&5
configure:18463: $? = 0
configure:18466: test -s conftest
configure:18469: $? = 0
configure:18479: result: yes
configure:18417: checking for pwrite
configure:18460: cc -o conftest -O2  -D_GNU_SOURCE -D_REENTRANT  conftest.c  -lpthread >&5
configure:18463: $? = 0
configure:18466: test -s conftest
configure:18469: $? = 0
configure:18479: result: yes
configure:18492: checking for fcntl/F_SETFD
configure:18521: cc -o conftest -O2  -D_GNU_SOURCE -D_REENTRANT  conftest.c  -lpthread >&5
configure:18524: $? = 0
configure:18527: test -s conftest
configure:18530: $? = 0
configure:18540: result: yes
configure:18557: checking for open/O_DIRECT
configure:18619: cc -o conftest -O2  -D_GNU_SOURCE -D_REENTRANT  conftest.c  -lpthread >&5
configure:18622: $? = 0
configure:18624: ./conftest
configure:18627: $? = 1
configure: program exited with status 1
configure: failed program was:
#line 18607 "configure"
#include "confdefs.h"

#include <sys/types.h>
#include <fcntl.h>
main() {
int c, fd = open("__o_direct_file", O_RDONLY | O_DIRECT, 0);
exit ((fd == -1) || (read(fd, &c, 1) != 1));
}
configure:18641: result: no
configure:18660: checking for special C compiler options needed for large files
configure:18740: result: no
configure:18746: checking for _FILE_OFFSET_BITS value needed for large files
configure:18780: cc -c -O2  -D_GNU_SOURCE -D_REENTRANT conftest.c >&5
configure:18760: warning: left shift count >= width of type
configure:18760: warning: left shift count >= width of type
configure:18762: size of array `off_t_is_large' is negative
configure:18783: $? = 1
configure: failed program was:
#line 18753 "configure"
#include "confdefs.h"
#include <sys/types.h>
 /* Check that off_t can represent 2**63 - 1 correctly.
    We can't simply define LARGE_OFF_T to be 9223372036854775807,
    since some C++ compilers masquerading as C compilers
    incorrectly reject 9223372036854775807.  */
#define LARGE_OFF_T (((off_t) 1 << 62) - 1 + ((off_t) 1 << 62))
  int off_t_is_large[(LARGE_OFF_T % 2147483629 == 721
		       && LARGE_OFF_T % 2147483647 == 1)
		      ? 1 : -1];
#ifdef F77_DUMMY_MAIN
#  ifdef __cplusplus
     extern "C"
#  endif
   int F77_DUMMY_MAIN() { return 1; }
#endif
int
main ()
{

  ;
  return 0;
}
configure:18825: cc -c -O2  -D_GNU_SOURCE -D_REENTRANT conftest.c >&5
configure:18828: $? = 0
configure:18831: test -s conftest.o
configure:18834: $? = 0
configure:18845: result: 64
configure:18855: checking for _LARGE_FILES value needed for large files
configure:18889: cc -c -O2  -D_GNU_SOURCE -D_REENTRANT conftest.c >&5
configure:18892: $? = 0
configure:18895: test -s conftest.o
configure:18898: $? = 0
configure:18954: result: no
configure:19073: checking for mlock
configure:19116: cc -o conftest -O2  -D_GNU_SOURCE -D_REENTRANT  conftest.c  -lpthread >&5
configure:19119: $? = 0
configure:19122: test -s conftest
configure:19125: $? = 0
configure:19135: result: yes
configure:19073: checking for munlock
configure:19116: cc -o conftest -O2  -D_GNU_SOURCE -D_REENTRANT  conftest.c  -lpthread >&5
configure:19119: $? = 0
configure:19122: test -s conftest
configure:19125: $? = 0
configure:19135: result: yes
configure:19150: checking for mmap
configure:19193: cc -o conftest -O2  -D_GNU_SOURCE -D_REENTRANT  conftest.c  -lpthread >&5
configure:19196: $? = 0
configure:19199: test -s conftest
configure:19202: $? = 0
configure:19212: result: yes
configure:19150: checking for munmap
configure:19193: cc -o conftest -O2  -D_GNU_SOURCE -D_REENTRANT  conftest.c  -lpthread >&5
configure:19196: $? = 0
configure:19199: test -s conftest
configure:19202: $? = 0
configure:19212: result: yes
configure:19241: checking for shmget
configure:19284: cc -o conftest -O2  -D_GNU_SOURCE -D_REENTRANT  conftest.c  -lpthread >&5
configure:19287: $? = 0
configure:19290: test -s conftest
configure:19293: $? = 0
configure:19303: result: yes
configure:19468: creating ./config.status

## ---------------------- ##
## Running config.status. ##
## ---------------------- ##

This file was extended by Berkeley DB config.status 4.1.24, which was
generated by GNU Autoconf 2.53.  Invocation command line was

  CONFIG_FILES    = 
  CONFIG_HEADERS  = 
  CONFIG_LINKS    = 
  CONFIG_COMMANDS = 
  $ ./config.status 

on yarmouth.devel.redhat.com

config.status:685: creating Makefile
config.status:685: creating db_cxx.h
config.status:685: creating db_int.h
config.status:685: creating include.tcl
config.status:685: creating db.h
config.status:782: creating db_config.h

## ---------------- ##
## Cache variables. ##
## ---------------- ##

ac_ct_db_cv_path_ar=ar
ac_ct_db_cv_path_chmod=chmod
ac_ct_db_cv_path_cp=cp
ac_ct_db_cv_path_ln=ln
ac_ct_db_cv_path_mkdir=mkdir
ac_ct_db_cv_path_rm=rm
ac_cv_build=i686-pc-linux-gnu
ac_cv_build_alias=i686-pc-linux-gnu
ac_cv_c_compiler_gnu=yes
ac_cv_c_const=yes
ac_cv_env_CC_set=
ac_cv_env_CC_value=
ac_cv_env_CFLAGS_set=
ac_cv_env_CFLAGS_value=
ac_cv_env_CPPFLAGS_set=
ac_cv_env_CPPFLAGS_value=
ac_cv_env_CPP_set=
ac_cv_env_CPP_value=
ac_cv_env_CXXFLAGS_set=
ac_cv_env_CXXFLAGS_value=
ac_cv_env_CXX_set=
ac_cv_env_CXX_value=
ac_cv_env_LDFLAGS_set=
ac_cv_env_LDFLAGS_value=
ac_cv_env_build_alias_set=
ac_cv_env_build_alias_value=
ac_cv_env_host_alias_set=
ac_cv_env_host_alias_value=
ac_cv_env_target_alias_set=
ac_cv_env_target_alias_value=
ac_cv_exeext=
ac_cv_func__fstati64=no
ac_cv_func_clock_gettime=no
ac_cv_func_directio=no
ac_cv_func_getcwd=yes
ac_cv_func_getopt=yes
ac_cv_func_gettimeofday=yes
ac_cv_func_getuid=yes
ac_cv_func_memcmp=yes
ac_cv_func_memcpy=yes
ac_cv_func_memmove=yes
ac_cv_func_mlock=yes
ac_cv_func_mmap=yes
ac_cv_func_munlock=yes
ac_cv_func_munmap=yes
ac_cv_func_pread=yes
ac_cv_func_pstat_getdynamic=no
ac_cv_func_pwrite=yes
ac_cv_func_qsort=yes
ac_cv_func_raise=yes
ac_cv_func_sched_yield=yes
ac_cv_func_select=yes
ac_cv_func_shmget=yes
ac_cv_func_snprintf=yes
ac_cv_func_strcasecmp=yes
ac_cv_func_strdup=yes
ac_cv_func_strerror=yes
ac_cv_func_strtoul=yes
ac_cv_func_sysconf=yes
ac_cv_func_vsnprintf=yes
ac_cv_func_yield=no
ac_cv_header_dirent_dirent_h=yes
ac_cv_header_dlfcn_h=yes
ac_cv_header_inttypes_h=yes
ac_cv_header_memory_h=yes
ac_cv_header_stat_broken=no
ac_cv_header_stdc=yes
ac_cv_header_stdint_h=yes
ac_cv_header_stdlib_h=yes
ac_cv_header_string_h=yes
ac_cv_header_strings_h=yes
ac_cv_header_sys_select_h=yes
ac_cv_header_sys_stat_h=yes
ac_cv_header_sys_time_h=yes
ac_cv_header_sys_types_h=yes
ac_cv_header_time=yes
ac_cv_header_unistd_h=yes
ac_cv_host=i686-pc-linux-gnu
ac_cv_host_alias=i686-pc-linux-gnu
ac_cv_lib_m=ac_cv_lib_m_main
ac_cv_lib_m_main=yes
ac_cv_lib_nsl=ac_cv_lib_nsl_main
ac_cv_lib_nsl_main=yes
ac_cv_lib_pthread=ac_cv_lib_pthread_main
ac_cv_lib_pthread_main=yes
ac_cv_lib_socket=ac_cv_lib_socket_main
ac_cv_lib_socket_main=no
ac_cv_member_struct_stat_st_blksize=yes
ac_cv_objext=o
ac_cv_path_db_cv_path_ranlib=/usr/bin/ranlib
ac_cv_path_db_cv_path_sh=/bin/sh
ac_cv_path_db_cv_path_strip=/usr/bin/strip
ac_cv_path_install='/usr/bin/install -c'
ac_cv_prog_CPP='cc -E'
ac_cv_prog_ac_ct_CC=cc
ac_cv_prog_ac_ct_RANLIB=ranlib
ac_cv_prog_ac_ct_STRIP=strip
ac_cv_prog_ac_ct_db_cv_path_ar=ar
ac_cv_prog_ac_ct_db_cv_path_chmod=chmod
ac_cv_prog_ac_ct_db_cv_path_cp=cp
ac_cv_prog_ac_ct_db_cv_path_ln=ln
ac_cv_prog_ac_ct_db_cv_path_mkdir=mkdir
ac_cv_prog_ac_ct_db_cv_path_rm=rm
ac_cv_prog_ac_ct_path_ranlib=ranlib
ac_cv_prog_ac_ct_path_sh=sh
ac_cv_prog_ac_ct_path_strip=strip
ac_cv_prog_cc_g=yes
ac_cv_prog_cc_stdc=
ac_cv_search_opendir='none required'
ac_cv_sizeof_char=1
ac_cv_sizeof_char_p=4
ac_cv_sizeof_int=4
ac_cv_sizeof_long=4
ac_cv_sizeof_short=2
ac_cv_sizeof_size_t=4
ac_cv_sizeof_unsigned_char=1
ac_cv_sizeof_unsigned_int=4
ac_cv_sizeof_unsigned_long=4
ac_cv_sizeof_unsigned_short=2
ac_cv_sys_file_offset_bits=64
ac_cv_sys_large_files=no
ac_cv_sys_largefile_CC=no
ac_cv_type_char=yes
ac_cv_type_char_p=yes
ac_cv_type_int=yes
ac_cv_type_int16_t=yes
ac_cv_type_int32_t=yes
ac_cv_type_long=yes
ac_cv_type_off_t=yes
ac_cv_type_short=yes
ac_cv_type_size_t=yes
ac_cv_type_ssize_t=yes
ac_cv_type_u_char=yes
ac_cv_type_u_int=yes
ac_cv_type_u_int16_t=yes
ac_cv_type_u_int32_t=yes
ac_cv_type_u_int8_t=yes
ac_cv_type_u_long=yes
ac_cv_type_u_short=yes
ac_cv_type_unsigned_char=yes
ac_cv_type_unsigned_int=yes
ac_cv_type_unsigned_long=yes
ac_cv_type_unsigned_long_long=yes
ac_cv_type_unsigned_short=yes
db_cv_compat185=no
db_cv_cxx=no
db_cv_debug=no
db_cv_debug_rop=no
db_cv_debug_wop=no
db_cv_diagnostic=no
db_cv_dump185=no
db_cv_embedix=no
db_cv_exit_defines=yes
db_cv_fcntl_f_setfd=yes
db_cv_gcc_2_96=no
db_cv_gxx_except=no
db_cv_java=no
db_cv_mutex=POSIX/pthreads/library/private
db_cv_open_o_direct=no
db_cv_path_ar=ar
db_cv_path_chmod=chmod
db_cv_path_cp=cp
db_cv_path_ln=ln
db_cv_path_mkdir=mkdir
db_cv_path_ranlib=/usr/bin/ranlib
db_cv_path_rm=rm
db_cv_path_sh=/bin/sh
db_cv_path_strip=/usr/bin/strip
db_cv_posixmutexes=yes
db_cv_rpc=no
db_cv_rpm=no
db_cv_tcl=no
db_cv_test=no
db_cv_uimutexes=no
db_cv_umrw=no
db_cv_uniquename=no
lt_cv_archive_cmds_need_lc=no
lt_cv_compiler_c_o=yes
lt_cv_compiler_o_lo=yes
lt_cv_deplibs_check_method=pass_all
lt_cv_file_magic_cmd='$MAGIC_CMD'
lt_cv_file_magic_test_file='/lib/libc.so.6 /lib/libc-2.3.1.so'
lt_cv_global_symbol_to_c_name_address='sed -n -e '\''s/^: \([^ ]*\) $/  {\"\1\", (lt_ptr) 0},/p'\'' -e '\''s/^[BCDEGRST] \([^ ]*\) \([^ ]*\)$/  {"\2", (lt_ptr) \&\2},/p'\'''
lt_cv_global_symbol_to_cdecl='sed -n -e '\''s/^. .* \(.*\)$/extern char \1;/p'\'''
lt_cv_ld_reload_flag=-r
lt_cv_path_LD=/usr/i386-redhat-linux/bin/ld
lt_cv_path_NM='/usr/bin/nm -B'
lt_cv_prog_cc_can_build_shared=yes
lt_cv_prog_cc_no_builtin=
lt_cv_prog_cc_pic=' -fPIC'
lt_cv_prog_cc_pic_works=yes
lt_cv_prog_cc_shlib=
lt_cv_prog_cc_static=-static
lt_cv_prog_cc_static_works=yes
lt_cv_prog_cc_wl=-Wl,
lt_cv_prog_gnu_ld=yes
lt_cv_sys_global_symbol_pipe='sed -n -e '\''s/^.*[ 	]\([ABCDGISTW][ABCDGISTW]*\)[ 	][ 	]*\(\)\([_A-Za-z][_A-Za-z0-9]*\)$/\1 \2\3 \3/p'\'''
lt_cv_sys_path_separator=:

## ----------- ##
## confdefs.h. ##
## ----------- ##

#define PACKAGE_NAME "Berkeley DB"
#define PACKAGE_TARNAME "db-4.1.24"
#define PACKAGE_VERSION "4.1.24"
#define PACKAGE_STRING "Berkeley DB 4.1.24"
#define PACKAGE_BUGREPORT "support@sleepycat.com"
#define STDC_HEADERS 1
#define HAVE_SYS_TYPES_H 1
#define HAVE_SYS_STAT_H 1
#define HAVE_STDLIB_H 1
#define HAVE_STRING_H 1
#define HAVE_MEMORY_H 1
#define HAVE_STRINGS_H 1
#define HAVE_INTTYPES_H 1
#define HAVE_STDINT_H 1
#define HAVE_UNISTD_H 1
#define HAVE_DLFCN_H 1
#define HAVE_CRYPTO 1
#define TIME_WITH_SYS_TIME 1
#define HAVE_DIRENT_H 1
#define HAVE_SYS_SELECT_H 1
#define HAVE_SYS_TIME_H 1
#define HAVE_STRUCT_STAT_ST_BLKSIZE 1
#define SIZEOF_CHAR 1
#define SIZEOF_UNSIGNED_CHAR 1
#define SIZEOF_SHORT 2
#define SIZEOF_UNSIGNED_SHORT 2
#define SIZEOF_INT 4
#define SIZEOF_UNSIGNED_INT 4
#define SIZEOF_LONG 4
#define SIZEOF_UNSIGNED_LONG 4
#define SIZEOF_SIZE_T 4
#define SIZEOF_CHAR_P 4
#define HAVE_EXIT_SUCCESS 1
#define HAVE_MUTEX_PTHREADS 1
#define HAVE_MUTEX_THREAD_ONLY 1
#define HAVE_MUTEX_THREADS 1
#define HAVE_GETCWD 1
#define HAVE_GETOPT 1
#define HAVE_MEMCMP 1
#define HAVE_MEMCPY 1
#define HAVE_MEMMOVE 1
#define HAVE_RAISE 1
#define HAVE_SNPRINTF 1
#define HAVE_STRCASECMP 1
#define HAVE_STRDUP 1
#define HAVE_STRERROR 1
#define HAVE_VSNPRINTF 1
#define HAVE_GETTIMEOFDAY 1
#define HAVE_GETUID 1
#define HAVE_SCHED_YIELD 1
#define HAVE_SELECT 1
#define HAVE_STRTOUL 1
#define HAVE_SYSCONF 1
#define HAVE_QSORT 1
#define HAVE_PREAD 1
#define HAVE_PWRITE 1
#define HAVE_FCNTL_F_SETFD 1
#define _FILE_OFFSET_BITS 64
#define HAVE_MLOCK 1
#define HAVE_MUNLOCK 1
#define HAVE_MMAP 1
#define HAVE_MUNMAP 1
#define HAVE_SHMGET 1

configure: exit 0
